This file contains any messages produced by compilers while
running configure, to aid debugging if configure makes a mistake.

It was created by gettext-examples configure UNKNOWN, which was
generated by GNU Autoconf 2.69.  Invocation command line was

  $ ./configure --disable-option-checking --prefix=/usr/local --disable-docs --cache-file=/dev/null --srcdir=.

## --------- ##
## Platform. ##
## --------- ##

hostname = arun-GL65-Leopard-10SEK
uname -m = x86_64
uname -r = 5.15.0-52-generic
uname -s = Linux
uname -v = #58~20.04.1-Ubuntu SMP Thu Oct 13 13:09:46 UTC 2022

/usr/bin/uname -p = x86_64
/bin/uname -X     = unknown

/bin/arch              = x86_64
/usr/bin/arch -k       = unknown
/usr/convex/getsysinfo = unknown
/usr/bin/hostinfo      = unknown
/bin/machine           = unknown
/usr/bin/oslevel       = unknown
/bin/universe          = unknown

PATH: /home/linuxbrew/.linuxbrew/bin
PATH: /home/linuxbrew/.linuxbrew/sbin
PATH: /usr/local/sbin
PATH: /usr/local/bin
PATH: /usr/sbin
PATH: /usr/bin
PATH: /sbin
PATH: /bin
PATH: /usr/games
PATH: /usr/local/games
PATH: /snap/bin
PATH: /home/arun/codeql_/codeql
PATH: /home/linuxbrew/.linuxbrew/bin/


## ----------- ##
## Core tests. ##
## ----------- ##

configure:1778: checking for a BSD-compatible install
configure:1846: result: /usr/bin/install -c
configure:1857: checking whether build environment is sane
configure:1912: result: yes
configure:2061: checking for a thread-safe mkdir -p
configure:2100: result: /usr/bin/mkdir -p
configure:2107: checking for gawk
configure:2137: result: no
configure:2107: checking for mawk
configure:2123: found /usr/bin/mawk
configure:2134: result: mawk
configure:2145: checking whether make sets $(MAKE)
configure:2167: result: yes
configure:2196: checking whether make supports nested variables
configure:2213: result: yes
configure:2342: checking for a sed that does not truncate output
configure:2406: result: /usr/bin/sed
configure:2412: checking whether NLS is requested
configure:2421: result: yes
configure:2461: checking for msgfmt
configure: trying /home/linuxbrew/.linuxbrew/bin/msgfmt...
0 translated messages.
configure:2493: result: /home/linuxbrew/.linuxbrew/bin/msgfmt
configure:2502: checking for gmsgfmt
configure:2533: result: /home/linuxbrew/.linuxbrew/bin/msgfmt
configure:2578: checking for xgettext
configure: trying /home/linuxbrew/.linuxbrew/bin/xgettext...
/home/linuxbrew/.linuxbrew/bin/xgettext: warning: file '/dev/null' extension '' is unknown; will try C
configure:2610: result: /home/linuxbrew/.linuxbrew/bin/xgettext
configure:2655: checking for msgmerge
configure: trying /home/linuxbrew/.linuxbrew/bin/msgmerge...
/home/linuxbrew/.linuxbrew/bin/msgmerge: error while loading shared libraries: libgomp.so.1: cannot open shared object file: No such file or directory
configure: trying /usr/bin/msgmerge...
configure:2686: result: /usr/bin/msgmerge
configure:2859: checking that generated files are newer than configure
configure:2865: result: done
configure:2873: creating ./config.status

## ---------------------- ##
## Running config.status. ##
## ---------------------- ##

This file was extended by gettext-examples config.status UNKNOWN, which was
generated by GNU Autoconf 2.69.  Invocation command line was

  CONFIG_FILES    = 
  CONFIG_HEADERS  = 
  CONFIG_LINKS    = 
  CONFIG_COMMANDS = 
  $ ./config.status 

on arun-GL65-Leopard-10SEK

config.status:769: creating Makefile
config.status:769: creating installpaths
config.status:769: creating po/Makefile
config.status:941: executing po-directories commands

## ---------------- ##
## Cache variables. ##
## ---------------- ##

ac_cv_env_build_alias_set=
ac_cv_env_build_alias_value=
ac_cv_env_host_alias_set=
ac_cv_env_host_alias_value=
ac_cv_env_target_alias_set=
ac_cv_env_target_alias_value=
ac_cv_path_GMSGFMT=/home/linuxbrew/.linuxbrew/bin/msgfmt
ac_cv_path_MSGFMT=/home/linuxbrew/.linuxbrew/bin/msgfmt
ac_cv_path_MSGMERGE=/usr/bin/msgmerge
ac_cv_path_SED=/usr/bin/sed
ac_cv_path_XGETTEXT=/home/linuxbrew/.linuxbrew/bin/xgettext
ac_cv_path_install='/usr/bin/install -c'
ac_cv_path_mkdir=/usr/bin/mkdir
ac_cv_prog_AWK=mawk
ac_cv_prog_make_make_set=yes
am_cv_make_support_nested_variables=yes

## ----------------- ##
## Output variables. ##
## ----------------- ##

ACLOCAL='${SHELL} /home/arun/Desktop/TakeDownHSS/CodeQL/RealWorldRepos/gettext/build-aux/missing aclocal-1.16'
AMTAR='$${TAR-tar}'
AM_BACKSLASH='\'
AM_DEFAULT_V='$(AM_DEFAULT_VERBOSITY)'
AM_DEFAULT_VERBOSITY='1'
AM_V='$(V)'
AUTOCONF='${SHELL} /home/arun/Desktop/TakeDownHSS/CodeQL/RealWorldRepos/gettext/build-aux/missing autoconf'
AUTOHEADER='${SHELL} /home/arun/Desktop/TakeDownHSS/CodeQL/RealWorldRepos/gettext/build-aux/missing autoheader'
AUTOMAKE='${SHELL} /home/arun/Desktop/TakeDownHSS/CodeQL/RealWorldRepos/gettext/build-aux/missing automake-1.16'
AWK='mawk'
CYGPATH_W='echo'
DEFS='-DPACKAGE_NAME=\"gettext-examples\" -DPACKAGE_TARNAME=\"gettext-examples\" -DPACKAGE_VERSION=\"UNKNOWN\" -DPACKAGE_STRING=\"gettext-examples\ UNKNOWN\" -DPACKAGE_BUGREPORT=\"bug-gettext@gnu.org\" -DPACKAGE_URL=\"\" -DPACKAGE=\"gettext-examples\" -DVERSION=\"UNKNOWN\"'
ECHO_C=''
ECHO_N='-n'
ECHO_T=''
GETTEXT_MACRO_VERSION='0.20'
GMSGFMT='/home/linuxbrew/.linuxbrew/bin/msgfmt'
GMSGFMT_015='/home/linuxbrew/.linuxbrew/bin/msgfmt'
INSTALL_DATA='${INSTALL} -m 644'
INSTALL_PROGRAM='${INSTALL}'
INSTALL_SCRIPT='${INSTALL}'
INSTALL_STRIP_PROGRAM='$(install_sh) -c -s'
LIBOBJS=''
LIBS=''
LTLIBOBJS=''
MAKEINFO='${SHELL} /home/arun/Desktop/TakeDownHSS/CodeQL/RealWorldRepos/gettext/build-aux/missing makeinfo'
MKDIR_P='/usr/bin/mkdir -p'
MSGFMT='/home/linuxbrew/.linuxbrew/bin/msgfmt'
MSGMERGE='/usr/bin/msgmerge'
MSGMERGE_FOR_MSGFMT_OPTION='--no-fuzzy-matching --no-location --quiet'
PACKAGE='gettext-examples'
PACKAGE_BUGREPORT='bug-gettext@gnu.org'
PACKAGE_NAME='gettext-examples'
PACKAGE_STRING='gettext-examples UNKNOWN'
PACKAGE_TARNAME='gettext-examples'
PACKAGE_URL=''
PACKAGE_VERSION='UNKNOWN'
PATH_SEPARATOR=':'
SED='/usr/bin/sed'
SET_MAKE=''
SHELL='/bin/bash'
STRIP=''
USE_NLS='yes'
VERSION='UNKNOWN'
XGETTEXT='/home/linuxbrew/.linuxbrew/bin/xgettext'
XGETTEXT_015='/home/linuxbrew/.linuxbrew/bin/xgettext'
XGETTEXT_EXTRA_OPTIONS=''
aclocaldir='${datadir}/aclocal'
am__isrc=''
am__leading_dot='.'
am__tar='$${TAR-tar} chof - "$$tardir"'
am__untar='$${TAR-tar} xf -'
bindir='${exec_prefix}/bin'
build_alias=''
datadir='${datarootdir}'
datarootdir='${prefix}/share'
docdir='${datarootdir}/doc/gettext'
dvidir='${docdir}'
exec_prefix='${prefix}'
host_alias=''
htmldir='${docdir}'
includedir='${prefix}/include'
infodir='${datarootdir}/info'
install_sh='${SHELL} /home/arun/Desktop/TakeDownHSS/CodeQL/RealWorldRepos/gettext/build-aux/install-sh'
libdir='${exec_prefix}/lib'
libexecdir='${exec_prefix}/libexec'
localedir='${datarootdir}/locale'
localstatedir='${prefix}/var'
mandir='${datarootdir}/man'
mkdir_p='$(MKDIR_P)'
oldincludedir='/usr/include'
pdfdir='${docdir}'
prefix='/usr/local'
program_transform_name='s,x,x,'
psdir='${docdir}'
runstatedir='${localstatedir}/run'
sbindir='${exec_prefix}/sbin'
sharedstatedir='${prefix}/com'
sysconfdir='${prefix}/etc'
target_alias=''

## ----------- ##
## confdefs.h. ##
## ----------- ##

/* confdefs.h */
#define PACKAGE_NAME "gettext-examples"
#define PACKAGE_TARNAME "gettext-examples"
#define PACKAGE_VERSION "UNKNOWN"
#define PACKAGE_STRING "gettext-examples UNKNOWN"
#define PACKAGE_BUGREPORT "bug-gettext@gnu.org"
#define PACKAGE_URL ""
#define PACKAGE "gettext-examples"
#define VERSION "UNKNOWN"

configure: exit 0
