This file contains any messages produced by compilers while
running configure, to aid debugging if configure makes a mistake.

It was created by GNU a2ps configure 4.14, which was
generated by GNU Autoconf 2.69.  Invocation command line was

  $ ./configure 

## --------- ##
## Platform. ##
## --------- ##

hostname = arun-GL65-Leopard-10SEK
uname -m = x86_64
uname -r = 5.15.0-52-generic
uname -s = Linux
uname -v = #58~20.04.1-Ubuntu SMP Thu Oct 13 13:09:46 UTC 2022

/usr/bin/uname -p = x86_64
/bin/uname -X     = unknown

/bin/arch              = x86_64
/usr/bin/arch -k       = unknown
/usr/convex/getsysinfo = unknown
/usr/bin/hostinfo      = unknown
/bin/machine           = unknown
/usr/bin/oslevel       = unknown
/bin/universe          = unknown

PATH: /home/linuxbrew/.linuxbrew/bin
PATH: /home/linuxbrew/.linuxbrew/sbin
PATH: /usr/local/sbin
PATH: /usr/local/bin
PATH: /usr/sbin
PATH: /usr/bin
PATH: /sbin
PATH: /bin
PATH: /usr/games
PATH: /usr/local/games
PATH: /snap/bin
PATH: /home/arun/codeql_/codeql
PATH: /home/linuxbrew/.linuxbrew/bin/


## ----------- ##
## Core tests. ##
## ----------- ##

configure:2405: checking for a BSD-compatible install
configure:2473: result: /usr/bin/install -c
configure:2484: checking whether build environment is sane
configure:2539: result: yes
configure:2688: checking for a thread-safe mkdir -p
configure:2727: result: /usr/bin/mkdir -p
configure:2734: checking for gawk
configure:2764: result: no
configure:2734: checking for mawk
configure:2750: found /usr/bin/mawk
configure:2761: result: mawk
configure:2772: checking whether make sets $(MAKE)
configure:2794: result: yes
configure:2823: checking whether make supports nested variables
configure:2840: result: yes
configure:2992: checking for gawk
configure:3019: result: mawk
configure:3031: checking whether ln -s works
configure:3035: result: yes
configure:3042: checking whether make sets $(MAKE)
configure:3064: result: yes
configure:3089: checking for perl
configure:3107: found /usr/bin/perl
configure:3120: result: /usr/bin/perl
configure:3198: checking for gcc
configure:3214: found /usr/bin/gcc
configure:3225: result: gcc
configure:3454: checking for C compiler version
configure:3463: gcc --version >&5
gcc (Ubuntu 9.4.0-1ubuntu1~20.04.1) 9.4.0
Copyright (C) 2019 Free Software Foundation, Inc.
This is free software; see the source for copying conditions.  There is NO
warranty; not even for MERCHANTABILITY or FITNESS FOR A PARTICULAR PURPOSE.

configure:3474: $? = 0
configure:3463: gcc -v >&5
Using built-in specs.
COLLECT_GCC=gcc
COLLECT_LTO_WRAPPER=/usr/lib/gcc/x86_64-linux-gnu/9/lto-wrapper
OFFLOAD_TARGET_NAMES=nvptx-none:hsa
OFFLOAD_TARGET_DEFAULT=1
Target: x86_64-linux-gnu
Configured with: ../src/configure -v --with-pkgversion='Ubuntu 9.4.0-1ubuntu1~20.04.1' --with-bugurl=file:///usr/share/doc/gcc-9/README.Bugs --enable-languages=c,ada,c++,go,brig,d,fortran,objc,obj-c++,gm2 --prefix=/usr --with-gcc-major-version-only --program-suffix=-9 --program-prefix=x86_64-linux-gnu- --enable-shared --enable-linker-build-id --libexecdir=/usr/lib --without-included-gettext --enable-threads=posix --libdir=/usr/lib --enable-nls --enable-clocale=gnu --enable-libstdcxx-debug --enable-libstdcxx-time=yes --with-default-libstdcxx-abi=new --enable-gnu-unique-object --disable-vtable-verify --enable-plugin --enable-default-pie --with-system-zlib --with-target-system-zlib=auto --enable-objc-gc=auto --enable-multiarch --disable-werror --with-arch-32=i686 --with-abi=m64 --with-multilib-list=m32,m64,mx32 --enable-multilib --with-tune=generic --enable-offload-targets=nvptx-none=/build/gcc-9-Av3uEd/gcc-9-9.4.0/debian/tmp-nvptx/usr,hsa --without-cuda-driver --enable-checking=release --build=x86_64-linux-gnu --host=x86_64-linux-gnu --target=x86_64-linux-gnu
Thread model: posix
gcc version 9.4.0 (Ubuntu 9.4.0-1ubuntu1~20.04.1) 
configure:3474: $? = 0
configure:3463: gcc -V >&5
gcc: error: unrecognized command line option '-V'
gcc: fatal error: no input files
compilation terminated.
configure:3474: $? = 1
configure:3463: gcc -qversion >&5
gcc: error: unrecognized command line option '-qversion'; did you mean '--version'?
gcc: fatal error: no input files
compilation terminated.
configure:3474: $? = 1
configure:3494: checking whether the C compiler works
configure:3516: gcc    conftest.c  >&5
configure:3520: $? = 0
configure:3568: result: yes
configure:3571: checking for C compiler default output file name
configure:3573: result: a.out
configure:3579: checking for suffix of executables
configure:3586: gcc -o conftest    conftest.c  >&5
configure:3590: $? = 0
configure:3612: result: 
configure:3634: checking whether we are cross compiling
configure:3642: gcc -o conftest    conftest.c  >&5
configure:3646: $? = 0
configure:3653: ./conftest
configure:3657: $? = 0
configure:3645: result: no
configure:3650: checking for suffix of object files
configure:3672: gcc -c   conftest.c >&5
configure:3676: $? = 0
configure:3697: result: o
configure:3701: checking whether we are using the GNU C compiler
configure:3720: gcc -c   conftest.c >&5
configure:3720: $? = 0
configure:3729: result: yes
configure:3738: checking whether gcc accepts -g
configure:3758: gcc -c -g  conftest.c >&5
configure:3758: $? = 0
configure:3799: result: yes
configure:3816: checking for gcc option to accept ISO C89
configure:3879: gcc  -c -g -O2  conftest.c >&5
configure:3879: $? = 0
configure:3892: result: none needed
configure:3917: checking whether gcc understands -c and -o together
configure:3939: gcc -c conftest.c -o conftest2.o
configure:3942: $? = 0
configure:3939: gcc -c conftest.c -o conftest2.o
configure:3942: $? = 0
configure:3954: result: yes
configure:3974: checking whether make supports the include directive
configure:3989: make -f confmf.GNU && cat confinc.out
this is the am__doit target
configure:3992: $? = 0
configure:4011: result: yes (GNU style)
configure:4036: checking dependency style of gcc
configure:4147: result: gcc3
configure:4162: checking for gcc option to accept ISO C99
configure:4311: gcc  -c -g -O2  conftest.c >&5
configure:4311: $? = 0
configure:4324: result: none needed
configure:4345: checking how to run the C preprocessor
configure:4376: gcc -E  conftest.c
configure:4376: $? = 0
configure:4390: gcc -E  conftest.c
conftest.c:12:10: fatal error: ac_nonexistent.h: No such file or directory
   12 | #include <ac_nonexistent.h>
      |          ^~~~~~~~~~~~~~~~~~
compilation terminated.
configure:4390: $? = 1
configure: failed program was:
| /* confdefs.h */
| #define PACKAGE_NAME "GNU a2ps"
| #define PACKAGE_TARNAME "a2ps"
| #define PACKAGE_VERSION "4.14"
| #define PACKAGE_STRING "GNU a2ps 4.14"
| #define PACKAGE_BUGREPORT "bug-a2ps@gnu.org"
| #define PACKAGE_URL "http://www.gnu.org/software/a2ps/"
| #define PACKAGE "a2ps"
| #define VERSION "4.14"
| #define GNU_PACKAGE "GNU a2ps"
| /* end confdefs.h.  */
| #include <ac_nonexistent.h>
configure:4415: result: gcc -E
configure:4435: gcc -E  conftest.c
configure:4435: $? = 0
configure:4449: gcc -E  conftest.c
conftest.c:12:10: fatal error: ac_nonexistent.h: No such file or directory
   12 | #include <ac_nonexistent.h>
      |          ^~~~~~~~~~~~~~~~~~
compilation terminated.
configure:4449: $? = 1
configure: failed program was:
| /* confdefs.h */
| #define PACKAGE_NAME "GNU a2ps"
| #define PACKAGE_TARNAME "a2ps"
| #define PACKAGE_VERSION "4.14"
| #define PACKAGE_STRING "GNU a2ps 4.14"
| #define PACKAGE_BUGREPORT "bug-a2ps@gnu.org"
| #define PACKAGE_URL "http://www.gnu.org/software/a2ps/"
| #define PACKAGE "a2ps"
| #define VERSION "4.14"
| #define GNU_PACKAGE "GNU a2ps"
| /* end confdefs.h.  */
| #include <ac_nonexistent.h>
configure:4478: checking for grep that handles long lines and -e
configure:4536: result: /usr/bin/grep
configure:4541: checking for egrep
configure:4603: result: /usr/bin/grep -E
configure:4611: checking for Minix Amsterdam compiler
configure:4635: result: no
configure:4695: checking for ar
configure:4711: found /usr/bin/ar
configure:4722: result: ar
configure:4748: checking the archiver (ar) interface
configure:4764: gcc -c -g -O2  conftest.c >&5
configure:4764: $? = 0
configure:4766: ar cru libconftest.a conftest.o >&5
ar: `u' modifier ignored since `D' is the default (see `U')
configure:4769: $? = 0
configure:4797: result: ar
configure:4812: checking for ar
configure:4839: result: ar
configure:4914: checking for ranlib
configure:4930: found /usr/bin/ranlib
configure:4941: result: ranlib
configure:4980: checking for ANSI C header files
configure:5000: gcc -c -g -O2  conftest.c >&5
configure:5000: $? = 0
configure:5073: gcc -o conftest -g -O2   conftest.c  >&5
configure:5073: $? = 0
configure:5073: ./conftest
configure:5073: $? = 0
configure:5084: result: yes
configure:5097: checking for sys/types.h
configure:5097: gcc -c -g -O2  conftest.c >&5
configure:5097: $? = 0
configure:5097: result: yes
configure:5097: checking for sys/stat.h
configure:5097: gcc -c -g -O2  conftest.c >&5
configure:5097: $? = 0
configure:5097: result: yes
configure:5097: checking for stdlib.h
configure:5097: gcc -c -g -O2  conftest.c >&5
configure:5097: $? = 0
configure:5097: result: yes
configure:5097: checking for string.h
configure:5097: gcc -c -g -O2  conftest.c >&5
configure:5097: $? = 0
configure:5097: result: yes
configure:5097: checking for memory.h
configure:5097: gcc -c -g -O2  conftest.c >&5
configure:5097: $? = 0
configure:5097: result: yes
configure:5097: checking for strings.h
configure:5097: gcc -c -g -O2  conftest.c >&5
configure:5097: $? = 0
configure:5097: result: yes
configure:5097: checking for inttypes.h
configure:5097: gcc -c -g -O2  conftest.c >&5
configure:5097: $? = 0
configure:5097: result: yes
configure:5097: checking for stdint.h
configure:5097: gcc -c -g -O2  conftest.c >&5
configure:5097: $? = 0
configure:5097: result: yes
configure:5097: checking for unistd.h
configure:5097: gcc -c -g -O2  conftest.c >&5
configure:5097: $? = 0
configure:5097: result: yes
configure:5110: checking minix/config.h usability
configure:5110: gcc -c -g -O2  conftest.c >&5
conftest.c:55:10: fatal error: minix/config.h: No such file or directory
   55 | #include <minix/config.h>
      |          ^~~~~~~~~~~~~~~~
compilation terminated.
configure:5110: $? = 1
configure: failed program was:
| /* confdefs.h */
| #define PACKAGE_NAME "GNU a2ps"
| #define PACKAGE_TARNAME "a2ps"
| #define PACKAGE_VERSION "4.14"
| #define PACKAGE_STRING "GNU a2ps 4.14"
| #define PACKAGE_BUGREPORT "bug-a2ps@gnu.org"
| #define PACKAGE_URL "http://www.gnu.org/software/a2ps/"
| #define PACKAGE "a2ps"
| #define VERSION "4.14"
| #define GNU_PACKAGE "GNU a2ps"
| #define STDC_HEADERS 1
| #define HAVE_SYS_TYPES_H 1
| #define HAVE_SYS_STAT_H 1
| #define HAVE_STDLIB_H 1
| #define HAVE_STRING_H 1
| #define HAVE_MEMORY_H 1
| #define HAVE_STRINGS_H 1
| #define HAVE_INTTYPES_H 1
| #define HAVE_STDINT_H 1
| #define HAVE_UNISTD_H 1
| /* end confdefs.h.  */
| #include <stdio.h>
| #ifdef HAVE_SYS_TYPES_H
| # include <sys/types.h>
| #endif
| #ifdef HAVE_SYS_STAT_H
| # include <sys/stat.h>
| #endif
| #ifdef STDC_HEADERS
| # include <stdlib.h>
| # include <stddef.h>
| #else
| # ifdef HAVE_STDLIB_H
| #  include <stdlib.h>
| # endif
| #endif
| #ifdef HAVE_STRING_H
| # if !defined STDC_HEADERS && defined HAVE_MEMORY_H
| #  include <memory.h>
| # endif
| # include <string.h>
| #endif
| #ifdef HAVE_STRINGS_H
| # include <strings.h>
| #endif
| #ifdef HAVE_INTTYPES_H
| # include <inttypes.h>
| #endif
| #ifdef HAVE_STDINT_H
| # include <stdint.h>
| #endif
| #ifdef HAVE_UNISTD_H
| # include <unistd.h>
| #endif
| #include <minix/config.h>
configure:5110: result: no
configure:5110: checking minix/config.h presence
configure:5110: gcc -E  conftest.c
conftest.c:22:10: fatal error: minix/config.h: No such file or directory
   22 | #include <minix/config.h>
      |          ^~~~~~~~~~~~~~~~
compilation terminated.
configure:5110: $? = 1
configure: failed program was:
| /* confdefs.h */
| #define PACKAGE_NAME "GNU a2ps"
| #define PACKAGE_TARNAME "a2ps"
| #define PACKAGE_VERSION "4.14"
| #define PACKAGE_STRING "GNU a2ps 4.14"
| #define PACKAGE_BUGREPORT "bug-a2ps@gnu.org"
| #define PACKAGE_URL "http://www.gnu.org/software/a2ps/"
| #define PACKAGE "a2ps"
| #define VERSION "4.14"
| #define GNU_PACKAGE "GNU a2ps"
| #define STDC_HEADERS 1
| #define HAVE_SYS_TYPES_H 1
| #define HAVE_SYS_STAT_H 1
| #define HAVE_STDLIB_H 1
| #define HAVE_STRING_H 1
| #define HAVE_MEMORY_H 1
| #define HAVE_STRINGS_H 1
| #define HAVE_INTTYPES_H 1
| #define HAVE_STDINT_H 1
| #define HAVE_UNISTD_H 1
| /* end confdefs.h.  */
| #include <minix/config.h>
configure:5110: result: no
configure:5110: checking for minix/config.h
configure:5110: result: no
configure:5131: checking whether it is safe to define __EXTENSIONS__
configure:5149: gcc -c -g -O2  conftest.c >&5
configure:5149: $? = 0
configure:5156: result: yes
configure:5175: checking for bison
configure:5191: found /usr/bin/bison
configure:5202: result: bison -y
configure:5217: checking for gperf
configure:5235: found /usr/bin/gperf
configure:5248: result: /usr/bin/gperf
configure:5260: checking for gperf - version >= 2.7
configure:5323: gcc -o conftest -g -O2   conftest.c  >&5
conftest.c: In function 'main':
conftest.c:63:9: error: expected ')' before 'Copyright'
   63 |   if ((3
      |       ~ ^
      |         )
   64 | Copyright (C) 1989-2017 Free Software Foundation, Inc.
      | ~~~~~~~~~
conftest.c:69:10: error: expected ')' before 'Copyright'
   69 |       ((3
      |        ~ ^
      |          )
   70 | Copyright (C) 1989-2017 Free Software Foundation, Inc.
      | ~~~~~~~~~ 
conftest.c:74:64: error: expected ')' before 'Copyright'
   74 | Written by Douglas C. Schmidt and Bruno Haible. == major) && (1
      |                                                              ~ ^
      |                                                                )
   75 | Copyright (C) 1989-2017 Free Software Foundation, Inc.
      | ~~~~~~~~~                                                       
conftest.c:83:13: warning: missing terminating " character
   83 |     printf ("*** An old version of gperf (3
      |             ^
conftest.c:83:13: error: missing terminating " character
   83 |     printf ("*** An old version of gperf (3
      |             ^~~~~~~~~~~~~~~~~~~~~~~~~~~~~~~
conftest.c:84:1: warning: implicit declaration of function 'Copyright' [-Wimplicit-function-declaration]
   84 | Copyright (C) 1989-2017 Free Software Foundation, Inc.
      | ^~~~~~~~~
conftest.c:84:12: error: 'C' undeclared (first use in this function)
   84 | Copyright (C) 1989-2017 Free Software Foundation, Inc.
      |            ^
conftest.c:84:12: note: each undeclared identifier is reported only once for each function it appears in
conftest.c:84:14: error: expected ')' before numeric constant
   84 | Copyright (C) 1989-2017 Free Software Foundation, Inc.
      |              ^~~~~
      |              )
conftest.c:93:49: error: expected ';' before 'was'
   93 | Written by Douglas C. Schmidt and Bruno Haible.) was found.\n");
      |                                                 ^~~~
      |                                                 ;
conftest.c:93:60: error: stray '\' in program
   93 | Written by Douglas C. Schmidt and Bruno Haible.) was found.\n");
      |                                                            ^
conftest.c:93:62: warning: missing terminating " character
   93 | Written by Douglas C. Schmidt and Bruno Haible.) was found.\n");
      |                                                              ^
conftest.c:93:62: error: missing terminating " character
   93 | Written by Douglas C. Schmidt and Bruno Haible.) was found.\n");
      |                                                              ^~~
configure:5323: $? = 1
configure: program exited with status 1
configure: failed program was:
| /* confdefs.h */
| #define PACKAGE_NAME "GNU a2ps"
| #define PACKAGE_TARNAME "a2ps"
| #define PACKAGE_VERSION "4.14"
| #define PACKAGE_STRING "GNU a2ps 4.14"
| #define PACKAGE_BUGREPORT "bug-a2ps@gnu.org"
| #define PACKAGE_URL "http://www.gnu.org/software/a2ps/"
| #define PACKAGE "a2ps"
| #define VERSION "4.14"
| #define GNU_PACKAGE "GNU a2ps"
| #define STDC_HEADERS 1
| #define HAVE_SYS_TYPES_H 1
| #define HAVE_SYS_STAT_H 1
| #define HAVE_STDLIB_H 1
| #define HAVE_STRING_H 1
| #define HAVE_MEMORY_H 1
| #define HAVE_STRINGS_H 1
| #define HAVE_INTTYPES_H 1
| #define HAVE_STDINT_H 1
| #define HAVE_UNISTD_H 1
| #define __EXTENSIONS__ 1
| #define _ALL_SOURCE 1
| #define _GNU_SOURCE 1
| #define _POSIX_PTHREAD_SEMANTICS 1
| #define _TANDEM_SOURCE 1
| /* end confdefs.h.  */
| 
| #include <stdio.h>
| #include <stdlib.h>
| #include <string.h>
| 
| static char*
| my_strdup (char *str)
| {
|   char *new_str;
| 
|   if (str)
|     {
|       new_str = malloc ((strlen (str) + 1) * sizeof(char));
|       strcpy (new_str, str);
|     }
|   else
|     new_str = NULL;
| 
|   return new_str;
| }
| 
| int
| main ()
| {
|   char  *tmp_version;
| 
|   int    major;
|   int    minor;
| 
|   /* HP/UX 9 (%@#!) writes to sscanf strings */
|   tmp_version = my_strdup("2.7");
|   if (sscanf(tmp_version, "%d.%d", &major, &minor) != 2) {
|     printf ("%s, bad version string\n", "2.7");
|     exit (1);
|   }
| 
|   if ((3
| Copyright (C) 1989-2017 Free Software Foundation, Inc.
| License GPLv3+: GNU GPL version 3 or later <http://gnu.org/licenses/gpl.html>
| This is free software: you are free to change and redistribute it.
| There is NO WARRANTY, to the extent permitted by law.
| Written by Douglas C. Schmidt and Bruno Haible. > major) ||
|       ((3
| Copyright (C) 1989-2017 Free Software Foundation, Inc.
| License GPLv3+: GNU GPL version 3 or later <http://gnu.org/licenses/gpl.html>
| This is free software: you are free to change and redistribute it.
| There is NO WARRANTY, to the extent permitted by law.
| Written by Douglas C. Schmidt and Bruno Haible. == major) && (1
| Copyright (C) 1989-2017 Free Software Foundation, Inc.
| License GPLv3+: GNU GPL version 3 or later <http://gnu.org/licenses/gpl.html>
| This is free software: you are free to change and redistribute it.
| There is NO WARRANTY, to the extent permitted by law.
| Written by Douglas C. Schmidt and Bruno Haible. >= minor))) {
|     return 0;
|   } else {
|     printf ("\n");
|     printf ("*** An old version of gperf (3
| Copyright (C) 1989-2017 Free Software Foundation, Inc.
| License GPLv3+: GNU GPL version 3 or later <http://gnu.org/licenses/gpl.html>
| This is free software: you are free to change and redistribute it.
| There is NO WARRANTY, to the extent permitted by law.
| Written by Douglas C. Schmidt and Bruno Haible..1
| Copyright (C) 1989-2017 Free Software Foundation, Inc.
| License GPLv3+: GNU GPL version 3 or later <http://gnu.org/licenses/gpl.html>
| This is free software: you are free to change and redistribute it.
| There is NO WARRANTY, to the extent permitted by law.
| Written by Douglas C. Schmidt and Bruno Haible.) was found.\n");
|     printf ("*** You need a version of gperf newer than %d.%d.%d.  The latest version of\n",
| 	       major, minor);
|     printf ("*** gperf is always available from ftp://ftp.gnu.org.\n");
|     printf ("***\n");
|     return 1;
|   }
| }
| 
configure:5336: result: no
configure:5443: checking the archiver (ar) interface
configure:5492: result: ar
configure:5518: checking for flex
configure:5548: result: no
configure:5518: checking for lex
configure:5548: result: no
configure:5673: checking whether LEX is flex
configure:5681: result: no
configure:5721: checking build system type
configure:5735: result: x86_64-pc-linux-gnu
configure:5755: checking host system type
configure:5768: result: x86_64-pc-linux-gnu
configure:5809: checking how to print strings
configure:5836: result: printf
configure:5857: checking for a sed that does not truncate output
configure:5921: result: /usr/bin/sed
configure:5939: checking for fgrep
configure:6001: result: /usr/bin/grep -F
configure:6036: checking for ld used by gcc
configure:6103: result: /usr/bin/ld
configure:6110: checking if the linker (/usr/bin/ld) is GNU ld
configure:6125: result: yes
configure:6137: checking for BSD- or MS-compatible name lister (nm)
configure:6191: result: /usr/bin/nm -B
configure:6321: checking the name lister (/usr/bin/nm -B) interface
configure:6328: gcc -c -g -O2  conftest.c >&5
configure:6331: /usr/bin/nm -B "conftest.o"
configure:6334: output
0000000000000000 B some_variable
configure:6335: result: BSD nm
configure:6339: checking the maximum length of command line arguments
configure:6470: result: 1572864
configure:6518: checking how to convert x86_64-pc-linux-gnu file names to x86_64-pc-linux-gnu format
configure:6558: result: func_convert_file_noop
configure:6565: checking how to convert x86_64-pc-linux-gnu file names to toolchain format
configure:6585: result: func_convert_file_noop
configure:6592: checking for /usr/bin/ld option to reload object files
configure:6599: result: -r
configure:6673: checking for objdump
configure:6689: found /usr/bin/objdump
configure:6700: result: objdump
configure:6732: checking how to recognize dependent libraries
configure:6932: result: pass_all
configure:7017: checking for dlltool
configure:7047: result: no
configure:7077: checking how to associate runtime and link libraries
configure:7104: result: printf %s\n
configure:7228: checking for archiver @FILE support
configure:7245: gcc -c -g -O2  conftest.c >&5
configure:7245: $? = 0
configure:7248: ar cr libconftest.a @conftest.lst >&5
configure:7251: $? = 0
configure:7256: ar cr libconftest.a @conftest.lst >&5
ar: conftest.o: No such file or directory
configure:7259: $? = 1
configure:7258: result: @
configure:7316: checking for strip
configure:7332: found /usr/bin/strip
configure:7343: result: strip
configure:7415: checking for ranlib
configure:7442: result: ranlib
configure:7544: checking command to parse /usr/bin/nm -B output from gcc object
configure:7697: gcc -c -g -O2  conftest.c >&5
configure:7700: $? = 0
configure:7704: /usr/bin/nm -B conftest.o | sed -n -e 's/^.*[	 ]\([ABCDGIRSTW][ABCDGIRSTW]*\)[	 ][	 ]*\([_A-Za-z][_A-Za-z0-9]*\)$/\1 \2 \2/p' | sed '/ __gnu_lto/d' > conftest.nm
configure:7770: gcc -o conftest -g -O2   conftest.c conftstm.o >&5
configure:7773: $? = 0
configure:7811: result: ok
configure:7858: checking for sysroot
configure:7888: result: no
configure:7895: checking for a working dd
configure:7933: result: /usr/bin/dd
configure:7937: checking how to truncate binary pipes
configure:7952: result: /usr/bin/dd bs=4096 count=1
configure:8088: gcc -c -g -O2  conftest.c >&5
configure:8091: $? = 0
configure:8281: checking for mt
configure:8297: found /usr/bin/mt
configure:8308: result: mt
configure:8331: checking if mt is a manifest tool
configure:8337: mt '-?'
configure:8345: result: no
configure:9019: checking for dlfcn.h
configure:9019: gcc -c -g -O2  conftest.c >&5
configure:9019: $? = 0
configure:9019: result: yes
configure:9273: checking for objdir
configure:9288: result: .libs
configure:9552: checking if gcc supports -fno-rtti -fno-exceptions
configure:9570: gcc -c -g -O2  -fno-rtti -fno-exceptions conftest.c >&5
cc1: warning: command line option '-fno-rtti' is valid for C++/D/ObjC++ but not for C
configure:9574: $? = 0
configure:9587: result: no
configure:9951: checking for gcc option to produce PIC
configure:9958: result: -fPIC -DPIC
configure:9966: checking if gcc PIC flag -fPIC -DPIC works
configure:9984: gcc -c -g -O2  -fPIC -DPIC -DPIC conftest.c >&5
configure:9988: $? = 0
configure:10001: result: yes
configure:10030: checking if gcc static flag -static works
configure:10058: result: yes
configure:10073: checking if gcc supports -c -o file.o
configure:10094: gcc -c -g -O2  -o out/conftest2.o conftest.c >&5
configure:10098: $? = 0
configure:10120: result: yes
configure:10128: checking if gcc supports -c -o file.o
configure:10175: result: yes
configure:10208: checking whether the gcc linker (/usr/bin/ld -m elf_x86_64) supports shared libraries
configure:11471: result: yes
configure:11711: checking dynamic linker characteristics
configure:12292: gcc -o conftest -g -O2   -Wl,-rpath -Wl,/foo conftest.c  >&5
configure:12292: $? = 0
configure:12541: result: GNU/Linux ld.so
configure:12663: checking how to hardcode library paths into programs
configure:12688: result: immediate
configure:13236: checking whether stripping libraries is possible
configure:13241: result: yes
configure:13276: checking if libtool supports shared libraries
configure:13278: result: yes
configure:13281: checking whether to build shared libraries
configure:13306: result: no
configure:13309: checking whether to build static libraries
configure:13313: result: yes
configure:10195: checking for systempapername in -lpaper
configure:10220: gcc -o conftest -g -O2   conftest.c -lpaper   >&5
/usr/bin/ld: cannot find -lpaper
collect2: error: ld returned 1 exit status
configure:10220: $? = 1
configure: failed program was:
| /* confdefs.h */
| #define PACKAGE_NAME "GNU a2ps"
| #define PACKAGE_TARNAME "a2ps"
| #define PACKAGE_VERSION "4.14"
| #define PACKAGE_STRING "GNU a2ps 4.14"
| #define PACKAGE_BUGREPORT "bug-a2ps@gnu.org"
| #define PACKAGE_URL "http://www.gnu.org/software/a2ps/"
| #define PACKAGE "a2ps"
| #define VERSION "4.14"
| #define GNU_PACKAGE "GNU a2ps"
| #define STDC_HEADERS 1
| #define HAVE_SYS_TYPES_H 1
| #define HAVE_SYS_STAT_H 1
| #define HAVE_STDLIB_H 1
| #define HAVE_STRING_H 1
| #define HAVE_MEMORY_H 1
| #define HAVE_STRINGS_H 1
| #define HAVE_INTTYPES_H 1
| #define HAVE_STDINT_H 1
| #define HAVE_UNISTD_H 1
| #define __EXTENSIONS__ 1
| #define _ALL_SOURCE 1
| #define _GNU_SOURCE 1
| #define _POSIX_PTHREAD_SEMANTICS 1
| #define _TANDEM_SOURCE 1
| #define HAVE_DLFCN_H 1
| #define LT_OBJDIR ".libs/"
| /* end confdefs.h.  */
| 
| /* Override any GCC internal prototype to avoid an error.
|    Use char because int might match the return type of a GCC
|    builtin and then its argument prototype would still apply.  */
| #ifdef __cplusplus
| extern "C"
| #endif
| char systempapername ();
| int
| main ()
| {
| return systempapername ();
|   ;
|   return 0;
| }
configure:10229: result: no
configure:10257: checking whether NLS is requested
configure:10266: result: yes
configure:10306: checking for msgfmt
configure: trying /home/linuxbrew/.linuxbrew/bin/msgfmt...
0 translated messages.
configure:10338: result: /home/linuxbrew/.linuxbrew/bin/msgfmt
configure:10347: checking for gmsgfmt
configure:10378: result: /home/linuxbrew/.linuxbrew/bin/msgfmt
configure:10428: checking for xgettext
configure: trying /home/linuxbrew/.linuxbrew/bin/xgettext...
/home/linuxbrew/.linuxbrew/bin/xgettext: warning: file '/dev/null' extension '' is unknown; will try C
configure:10460: result: /home/linuxbrew/.linuxbrew/bin/xgettext
configure:10505: checking for msgmerge
configure: trying /home/linuxbrew/.linuxbrew/bin/msgmerge...
/home/linuxbrew/.linuxbrew/bin/msgmerge: error while loading shared libraries: libgomp.so.1: cannot open shared object file: No such file or directory
configure: trying /usr/bin/msgmerge...
configure:10536: result: /usr/bin/msgmerge
configure:10594: checking for ld used by gcc
configure:10661: result: /usr/bin/ld -m elf_x86_64
configure:10668: checking if the linker (/usr/bin/ld -m elf_x86_64) is GNU ld
configure:10683: result: yes
configure:10690: checking for shared library run path origin
configure:10703: result: done
configure:11275: checking for CFPreferencesCopyAppValue
configure:11293: gcc -o conftest -g -O2   conftest.c  -Wl,-framework -Wl,CoreFoundation >&5
conftest.c:29:10: fatal error: CoreFoundation/CFPreferences.h: No such file or directory
   29 | #include <CoreFoundation/CFPreferences.h>
      |          ^~~~~~~~~~~~~~~~~~~~~~~~~~~~~~~~
compilation terminated.
configure:11293: $? = 1
configure: failed program was:
| /* confdefs.h */
| #define PACKAGE_NAME "GNU a2ps"
| #define PACKAGE_TARNAME "a2ps"
| #define PACKAGE_VERSION "4.14"
| #define PACKAGE_STRING "GNU a2ps 4.14"
| #define PACKAGE_BUGREPORT "bug-a2ps@gnu.org"
| #define PACKAGE_URL "http://www.gnu.org/software/a2ps/"
| #define PACKAGE "a2ps"
| #define VERSION "4.14"
| #define GNU_PACKAGE "GNU a2ps"
| #define STDC_HEADERS 1
| #define HAVE_SYS_TYPES_H 1
| #define HAVE_SYS_STAT_H 1
| #define HAVE_STDLIB_H 1
| #define HAVE_STRING_H 1
| #define HAVE_MEMORY_H 1
| #define HAVE_STRINGS_H 1
| #define HAVE_INTTYPES_H 1
| #define HAVE_STDINT_H 1
| #define HAVE_UNISTD_H 1
| #define __EXTENSIONS__ 1
| #define _ALL_SOURCE 1
| #define _GNU_SOURCE 1
| #define _POSIX_PTHREAD_SEMANTICS 1
| #define _TANDEM_SOURCE 1
| #define HAVE_DLFCN_H 1
| #define LT_OBJDIR ".libs/"
| /* end confdefs.h.  */
| #include <CoreFoundation/CFPreferences.h>
| int
| main ()
| {
| CFPreferencesCopyAppValue(NULL, NULL)
|   ;
|   return 0;
| }
configure:11302: result: no
configure:11309: checking for CFLocaleCopyCurrent
configure:11327: gcc -o conftest -g -O2   conftest.c  -Wl,-framework -Wl,CoreFoundation >&5
conftest.c:29:10: fatal error: CoreFoundation/CFLocale.h: No such file or directory
   29 | #include <CoreFoundation/CFLocale.h>
      |          ^~~~~~~~~~~~~~~~~~~~~~~~~~~
compilation terminated.
configure:11327: $? = 1
configure: failed program was:
| /* confdefs.h */
| #define PACKAGE_NAME "GNU a2ps"
| #define PACKAGE_TARNAME "a2ps"
| #define PACKAGE_VERSION "4.14"
| #define PACKAGE_STRING "GNU a2ps 4.14"
| #define PACKAGE_BUGREPORT "bug-a2ps@gnu.org"
| #define PACKAGE_URL "http://www.gnu.org/software/a2ps/"
| #define PACKAGE "a2ps"
| #define VERSION "4.14"
| #define GNU_PACKAGE "GNU a2ps"
| #define STDC_HEADERS 1
| #define HAVE_SYS_TYPES_H 1
| #define HAVE_SYS_STAT_H 1
| #define HAVE_STDLIB_H 1
| #define HAVE_STRING_H 1
| #define HAVE_MEMORY_H 1
| #define HAVE_STRINGS_H 1
| #define HAVE_INTTYPES_H 1
| #define HAVE_STDINT_H 1
| #define HAVE_UNISTD_H 1
| #define __EXTENSIONS__ 1
| #define _ALL_SOURCE 1
| #define _GNU_SOURCE 1
| #define _POSIX_PTHREAD_SEMANTICS 1
| #define _TANDEM_SOURCE 1
| #define HAVE_DLFCN_H 1
| #define LT_OBJDIR ".libs/"
| /* end confdefs.h.  */
| #include <CoreFoundation/CFLocale.h>
| int
| main ()
| {
| CFLocaleCopyCurrent();
|   ;
|   return 0;
| }
configure:11336: result: no
configure:11385: checking for GNU gettext in libc
configure:11414: gcc -o conftest -g -O2   conftest.c  >&5
configure:11414: $? = 0
configure:11423: result: yes
configure:12270: checking whether to use NLS
configure:12272: result: yes
configure:12275: checking where the gettext function comes from
configure:12286: result: libc
configure:12452: checking for emacs
configure:12482: result: no
configure:12452: checking for xemacs
configure:12482: result: no
configure:12503: checking where .elc files should go
configure:12532: result: ${datadir}/emacs/site-lisp
configure:12542: checking whether paths should be hardcoded
configure:12550: result: no
configure:12573: checking for PostScript fonts path
configure:12589: result: :/usr/local/ghostscript/fonts:/usr/local/share/ghostscript/fonts
configure:12601: checking for file
configure:12619: found /usr/bin/file
configure:12631: result: /usr/bin/file
configure:12638: checking for the option for file to follow the links
configure:12667: result:  -L
configure:12678: checking for lp
configure:12694: found /usr/bin/lp
configure:12705: result: lp
configure:12717: checking for printer queue selection
configure:12728: result: lp -d PRINTER
configure:12769: checking for gv
configure:12797: result: no
configure:12865: checking for ghostview
configure:12893: result: no
configure:12971: checking for gzip
configure:12987: found /usr/bin/gzip
configure:12999: result: yes
configure:13077: checking for bzip
configure:13105: result: no
configure:13173: checking for bzip2
configure:13189: found /usr/bin/bzip2
configure:13201: result: yes
configure:13272: checking for dvips
configure:13300: result: no
configure:13371: checking for convert
configure:13399: result: no
configure:13470: checking for netscape
configure:13498: result: no
configure:13566: checking for html2ps
configure:13594: result: no
configure:13684: checking for acroread
configure:13712: result: no
configure:13780: checking for pdf2ps
configure:13796: found /usr/bin/pdf2ps
configure:13808: result: yes
configure:13901: checking for distill
configure:13929: result: no
configure:13997: checking for ps2pdf
configure:14013: found /usr/bin/ps2pdf
configure:14025: result: yes
configure:14098: checking for psselect
configure:14126: result: no
configure:14195: checking for psnup
configure:14223: result: no
configure:14300: WARNING: ===========================================================
configure:14302: WARNING: a2ps works much better with the psutils.  Available at
configure:14304: WARNING:   http://www.dcs.ed.ac.uk/home/ajcd/psutils/
configure:14306: WARNING: You *really* should install them *before* installing a2ps.
configure:14308: WARNING: ===========================================================
configure:14317: checking for grog
configure:14333: found /usr/bin/grog
configure:14345: result: yes
configure:14425: checking for makeinfo
configure:14441: found /usr/bin/makeinfo
configure:14453: result: yes
configure:14521: checking for tex
configure:14549: result: no
configure:14617: checking for latex
configure:14645: result: no
configure:14848: checking that generated files are newer than configure
configure:14854: result: done
configure:14917: creating ./config.status

## ---------------------- ##
## Running config.status. ##
## ---------------------- ##

This file was extended by GNU a2ps config.status 4.14, which was
generated by GNU Autoconf 2.69.  Invocation command line was

  CONFIG_FILES    = 
  CONFIG_HEADERS  = 
  CONFIG_LINKS    = 
  CONFIG_COMMANDS = 
  $ ./config.status 

on arun-GL65-Leopard-10SEK

config.status:1226: creating contrib/card
config.status:1226: creating contrib/fixps
config.status:1226: creating contrib/pdiff
config.status:1226: creating contrib/psmandup
config.status:1226: creating contrib/psset
config.status:1226: creating Makefile
config.status:1226: creating src/Makefile
config.status:1226: creating doc/Makefile
config.status:1226: creating man/Makefile
config.status:1226: creating tests/Makefile
config.status:1226: creating tests/defs
config.status:1226: creating lib/Makefile
config.status:1226: creating liba2ps/Makefile
config.status:1226: creating build-aux/Makefile
config.status:1226: creating etc/Makefile
config.status:1226: creating etc/a2ps_cfg
config.status:1226: creating etc/a2ps-site.cfg
config.status:1226: creating po/Makefile.in
config.status:1226: creating sheets/Makefile
config.status:1226: creating encoding/Makefile
config.status:1226: creating ps/Makefile
config.status:1226: creating afm/Makefile
config.status:1226: creating contrib/Makefile
config.status:1226: creating contrib/sample/Makefile
config.status:1226: creating contrib/emacs/Makefile
config.status:1226: creating fonts/Makefile
config.status:1226: creating ppd/Makefile
config.status:1226: creating config.h
config.status:1486: executing depfiles commands
config.status:1563: cd src       && sed -e '/# am--include-marker/d' Makefile         | make -f - am--depfiles
make: Nothing to be done for 'am--depfiles'.
config.status:1568: $? = 0
config.status:1563: cd lib       && sed -e '/# am--include-marker/d' Makefile         | make -f - am--depfiles
make: Nothing to be done for 'am--depfiles'.
config.status:1568: $? = 0
config.status:1563: cd liba2ps       && sed -e '/# am--include-marker/d' Makefile         | make -f - am--depfiles
make: Nothing to be done for 'am--depfiles'.
config.status:1568: $? = 0
config.status:1563: cd contrib       && sed -e '/# am--include-marker/d' Makefile         | make -f - am--depfiles
make: Nothing to be done for 'am--depfiles'.
config.status:1568: $? = 0
config.status:1563: cd contrib/sample       && sed -e '/# am--include-marker/d' Makefile         | make -f - am--depfiles
make: Nothing to be done for 'am--depfiles'.
config.status:1568: $? = 0
config.status:1486: executing libtool commands
config.status:1486: executing po-directories commands
configure:17319: === configuring in ogonkify (/home/arun/Desktop/TakeDownHSS/CodeQL/RealWorldRepos/a2ps/ogonkify)
configure:17382: running /bin/bash ./configure --disable-option-checking '--prefix=/usr/local'  --cache-file=/dev/null --srcdir=.
configure:17417: result:
*****************************************************************
* a2ps thinks it should be configured the following way:
* - you print on `A4' paper
* - your charset is `latin1'
* - to send a JOB to the default printer, run `lp job'
* - to send a JOB to the printer PRINTER, run `lp -d PRINTER job'
* - to ask `file(1)' to follow the links, run `/usr/bin/file -L'
*   (`file(1)' is used to guess the type of the files to print.)
*
* If a2ps is wrong somewhere, fix the `System Dependent parameters'
* in `etc/a2ps-site.cfg'.  See the README file.
*****************************************************************


## ---------------- ##
## Cache variables. ##
## ---------------- ##

ac_cv_build=x86_64-pc-linux-gnu
ac_cv_c_compiler_gnu=yes
ac_cv_env_CC_set=
ac_cv_env_CC_value=
ac_cv_env_CFLAGS_set=
ac_cv_env_CFLAGS_value=
ac_cv_env_CPPFLAGS_set=
ac_cv_env_CPPFLAGS_value=
ac_cv_env_CPP_set=
ac_cv_env_CPP_value=
ac_cv_env_EMACSLOADPATH_set=
ac_cv_env_EMACSLOADPATH_value=
ac_cv_env_EMACS_set=
ac_cv_env_EMACS_value=
ac_cv_env_LDFLAGS_set=
ac_cv_env_LDFLAGS_value=
ac_cv_env_LIBS_set=
ac_cv_env_LIBS_value=
ac_cv_env_LT_SYS_LIBRARY_PATH_set=
ac_cv_env_LT_SYS_LIBRARY_PATH_value=
ac_cv_env_YACC_set=
ac_cv_env_YACC_value=
ac_cv_env_YFLAGS_set=
ac_cv_env_YFLAGS_value=
ac_cv_env_build_alias_set=
ac_cv_env_build_alias_value=
ac_cv_env_host_alias_set=
ac_cv_env_host_alias_value=
ac_cv_env_target_alias_set=
ac_cv_env_target_alias_value=
ac_cv_header_dlfcn_h=yes
ac_cv_header_inttypes_h=yes
ac_cv_header_memory_h=yes
ac_cv_header_minix_config_h=no
ac_cv_header_stdc=yes
ac_cv_header_stdint_h=yes
ac_cv_header_stdlib_h=yes
ac_cv_header_string_h=yes
ac_cv_header_strings_h=yes
ac_cv_header_sys_stat_h=yes
ac_cv_header_sys_types_h=yes
ac_cv_header_unistd_h=yes
ac_cv_host=x86_64-pc-linux-gnu
ac_cv_lib_paper_systempapername=no
ac_cv_objext=o
ac_cv_path_EGREP='/usr/bin/grep -E'
ac_cv_path_FGREP='/usr/bin/grep -F'
ac_cv_path_GMSGFMT=/home/linuxbrew/.linuxbrew/bin/msgfmt
ac_cv_path_GPERF=/usr/bin/gperf
ac_cv_path_GREP=/usr/bin/grep
ac_cv_path_MSGFMT=/home/linuxbrew/.linuxbrew/bin/msgfmt
ac_cv_path_MSGMERGE=/usr/bin/msgmerge
ac_cv_path_PERL=/usr/bin/perl
ac_cv_path_SED=/usr/bin/sed
ac_cv_path_XGETTEXT=/home/linuxbrew/.linuxbrew/bin/xgettext
ac_cv_path_file_prog=/usr/bin/file
ac_cv_path_install='/usr/bin/install -c'
ac_cv_path_lt_DD=/usr/bin/dd
ac_cv_path_mkdir=/usr/bin/mkdir
ac_cv_prog_AWK=mawk
ac_cv_prog_COM_acroread=no
ac_cv_prog_COM_bzip2=yes
ac_cv_prog_COM_bzip=no
ac_cv_prog_COM_convert=no
ac_cv_prog_COM_distill=no
ac_cv_prog_COM_dvips=no
ac_cv_prog_COM_ghostview=no
ac_cv_prog_COM_grog=yes
ac_cv_prog_COM_gv=no
ac_cv_prog_COM_gzip=yes
ac_cv_prog_COM_html2ps=no
ac_cv_prog_COM_latex=no
ac_cv_prog_COM_makeinfo=yes
ac_cv_prog_COM_netscape=no
ac_cv_prog_COM_pdf2ps=yes
ac_cv_prog_COM_ps2pdf=yes
ac_cv_prog_COM_psnup=no
ac_cv_prog_COM_psselect=no
ac_cv_prog_COM_tex=no
ac_cv_prog_CPP='gcc -E'
ac_cv_prog_LPR=lp
ac_cv_prog_YACC='bison -y'
ac_cv_prog_ac_ct_AR=ar
ac_cv_prog_ac_ct_CC=gcc
ac_cv_prog_ac_ct_MANIFEST_TOOL=mt
ac_cv_prog_ac_ct_OBJDUMP=objdump
ac_cv_prog_ac_ct_RANLIB=ranlib
ac_cv_prog_ac_ct_STRIP=strip
ac_cv_prog_cc_c89=
ac_cv_prog_cc_c99=
ac_cv_prog_cc_g=yes
ac_cv_prog_file_link_option=' -L'
ac_cv_prog_make_make_set=yes
ac_cv_safe_to_define___extensions__=yes
acl_cv_hardcode_direct=no
acl_cv_hardcode_libdir_flag_spec='${wl}-rpath ${wl}$libdir'
acl_cv_hardcode_libdir_separator=
acl_cv_hardcode_minus_L=no
acl_cv_libext=a
acl_cv_libname_spec='lib$name'
acl_cv_library_names_spec='$libname$shrext'
acl_cv_path_LD='/usr/bin/ld -m elf_x86_64'
acl_cv_prog_gnu_ld=yes
acl_cv_rpath=done
acl_cv_shlibext=so
acl_cv_wl=-Wl,
am_cv_CC_dependencies_compiler_type=gcc3
am_cv_ar_interface=ar
am_cv_lispdir='${datadir}/emacs/site-lisp'
am_cv_make_support_nested_variables=yes
am_cv_prog_cc_c_o=yes
gl_cv_c_amsterdam_compiler=no
gt_cv_func_CFLocaleCopyCurrent=no
gt_cv_func_CFPreferencesCopyAppValue=no
gt_cv_func_gnugettext2_libc=yes
lt_cv_ar_at_file=@
lt_cv_deplibs_check_method=pass_all
lt_cv_file_magic_cmd='$MAGIC_CMD'
lt_cv_file_magic_test_file=
lt_cv_ld_reload_flag=-r
lt_cv_nm_interface='BSD nm'
lt_cv_objdir=.libs
lt_cv_path_LD=/usr/bin/ld
lt_cv_path_NM='/usr/bin/nm -B'
lt_cv_path_mainfest_tool=no
lt_cv_prog_compiler_c_o=yes
lt_cv_prog_compiler_pic='-fPIC -DPIC'
lt_cv_prog_compiler_pic_works=yes
lt_cv_prog_compiler_rtti_exceptions=no
lt_cv_prog_compiler_static_works=yes
lt_cv_prog_gnu_ld=yes
lt_cv_sharedlib_from_linklib_cmd='printf %s\n'
lt_cv_shlibpath_overrides_runpath=yes
lt_cv_sys_global_symbol_pipe='sed -n -e '\''s/^.*[	 ]\([ABCDGIRSTW][ABCDGIRSTW]*\)[	 ][	 ]*\([_A-Za-z][_A-Za-z0-9]*\)$/\1 \2 \2/p'\'' | sed '\''/ __gnu_lto/d'\'''
lt_cv_sys_global_symbol_to_c_name_address='sed -n -e '\''s/^: \(.*\) .*$/  {"\1", (void *) 0},/p'\'' -e '\''s/^[ABCDGIRSTW][ABCDGIRSTW]* .* \(.*\)$/  {"\1", (void *) \&\1},/p'\'''
lt_cv_sys_global_symbol_to_c_name_address_lib_prefix='sed -n -e '\''s/^: \(.*\) .*$/  {"\1", (void *) 0},/p'\'' -e '\''s/^[ABCDGIRSTW][ABCDGIRSTW]* .* \(lib.*\)$/  {"\1", (void *) \&\1},/p'\'' -e '\''s/^[ABCDGIRSTW][ABCDGIRSTW]* .* \(.*\)$/  {"lib\1", (void *) \&\1},/p'\'''
lt_cv_sys_global_symbol_to_cdecl='sed -n -e '\''s/^T .* \(.*\)$/extern int \1();/p'\'' -e '\''s/^[ABCDGIRSTW][ABCDGIRSTW]* .* \(.*\)$/extern char \1;/p'\'''
lt_cv_sys_global_symbol_to_import=
lt_cv_sys_max_cmd_len=1572864
lt_cv_to_host_file_cmd=func_convert_file_noop
lt_cv_to_tool_file_cmd=func_convert_file_noop
lt_cv_truncate_bin='/usr/bin/dd bs=4096 count=1'

## ----------------- ##
## Output variables. ##
## ----------------- ##

ACLOCAL='${SHELL} /home/arun/Desktop/TakeDownHSS/CodeQL/RealWorldRepos/a2ps/build-aux/missing aclocal-1.16'
AMDEPBACKSLASH='\'
AMDEP_FALSE='#'
AMDEP_TRUE=''
AMTAR='$${TAR-tar}'
AM_BACKSLASH='\'
AM_DEFAULT_V='$(AM_DEFAULT_VERBOSITY)'
AM_DEFAULT_VERBOSITY='1'
AM_V='$(V)'
AR='ar'
ARFLAGS='cr'
AUTOCONF='${SHELL} /home/arun/Desktop/TakeDownHSS/CodeQL/RealWorldRepos/a2ps/build-aux/missing autoconf'
AUTOHEADER='${SHELL} /home/arun/Desktop/TakeDownHSS/CodeQL/RealWorldRepos/a2ps/build-aux/missing autoheader'
AUTOMAKE='${SHELL} /home/arun/Desktop/TakeDownHSS/CodeQL/RealWorldRepos/a2ps/build-aux/missing automake-1.16'
AWK='mawk'
CC='gcc'
CCDEPMODE='depmode=gcc3'
CFLAGS='-g -O2'
COM_DISPLAY='#'
COM_LATEX='##'
COM_PS2PDF=''
COM_PSUTILS='#'
COM_TEXI='##'
COM_acroread4='#'
COM_acroread='#'
COM_bzip2=''
COM_bzip='#'
COM_convert='#'
COM_distill='#'
COM_dvips='#'
COM_ghostview='#'
COM_grog=''
COM_gv='#'
COM_gzip=''
COM_html2ps='#'
COM_latex='#'
COM_makeinfo=''
COM_netscape='#'
COM_pdf2ps=''
COM_ps2pdf=''
COM_psnup='#'
COM_psselect='#'
COM_tex='#'
CPP='gcc -E'
CPPFLAGS=''
CYGPATH_W='echo'
DEFS='-DHAVE_CONFIG_H'
DEPDIR='.deps'
DLLTOOL='false'
DSYMUTIL=''
DUMPBIN=''
ECHO_C=''
ECHO_N='-n'
ECHO_T=''
EGREP='/usr/bin/grep -E'
EMACS='no'
EMACSLOADPATH=''
ENCODING='latin1'
EXEEXT=''
EXTENSIONS_FALSE='#'
EXTENSIONS_TRUE=''
FGREP='/usr/bin/grep -F'
FILE_LINK='/usr/bin/file -L'
GETTEXT_MACRO_VERSION='0.19'
GL_COND_LIBTOOL_FALSE='#'
GL_COND_LIBTOOL_TRUE=''
GMSGFMT='/home/linuxbrew/.linuxbrew/bin/msgfmt'
GMSGFMT_015='/home/linuxbrew/.linuxbrew/bin/msgfmt'
GNU_PACKAGE='GNU a2ps'
GPERF='/usr/bin/gperf'
GREP='/usr/bin/grep'
INSTALL_DATA='${INSTALL} -m 644'
INSTALL_PROGRAM='${INSTALL}'
INSTALL_SCRIPT='${INSTALL}'
INSTALL_STRIP_PROGRAM='$(install_sh) -c -s'
INTLLIBS=''
INTL_MACOSX_LIBS=''
LD='/usr/bin/ld -m elf_x86_64'
LDFLAGS=''
LEX='/bin/bash /missing flex'
LEXLIB=''
LEX_OUTPUT_ROOT='lex.yy'
LIBICONV='-liconv'
LIBINTL=''
LIBOBJS=''
LIBS=''
LIBTOOL='$(SHELL) $(top_builddir)/libtool'
LIBVERSION='1:0:0'
LIPO=''
LN_S='ln -s'
LPR='lp'
LPR_QUEUE_OPTION='-d'
LTLIBICONV='-liconv'
LTLIBINTL=''
LTLIBOBJS=''
LT_SYS_LIBRARY_PATH=''
MAKEINFO='${SHELL} /home/arun/Desktop/TakeDownHSS/CodeQL/RealWorldRepos/a2ps/build-aux/missing makeinfo'
MANIFEST_TOOL=':'
MEDIUM='A4'
MKDIR_P='/usr/bin/mkdir -p'
MSGFMT='/home/linuxbrew/.linuxbrew/bin/msgfmt'
MSGFMT_015='/home/linuxbrew/.linuxbrew/bin/msgfmt'
MSGMERGE='/usr/bin/msgmerge'
NM='/usr/bin/nm -B'
NMEDIT=''
OBJDUMP='objdump'
OBJEXT='o'
OTOOL64=''
OTOOL=''
PACKAGE='a2ps'
PACKAGE_BUGREPORT='bug-a2ps@gnu.org'
PACKAGE_NAME='GNU a2ps'
PACKAGE_STRING='GNU a2ps 4.14'
PACKAGE_TARNAME='a2ps'
PACKAGE_URL='http://www.gnu.org/software/a2ps/'
PACKAGE_VERSION='4.14'
PATH_SEPARATOR=':'
PERL='/usr/bin/perl'
POSUB='po'
PSFONT_PATH='/usr/local/ghostscript/fonts:/usr/local/share/ghostscript/fonts'
RANLIB='ranlib'
SED='/usr/bin/sed'
SET_MAKE=''
SHELL='/bin/bash'
STRIP='strip'
USE_NLS='yes'
VERSION='4.14'
XGETTEXT='/home/linuxbrew/.linuxbrew/bin/xgettext'
XGETTEXT_015='/home/linuxbrew/.linuxbrew/bin/xgettext'
XGETTEXT_EXTRA_OPTIONS=''
YACC='bison -y'
YFLAGS=''
ac_ct_AR='ar'
ac_ct_CC='gcc'
ac_ct_DUMPBIN=''
acroread='acroread'
am__EXEEXT_FALSE=''
am__EXEEXT_TRUE='#'
am__fastdepCC_FALSE='#'
am__fastdepCC_TRUE=''
am__include='include'
am__isrc=''
am__leading_dot='.'
am__nodep='_no'
am__quote=''
am__tar='$${TAR-tar} chof - "$$tardir"'
am__untar='$${TAR-tar} xf -'
bindir='${exec_prefix}/bin'
build='x86_64-pc-linux-gnu'
build_alias=''
build_cpu='x86_64'
build_os='linux-gnu'
build_vendor='pc'
bzip2='bzip2'
bzip='bzip'
convert='convert'
datadir='${datarootdir}'
datarootdir='${prefix}/share'
distill='distill'
docdir='${datarootdir}/doc/${PACKAGE_TARNAME}'
dvidir='${docdir}'
dvips='dvips'
exec_prefix='${prefix}'
file_prog='/usr/bin/file'
ghostview='ghostview'
gl_LIBOBJS=''
gl_LTLIBOBJS=''
gltests_LIBOBJS=''
gltests_LTLIBOBJS=''
gltests_WITNESS='IN_A2PS_GNULIB_TESTS'
grog='grog'
gv='gv'
gzip='gzip'
host='x86_64-pc-linux-gnu'
host_alias=''
host_cpu='x86_64'
host_os='linux-gnu'
host_vendor='pc'
html2ps='html2ps'
htmldir='${docdir}'
includedir='${prefix}/include'
infodir='${datarootdir}/info'
install_sh='${SHELL} /home/arun/Desktop/TakeDownHSS/CodeQL/RealWorldRepos/a2ps/build-aux/install-sh'
latex='latex'
libdir='${exec_prefix}/lib'
libexecdir='${exec_prefix}/libexec'
lispdir='${datadir}/emacs/site-lisp'
localedir='${datarootdir}/locale'
localstatedir='${prefix}/var'
makeinfo='makeinfo'
mandir='${datarootdir}/man'
mkdir_p='$(MKDIR_P)'
netscape='netscape'
oldincludedir='/usr/include'
pdf2ps='pdf2ps'
pdfdir='${docdir}'
prefix='/usr/local'
program_transform_name='s,x,x,'
ps2pdf='ps2pdf'
psdir='${docdir}'
psnup='psnup'
psselect='psselect'
runstatedir='${localstatedir}/run'
sbindir='${exec_prefix}/sbin'
sharedstatedir='${prefix}/com'
subdirs=' ogonkify'
sysconfdir='${prefix}/etc'
target_alias=''
tex='tex'

## ----------- ##
## confdefs.h. ##
## ----------- ##

/* confdefs.h */
#define PACKAGE_NAME "GNU a2ps"
#define PACKAGE_TARNAME "a2ps"
#define PACKAGE_VERSION "4.14"
#define PACKAGE_STRING "GNU a2ps 4.14"
#define PACKAGE_BUGREPORT "bug-a2ps@gnu.org"
#define PACKAGE_URL "http://www.gnu.org/software/a2ps/"
#define PACKAGE "a2ps"
#define VERSION "4.14"
#define GNU_PACKAGE "GNU a2ps"
#define STDC_HEADERS 1
#define HAVE_SYS_TYPES_H 1
#define HAVE_SYS_STAT_H 1
#define HAVE_STDLIB_H 1
#define HAVE_STRING_H 1
#define HAVE_MEMORY_H 1
#define HAVE_STRINGS_H 1
#define HAVE_INTTYPES_H 1
#define HAVE_STDINT_H 1
#define HAVE_UNISTD_H 1
#define __EXTENSIONS__ 1
#define _ALL_SOURCE 1
#define _GNU_SOURCE 1
#define _POSIX_PTHREAD_SEMANTICS 1
#define _TANDEM_SOURCE 1
#define HAVE_DLFCN_H 1
#define LT_OBJDIR ".libs/"
#define ENABLE_NLS 1
#define HAVE_GETTEXT 1
#define HAVE_DCGETTEXT 1
#define DIRECTORY_SEPARATOR '/'
#define PATH_SEPARATOR ':'
#define SYNTAX_TABLE 1

configure: exit 0
