Grammar

    0 $accept: file $end

    1 file: ppd

    2 ppd: %empty
    3    | ppd font_clause EOL
    4    | ppd tModelName ':' STRING EOL
    5    | ppd tNickName ':' STRING EOL
    6    | ppd SYMBOL
    7    | ppd STRING
    8    | ppd USTRING
    9    | ppd ':'
   10    | ppd EOL

   11 font_clause: tFont SYMBOL ':' SYMBOL STRING SYMBOL SYMBOL
   12            | tDefaultFont ':' SYMBOL


Terminals, with rules where they appear

    $end (0) 0
    ':' (58) 4 5 9 11 12
    error (256)
    EOL (258) 3 4 5 10
    tDefaultFont (259) 12
    tFont (260) 11
    tModelName (261) 4
    tNickName (262) 5
    STRING <string> (263) 4 5 7 11
    SYMBOL <string> (264) 6 11 12
    USTRING <ustring> (265) 8


Nonterminals, with rules where they appear

    $accept (12)
        on left: 0
    file (13)
        on left: 1
        on right: 0
    ppd <ppd> (14)
        on left: 2 3 4 5 6 7 8 9 10
        on right: 1 3 4 5 6 7 8 9 10
    font_clause <string> (15)
        on left: 11 12
        on right: 3


State 0

    0 $accept: . file $end

    $default  reduce using rule 2 (ppd)

    file  go to state 1
    ppd   go to state 2


State 1

    0 $accept: file . $end

    $end  shift, and go to state 3


State 2

    1 file: ppd .
    3 ppd: ppd . font_clause EOL
    4    | ppd . tModelName ':' STRING EOL
    5    | ppd . tNickName ':' STRING EOL
    6    | ppd . SYMBOL
    7    | ppd . STRING
    8    | ppd . USTRING
    9    | ppd . ':'
   10    | ppd . EOL

    EOL           shift, and go to state 4
    tDefaultFont  shift, and go to state 5
    tFont         shift, and go to state 6
    tModelName    shift, and go to state 7
    tNickName     shift, and go to state 8
    STRING        shift, and go to state 9
    SYMBOL        shift, and go to state 10
    USTRING       shift, and go to state 11
    ':'           shift, and go to state 12

    $default  reduce using rule 1 (file)

    font_clause  go to state 13


State 3

    0 $accept: file $end .

    $default  accept


State 4

   10 ppd: ppd EOL .

    $default  reduce using rule 10 (ppd)


State 5

   12 font_clause: tDefaultFont . ':' SYMBOL

    ':'  shift, and go to state 14


State 6

   11 font_clause: tFont . SYMBOL ':' SYMBOL STRING SYMBOL SYMBOL

    SYMBOL  shift, and go to state 15


State 7

    4 ppd: ppd tModelName . ':' STRING EOL

    ':'  shift, and go to state 16


State 8

    5 ppd: ppd tNickName . ':' STRING EOL

    ':'  shift, and go to state 17


State 9

    7 ppd: ppd STRING .

    $default  reduce using rule 7 (ppd)


State 10

    6 ppd: ppd SYMBOL .

    $default  reduce using rule 6 (ppd)


State 11

    8 ppd: ppd USTRING .

    $default  reduce using rule 8 (ppd)


State 12

    9 ppd: ppd ':' .

    $default  reduce using rule 9 (ppd)


State 13

    3 ppd: ppd font_clause . EOL

    EOL  shift, and go to state 18


State 14

   12 font_clause: tDefaultFont ':' . SYMBOL

    SYMBOL  shift, and go to state 19


State 15

   11 font_clause: tFont SYMBOL . ':' SYMBOL STRING SYMBOL SYMBOL

    ':'  shift, and go to state 20


State 16

    4 ppd: ppd tModelName ':' . STRING EOL

    STRING  shift, and go to state 21


State 17

    5 ppd: ppd tNickName ':' . STRING EOL

    STRING  shift, and go to state 22


State 18

    3 ppd: ppd font_clause EOL .

    $default  reduce using rule 3 (ppd)


State 19

   12 font_clause: tDefaultFont ':' SYMBOL .

    $default  reduce using rule 12 (font_clause)


State 20

   11 font_clause: tFont SYMBOL ':' . SYMBOL STRING SYMBOL SYMBOL

    SYMBOL  shift, and go to state 23


State 21

    4 ppd: ppd tModelName ':' STRING . EOL

    EOL  shift, and go to state 24


State 22

    5 ppd: ppd tNickName ':' STRING . EOL

    EOL  shift, and go to state 25


State 23

   11 font_clause: tFont SYMBOL ':' SYMBOL . STRING SYMBOL SYMBOL

    STRING  shift, and go to state 26


State 24

    4 ppd: ppd tModelName ':' STRING EOL .

    $default  reduce using rule 4 (ppd)


State 25

    5 ppd: ppd tNickName ':' STRING EOL .

    $default  reduce using rule 5 (ppd)


State 26

   11 font_clause: tFont SYMBOL ':' SYMBOL STRING . SYMBOL SYMBOL

    SYMBOL  shift, and go to state 27


State 27

   11 font_clause: tFont SYMBOL ':' SYMBOL STRING SYMBOL . SYMBOL

    SYMBOL  shift, and go to state 28


State 28

   11 font_clause: tFont SYMBOL ':' SYMBOL STRING SYMBOL SYMBOL .

    $default  reduce using rule 11 (font_clause)
