This file contains any messages produced by compilers while
running configure, to aid debugging if configure makes a mistake.

It was created by Ogonkify configure 0.7.0, which was
generated by GNU Autoconf 2.69.  Invocation command line was

  $ ./configure --disable-option-checking --prefix=/usr/local --cache-file=/dev/null --srcdir=.

## --------- ##
## Platform. ##
## --------- ##

hostname = arun-GL65-Leopard-10SEK
uname -m = x86_64
uname -r = 5.15.0-52-generic
uname -s = Linux
uname -v = #58~20.04.1-Ubuntu SMP Thu Oct 13 13:09:46 UTC 2022

/usr/bin/uname -p = x86_64
/bin/uname -X     = unknown

/bin/arch              = x86_64
/usr/bin/arch -k       = unknown
/usr/convex/getsysinfo = unknown
/usr/bin/hostinfo      = unknown
/bin/machine           = unknown
/usr/bin/oslevel       = unknown
/bin/universe          = unknown

PATH: /home/linuxbrew/.linuxbrew/bin
PATH: /home/linuxbrew/.linuxbrew/sbin
PATH: /usr/local/sbin
PATH: /usr/local/bin
PATH: /usr/sbin
PATH: /usr/bin
PATH: /sbin
PATH: /bin
PATH: /usr/games
PATH: /usr/local/games
PATH: /snap/bin
PATH: /home/arun/codeql_/codeql
PATH: /home/linuxbrew/.linuxbrew/bin/


## ----------- ##
## Core tests. ##
## ----------- ##

configure:1943: checking for a BSD-compatible install
configure:2011: result: /usr/bin/install -c
configure:2022: checking whether build environment is sane
configure:2077: result: yes
configure:2226: checking for a thread-safe mkdir -p
configure:2265: result: /usr/bin/mkdir -p
configure:2272: checking for gawk
configure:2302: result: no
configure:2272: checking for mawk
configure:2288: found /usr/bin/mawk
configure:2299: result: mawk
configure:2310: checking whether make sets $(MAKE)
configure:2332: result: yes
configure:2361: checking whether make supports nested variables
configure:2378: result: yes
configure:2539: checking for perl
configure:2557: found /usr/bin/perl
configure:2570: result: /usr/bin/perl
configure:2627: checking whether make supports the include directive
configure:2642: make -f confmf.GNU && cat confinc.out
this is the am__doit target
configure:2645: $? = 0
configure:2664: result: yes (GNU style)
configure:2734: checking for gcc
configure:2750: found /usr/bin/gcc
configure:2761: result: gcc
configure:2990: checking for C compiler version
configure:2999: gcc --version >&5
gcc (Ubuntu 9.4.0-1ubuntu1~20.04.1) 9.4.0
Copyright (C) 2019 Free Software Foundation, Inc.
This is free software; see the source for copying conditions.  There is NO
warranty; not even for MERCHANTABILITY or FITNESS FOR A PARTICULAR PURPOSE.

configure:3010: $? = 0
configure:2999: gcc -v >&5
Using built-in specs.
COLLECT_GCC=gcc
COLLECT_LTO_WRAPPER=/usr/lib/gcc/x86_64-linux-gnu/9/lto-wrapper
OFFLOAD_TARGET_NAMES=nvptx-none:hsa
OFFLOAD_TARGET_DEFAULT=1
Target: x86_64-linux-gnu
Configured with: ../src/configure -v --with-pkgversion='Ubuntu 9.4.0-1ubuntu1~20.04.1' --with-bugurl=file:///usr/share/doc/gcc-9/README.Bugs --enable-languages=c,ada,c++,go,brig,d,fortran,objc,obj-c++,gm2 --prefix=/usr --with-gcc-major-version-only --program-suffix=-9 --program-prefix=x86_64-linux-gnu- --enable-shared --enable-linker-build-id --libexecdir=/usr/lib --without-included-gettext --enable-threads=posix --libdir=/usr/lib --enable-nls --enable-clocale=gnu --enable-libstdcxx-debug --enable-libstdcxx-time=yes --with-default-libstdcxx-abi=new --enable-gnu-unique-object --disable-vtable-verify --enable-plugin --enable-default-pie --with-system-zlib --with-target-system-zlib=auto --enable-objc-gc=auto --enable-multiarch --disable-werror --with-arch-32=i686 --with-abi=m64 --with-multilib-list=m32,m64,mx32 --enable-multilib --with-tune=generic --enable-offload-targets=nvptx-none=/build/gcc-9-Av3uEd/gcc-9-9.4.0/debian/tmp-nvptx/usr,hsa --without-cuda-driver --enable-checking=release --build=x86_64-linux-gnu --host=x86_64-linux-gnu --target=x86_64-linux-gnu
Thread model: posix
gcc version 9.4.0 (Ubuntu 9.4.0-1ubuntu1~20.04.1) 
configure:3010: $? = 0
configure:2999: gcc -V >&5
gcc: error: unrecognized command line option '-V'
gcc: fatal error: no input files
compilation terminated.
configure:3010: $? = 1
configure:2999: gcc -qversion >&5
gcc: error: unrecognized command line option '-qversion'; did you mean '--version'?
gcc: fatal error: no input files
compilation terminated.
configure:3010: $? = 1
configure:3030: checking whether the C compiler works
configure:3052: gcc    conftest.c  >&5
configure:3056: $? = 0
configure:3104: result: yes
configure:3107: checking for C compiler default output file name
configure:3109: result: a.out
configure:3115: checking for suffix of executables
configure:3122: gcc -o conftest    conftest.c  >&5
configure:3126: $? = 0
configure:3148: result: 
configure:3170: checking whether we are cross compiling
configure:3178: gcc -o conftest    conftest.c  >&5
configure:3182: $? = 0
configure:3189: ./conftest
configure:3193: $? = 0
configure:3181: result: no
configure:3186: checking for suffix of object files
configure:3208: gcc -c   conftest.c >&5
configure:3212: $? = 0
configure:3233: result: o
configure:3237: checking whether we are using the GNU C compiler
configure:3256: gcc -c   conftest.c >&5
configure:3256: $? = 0
configure:3265: result: yes
configure:3274: checking whether gcc accepts -g
configure:3294: gcc -c -g  conftest.c >&5
configure:3294: $? = 0
configure:3335: result: yes
configure:3352: checking for gcc option to accept ISO C89
configure:3415: gcc  -c -g -O2  conftest.c >&5
configure:3415: $? = 0
configure:3428: result: none needed
configure:3453: checking whether gcc understands -c and -o together
configure:3475: gcc -c conftest.c -o conftest2.o
configure:3478: $? = 0
configure:3475: gcc -c conftest.c -o conftest2.o
configure:3478: $? = 0
configure:3490: result: yes
configure:3509: checking dependency style of gcc
configure:3620: result: gcc3
configure:3641: checking how to run the C preprocessor
configure:3672: gcc -E  conftest.c
configure:3672: $? = 0
configure:3686: gcc -E  conftest.c
conftest.c:11:10: fatal error: ac_nonexistent.h: No such file or directory
   11 | #include <ac_nonexistent.h>
      |          ^~~~~~~~~~~~~~~~~~
compilation terminated.
configure:3686: $? = 1
configure: failed program was:
| /* confdefs.h */
| #define PACKAGE_NAME "Ogonkify"
| #define PACKAGE_TARNAME "ogonkify"
| #define PACKAGE_VERSION "0.7.0"
| #define PACKAGE_STRING "Ogonkify 0.7.0"
| #define PACKAGE_BUGREPORT ""
| #define PACKAGE_URL ""
| #define PACKAGE "ogonkify"
| #define VERSION "0.7.0"
| /* end confdefs.h.  */
| #include <ac_nonexistent.h>
configure:3711: result: gcc -E
configure:3731: gcc -E  conftest.c
configure:3731: $? = 0
configure:3745: gcc -E  conftest.c
conftest.c:11:10: fatal error: ac_nonexistent.h: No such file or directory
   11 | #include <ac_nonexistent.h>
      |          ^~~~~~~~~~~~~~~~~~
compilation terminated.
configure:3745: $? = 1
configure: failed program was:
| /* confdefs.h */
| #define PACKAGE_NAME "Ogonkify"
| #define PACKAGE_TARNAME "ogonkify"
| #define PACKAGE_VERSION "0.7.0"
| #define PACKAGE_STRING "Ogonkify 0.7.0"
| #define PACKAGE_BUGREPORT ""
| #define PACKAGE_URL ""
| #define PACKAGE "ogonkify"
| #define VERSION "0.7.0"
| /* end confdefs.h.  */
| #include <ac_nonexistent.h>
configure:3774: checking for X
configure:3882: gcc -E  conftest.c
configure:3882: $? = 0
configure:3913: gcc -o conftest -g -O2   conftest.c -lX11  >&5
configure:3913: $? = 0
configure:3963: result: libraries , headers 
configure:3967: checking for IBM font files
configure:3987: result: no
configure:4132: checking that generated files are newer than configure
configure:4138: result: done
configure:4165: creating ./config.status

## ---------------------- ##
## Running config.status. ##
## ---------------------- ##

This file was extended by Ogonkify config.status 0.7.0, which was
generated by GNU Autoconf 2.69.  Invocation command line was

  CONFIG_FILES    = 
  CONFIG_HEADERS  = 
  CONFIG_LINKS    = 
  CONFIG_COMMANDS = 
  $ ./config.status 

on arun-GL65-Leopard-10SEK

config.status:779: creating composeglyphs
config.status:779: creating Makefile
config.status:779: creating ogonkify.in
config.status:779: creating doc/Makefile
config.status:779: creating m4/Makefile
config.status:951: executing depfiles commands

## ---------------- ##
## Cache variables. ##
## ---------------- ##

ac_cv_c_compiler_gnu=yes
ac_cv_env_CC_set=
ac_cv_env_CC_value=
ac_cv_env_CFLAGS_set=
ac_cv_env_CFLAGS_value=
ac_cv_env_CPPFLAGS_set=
ac_cv_env_CPPFLAGS_value=
ac_cv_env_CPP_set=
ac_cv_env_CPP_value=
ac_cv_env_LDFLAGS_set=
ac_cv_env_LDFLAGS_value=
ac_cv_env_LIBS_set=
ac_cv_env_LIBS_value=
ac_cv_env_XMKMF_set=
ac_cv_env_XMKMF_value=
ac_cv_env_build_alias_set=
ac_cv_env_build_alias_value=
ac_cv_env_host_alias_set=
ac_cv_env_host_alias_value=
ac_cv_env_target_alias_set=
ac_cv_env_target_alias_value=
ac_cv_have_x='have_x=yes	ac_x_includes='\'''\''	ac_x_libraries='\'''\'''
ac_cv_objext=o
ac_cv_path_PERL=/usr/bin/perl
ac_cv_path_install='/usr/bin/install -c'
ac_cv_path_mkdir=/usr/bin/mkdir
ac_cv_prog_AWK=mawk
ac_cv_prog_CPP='gcc -E'
ac_cv_prog_ac_ct_CC=gcc
ac_cv_prog_cc_c89=
ac_cv_prog_cc_g=yes
ac_cv_prog_make_make_set=yes
am_cv_CC_dependencies_compiler_type=gcc3
am_cv_make_support_nested_variables=yes
am_cv_prog_cc_c_o=yes

## ----------------- ##
## Output variables. ##
## ----------------- ##

ACLOCAL='${SHELL} /home/arun/Desktop/TakeDownHSS/CodeQL/RealWorldRepos/a2ps/build-aux/missing aclocal-1.16'
AMDEPBACKSLASH='\'
AMDEP_FALSE='#'
AMDEP_TRUE=''
AMTAR='$${TAR-tar}'
AM_BACKSLASH='\'
AM_DEFAULT_V='$(AM_DEFAULT_VERBOSITY)'
AM_DEFAULT_VERBOSITY='1'
AM_V='$(V)'
AUTOCONF='${SHELL} /home/arun/Desktop/TakeDownHSS/CodeQL/RealWorldRepos/a2ps/build-aux/missing autoconf'
AUTOHEADER='${SHELL} /home/arun/Desktop/TakeDownHSS/CodeQL/RealWorldRepos/a2ps/build-aux/missing autoheader'
AUTOMAKE='${SHELL} /home/arun/Desktop/TakeDownHSS/CodeQL/RealWorldRepos/a2ps/build-aux/missing automake-1.16'
AWK='mawk'
CC='gcc'
CCDEPMODE='depmode=gcc3'
CFLAGS='-g -O2'
CPP='gcc -E'
CPPFLAGS=''
CYGPATH_W='echo'
DEFS='-DPACKAGE_NAME=\"Ogonkify\" -DPACKAGE_TARNAME=\"ogonkify\" -DPACKAGE_VERSION=\"0.7.0\" -DPACKAGE_STRING=\"Ogonkify\ 0.7.0\" -DPACKAGE_BUGREPORT=\"\" -DPACKAGE_URL=\"\" -DPACKAGE=\"ogonkify\" -DVERSION=\"0.7.0\"'
DEPDIR='.deps'
ECHO_C=''
ECHO_N='-n'
ECHO_T=''
EXEEXT=''
EXTENSIONS_FALSE='#'
EXTENSIONS_TRUE=''
IBMFONTS=''
INSTALL_DATA='${INSTALL} -m 644'
INSTALL_PROGRAM='${INSTALL}'
INSTALL_SCRIPT='${INSTALL}'
INSTALL_STRIP_PROGRAM='$(install_sh) -c -s'
LDFLAGS=''
LIBOBJS=''
LIBS=''
LTLIBOBJS=''
MAKEINFO='${SHELL} /home/arun/Desktop/TakeDownHSS/CodeQL/RealWorldRepos/a2ps/build-aux/missing makeinfo'
MKDIR_P='/usr/bin/mkdir -p'
OBJEXT='o'
PACKAGE='ogonkify'
PACKAGE_BUGREPORT=''
PACKAGE_NAME='Ogonkify'
PACKAGE_STRING='Ogonkify 0.7.0'
PACKAGE_TARNAME='ogonkify'
PACKAGE_URL=''
PACKAGE_VERSION='0.7.0'
PATH_SEPARATOR=':'
PERL='/usr/bin/perl'
SET_MAKE=''
SHELL='/bin/bash'
STRIP=''
VERSION='0.7.0'
XMKMF=''
ac_ct_CC='gcc'
am__EXEEXT_FALSE=''
am__EXEEXT_TRUE='#'
am__fastdepCC_FALSE='#'
am__fastdepCC_TRUE=''
am__include='include'
am__isrc=''
am__leading_dot='.'
am__nodep='_no'
am__quote=''
am__tar='$${TAR-tar} chof - "$$tardir"'
am__untar='$${TAR-tar} xf -'
bindir='${exec_prefix}/bin'
build_alias=''
datadir='${datarootdir}'
datarootdir='${prefix}/share'
docdir='${datarootdir}/doc/${PACKAGE_TARNAME}'
dvidir='${docdir}'
exec_prefix='${prefix}'
host_alias=''
htmldir='${docdir}'
includedir='${prefix}/include'
infodir='${datarootdir}/info'
install_sh='${SHELL} /home/arun/Desktop/TakeDownHSS/CodeQL/RealWorldRepos/a2ps/build-aux/install-sh'
libdir='${exec_prefix}/lib'
libexecdir='${exec_prefix}/libexec'
localedir='${datarootdir}/locale'
localstatedir='${prefix}/var'
mandir='${datarootdir}/man'
mkdir_p='$(MKDIR_P)'
oldincludedir='/usr/include'
pdfdir='${docdir}'
prefix='/usr/local'
program_transform_name='s,x,x,'
psdir='${docdir}'
runstatedir='${localstatedir}/run'
sbindir='${exec_prefix}/sbin'
sharedstatedir='${prefix}/com'
sysconfdir='${prefix}/etc'
target_alias=''

## ----------- ##
## confdefs.h. ##
## ----------- ##

/* confdefs.h */
#define PACKAGE_NAME "Ogonkify"
#define PACKAGE_TARNAME "ogonkify"
#define PACKAGE_VERSION "0.7.0"
#define PACKAGE_STRING "Ogonkify 0.7.0"
#define PACKAGE_BUGREPORT ""
#define PACKAGE_URL ""
#define PACKAGE "ogonkify"
#define VERSION "0.7.0"

configure: exit 0

## ---------------------- ##
## Running config.status. ##
## ---------------------- ##

This file was extended by Ogonkify config.status 0.7.0, which was
generated by GNU Autoconf 2.69.  Invocation command line was

  CONFIG_FILES    = 
  CONFIG_HEADERS  = 
  CONFIG_LINKS    = 
  CONFIG_COMMANDS = 
  $ ./config.status composeglyphs

on arun-GL65-Leopard-10SEK

config.status:779: creating composeglyphs
