[E 01:46:28 286307] CodeQL C/C++ Extractor 2.11.1
[E 01:46:28 286307] Current directory: /home/dhr33ti/Desktop/courses/hss/codeQL_assignment/a2ps-4.14/lib
[E 01:46:28 286307] Command: /home/dhr33ti/Desktop/codeql/cpp/tools/linux64/extractor --mimic /usr/lib/gcc/x86_64-linux-gnu/11/cc1 -quiet -I . -I . -I .. -I .. -I ../intl -I . -imultiarch x86_64-linux-gnu -MD faces.d -MF .deps/faces.Tpo -MP -MT faces.lo -D HAVE_CONFIG_H -D 'LOCALEDIR="/usr/share/locale"' -D 'SYSCONFFILE="/usr/etc/a2ps.cfg"' faces.c -quiet -dumpbase faces.c -dumpbase-ext .c -mtune=generic -march=x86-64 -g -O2 -fasynchronous-unwind-tables -fstack-protector-strong -Wformat -Wformat-security -fstack-clash-protection -fcf-protection -o /tmp/ccTBSVEh.s
[E 01:46:28 286307] Checking whether C compilation already happened.
[E 01:46:28 286307] Checking for tag c-compilation-happened
[E 01:46:28 286307] Checking CODEQL_TRACER_DB_ID 0000000000045E61_0000000000000001
[E 01:46:28 286307] Locking DB /home/dhr33ti/Desktop/courses/hss/codeQL_assignment/a2ps-4.14/database/working/tags.db
[E 01:46:28 286307] Locked DB /home/dhr33ti/Desktop/courses/hss/codeQL_assignment/a2ps-4.14/database/working/tags.db
[E 01:46:28 286307] Unlocking DB
[E 01:46:28 286307] Unlocked DB
[E 01:46:28 286307] Looks like C compilation didn't already happen.
[E 01:46:28 286307] Checking whether C compilation has been attempted.
[E 01:46:28 286307] Checking for tag c-compilation-attempted
[E 01:46:28 286307] Checking CODEQL_TRACER_DB_ID 0000000000045E61_0000000000000001
[E 01:46:28 286307] Locking DB /home/dhr33ti/Desktop/courses/hss/codeQL_assignment/a2ps-4.14/database/working/tags.db
[E 01:46:28 286307] Locked DB /home/dhr33ti/Desktop/courses/hss/codeQL_assignment/a2ps-4.14/database/working/tags.db
[E 01:46:28 286307] Unlocking DB
[E 01:46:28 286307] Unlocked DB
[E 01:46:28 286307] Marking C compilation as attempted.
[E 01:46:28 286307] Setting tag c-compilation-attempted
[E 01:46:28 286307] Starting from CODEQL_TRACER_DB_ID 0000000000045E61_0000000000000001
[E 01:46:28 286307] Locking DB /home/dhr33ti/Desktop/courses/hss/codeQL_assignment/a2ps-4.14/database/working/tags.db
[E 01:46:28 286307] Locked DB /home/dhr33ti/Desktop/courses/hss/codeQL_assignment/a2ps-4.14/database/working/tags.db
[E 01:46:28 286307] Set tag for 0000000000045E61_0000000000000001
[E 01:46:28 286307] Set tag for 0000000000045E5F_0000000000000001
[E 01:46:28 286307] Set tag for 0000000000045DFD_0000000000000001
[E 01:46:28 286307] Set tag for 0000000000045DFC_0000000000000001
[E 01:46:28 286307] Set tag for 0000000000045A8D_0000000000000002
[E 01:46:28 286307] Set tag for 0000000000045A8D_0000000000000001
[E 01:46:28 286307] Set tag for 0000000000045A8C_0000000000000001
[E 01:46:28 286307] Set tag for 0000000000045A53_0000000000000001
[E 01:46:28 286307] Set tag for 0000000000045A4D_0000000000000002
[E 01:46:28 286307] Set tag for 0000000000045A4D_0000000000000001
[E 01:46:28 286307] Set tag for 0000000000045A46_0000000000000001
[E 01:46:28 286307] Set tag for 0000000000045A44_0000000000000001
[E 01:46:28 286307] Set tag for 0000000000044191_0000000000000003
[E 01:46:28 286307] Set tag for 0000000000044191_0000000000000002
[E 01:46:28 286307] Set tag for root
[E 01:46:28 286307] Unlocking DB
[E 01:46:28 286307] Unlocked DB
[E 01:46:28 286307] Processed command line: /home/dhr33ti/Desktop/codeql/cpp/tools/linux64/extractor --trapfolder /home/dhr33ti/Desktop/courses/hss/codeQL_assignment/a2ps-4.14/database/trap/cpp --src_archive /home/dhr33ti/Desktop/courses/hss/codeQL_assignment/a2ps-4.14/database/src --mimic_config /home/dhr33ti/Desktop/courses/hss/codeQL_assignment/a2ps-4.14/database/working/compiler_mimic_cache/9ece74dcfccd --object_filename /tmp/ccTBSVEh.s -w --error_limit 1000 --disable_system_macros --variadic_macros --gcc --gnu_version 110200 --target linux_x86_64 -D__SSP_STRONG__=3 '-D__DBL_MIN_EXP__=(-1021)' -D__UINT_LEAST16_MAX__=0xffff -D__ATOMIC_ACQUIRE=2 -D__FLT128_MAX_10_EXP__=4932 -D__FLT_MIN__=1.17549435082228750796873653722224568e-38F -D__GCC_IEC_559_COMPLEX=2 '-D__UINT_LEAST8_TYPE__=unsigned char' -D__SIZEOF_FLOAT80__=16 '-D__INTMAX_C(c)=c ## L' -D__CHAR_BIT__=8 -D__UINT8_MAX__=0xff -D__SCHAR_WIDTH__=8 -D__WINT_MAX__=0xffffffffU '-D__FLT32_MIN_EXP__=(-125)' -D__ORDER_LITTLE_ENDIAN__=1234 -D__SIZE_MAX__=0xffffffffffffffffUL -D__WCHAR_MAX__=0x7fffffff -D__GCC_HAVE_SYNC_COMPARE_AND_SWAP_1=1 -D__GCC_HAVE_SYNC_COMPARE_AND_SWAP_2=1 -D__GCC_HAVE_SYNC_COMPARE_AND_SWAP_4=1 '-D__DBL_DENORM_MIN__=((double)4.94065645841246544176568792868221372e-324L)' -D__GCC_HAVE_SYNC_COMPARE_AND_SWAP_8=1 -D__GCC_ATOMIC_CHAR_LOCK_FREE=2 -D__GCC_IEC_559=2 -D__FLT32X_DECIMAL_DIG__=17 -D__FLT_EVAL_METHOD__=0 -D__FLT64_DECIMAL_DIG__=17 -D__CET__=3 -D__GCC_ATOMIC_CHAR32_T_LOCK_FREE=2 -D__UINT_FAST64_MAX__=0xffffffffffffffffUL -D__SIG_ATOMIC_TYPE__=int '-D__DBL_MIN_10_EXP__=(-307)' -D__FINITE_MATH_ONLY__=0 -D__FLT32X_MAX_EXP__=1024 -D__FLT32_HAS_DENORM__=1 -D__UINT_FAST8_MAX__=0xff -D__FLT32_MAX_10_EXP__=38 -D__DEC64_MAX_EXP__=385 '-D__INT8_C(c)=c' -D__INT_LEAST8_WIDTH__=8 -D__UINT_LEAST64_MAX__=0xffffffffffffffffUL -D__SHRT_MAX__=0x7fff '-D__LDBL_MAX__=1.18973149535723176502126385303097021e+4932L' -D__FLT64X_MAX_10_EXP__=4932 -D__LDBL_IS_IEC_60559__=2 -D__FLT64X_HAS_QUIET_NAN__=1 -D__UINT_LEAST8_MAX__=0xff -D__GCC_ATOMIC_BOOL_LOCK_FREE=2 -D__FLT128_DENORM_MIN__=6.47517511943802511092443895822764655e-4966F128 '-D__UINTMAX_TYPE__=long unsigned int' -D__linux=1 -D__DEC32_EPSILON__=1E-6DF -D__FLT_EVAL_METHOD_TS_18661_3__=0 -D__OPTIMIZE__=1 -D__unix=1 -D__UINT32_MAX__=0xffffffffU '-D__FLT128_MIN_EXP__=(-16381)' -D__WINT_MIN__=0U '-D__FLT128_MIN_10_EXP__=(-4931)' -D__FLT32X_IS_IEC_60559__=2 -D__INT_LEAST16_WIDTH__=16 -D__SCHAR_MAX__=0x7f -D__FLT128_MANT_DIG__=113 '-D__WCHAR_MIN__=(-__WCHAR_MAX__ - 1)' '-D__INT64_C(c)=c ## L' -D__GCC_ATOMIC_POINTER_LOCK_FREE=2 -D_FORTIFY_SOURCE=2 -D__FLT32X_MANT_DIG__=53 -D__USER_LABEL_PREFIX__= -D__FLT64X_EPSILON__=1.08420217248550443400745280086994171e-19F64x '-D__DEC64_MIN_EXP__=(-382)' -D__DBL_DIG__=15 -D__FLT32_DIG__=6 -D__FLT_EPSILON__=1.19209289550781250000000000000000000e-7F -D__SHRT_WIDTH__=16 -D__FLT32_IS_IEC_60559__=2 -D__LDBL_MIN__=3.36210314311209350626267781732175260e-4932L -D__STDC_UTF_16__=1 -D__DBL_IS_IEC_60559__=2 -D__DEC32_MAX__=9.999999E96DF -D__FLT64X_DENORM_MIN__=3.64519953188247460252840593361941982e-4951F64x -D__FLT32X_HAS_INFINITY__=1 -D__INT32_MAX__=0x7fffffff -D__unix__=1 -D__INT_WIDTH__=32 -D__SIZEOF_LONG__=8 -D__STDC_IEC_559__=1 -D__STDC_ISO_10646__=201706L '-D__UINT16_C(c)=c' -D__DECIMAL_DIG__=21 -D__STDC_IEC_559_COMPLEX__=1 -D__FLT64_EPSILON__=2.22044604925031308084726333618164062e-16F64 -D__gnu_linux__=1 -D__FLT128_IS_IEC_60559__=2 '-D__FLT64X_MIN_10_EXP__=(-4931)' -D__LDBL_HAS_QUIET_NAN__=1 -D__FLT64_MANT_DIG__=53 -D__FLT64X_MANT_DIG__=64 -D__pie__=2 -D__MMX__=1 -D__FLT_HAS_DENORM__=1 -D__SIZEOF_LONG_DOUBLE__=16 -D__BIGGEST_ALIGNMENT__=16 -D__FLT64_MAX_10_EXP__=308 '-D__DBL_MAX__=((double)1.79769313486231570814527423731704357e+308L)' -D__INT_FAST32_MAX__=0x7fffffffffffffffL -D__DBL_HAS_INFINITY__=1 -D__SIZEOF_FLOAT__=4 -D__HAVE_SPECULATION_SAFE_VALUE=1 '-D__DEC32_MIN_EXP__=(-94)' -D__INTPTR_WIDTH__=64 -D__FLT64X_HAS_INFINITY__=1 -D__UINT_LEAST32_MAX__=0xffffffffU -D__FLT32X_HAS_DENORM__=1 '-D__INT_FAST16_TYPE__=long int' -D__MMX_WITH_SSE__=1 -D__LDBL_HAS_DENORM__=1 -D__FLT128_HAS_INFINITY__=1 -D__DEC32_MIN__=1E-95DF -D__DBL_MAX_EXP__=1024 -D__WCHAR_WIDTH__=32 '-D__FLT32_MAX__=3.40282346638528859811704183484516925e+38F32' -D__DEC128_EPSILON__=1E-33DL -D__SSE2_MATH__=1 -D__ATOMIC_HLE_RELEASE=131072 -D__PTRDIFF_MAX__=0x7fffffffffffffffL -D__amd64=1 -D__ATOMIC_HLE_ACQUIRE=65536 -D__LONG_LONG_MAX__=0x7fffffffffffffffLL -D__SIZEOF_SIZE_T__=8 '-D__FLT64X_MIN_EXP__=(-16381)' -D__SIZEOF_WINT_T__=4 -D__LONG_LONG_WIDTH__=64 -D__FLT32_MAX_EXP__=128 -D__GXX_ABI_VERSION=1016 '-D__FLT_MIN_EXP__=(-125)' -D__GCC_HAVE_DWARF2_CFI_ASM=1 -D__INT16_MAX__=0x7fff -D__x86_64=1 '-D__INT_FAST64_TYPE__=long int' -D__FLT64_DENORM_MIN__=4.94065645841246544176568792868221372e-324F64 '-D__DBL_MIN__=((double)2.22507385850720138309023271733240406e-308L)' -D__FLT128_EPSILON__=1.92592994438723585305597794258492732e-34F128 '-D__FLT64X_NORM_MAX__=1.18973149535723176502126385303097021e+4932F64x' -D__SIZEOF_POINTER__=8 -D__LP64__=1 -D__DBL_HAS_QUIET_NAN__=1 -D__FLT32X_EPSILON__=2.22044604925031308084726333618164062e-16F32x -D__DECIMAL_BID_FORMAT__=1 '-D__FLT64_MIN_EXP__=(-1021)' '-D__FLT64_MIN_10_EXP__=(-307)' -D__FLT64X_DECIMAL_DIG__=21 -D__DEC128_MIN__=1E-6143DL -D__REGISTER_PREFIX__= -D__UINT16_MAX__=0xffff -D__DBL_HAS_DENORM__=1 -D__LDBL_HAS_INFINITY__=1 -D__FLT32_MIN__=1.17549435082228750796873653722224568e-38F32 '-D__UINT8_TYPE__=unsigned char' -D__FLT_DIG__=6 -D__DEC_EVAL_METHOD__=2 -D__DEC128_MAX__=9.999999999999999999999999999999999E6144DL -D__FLT_MANT_DIG__=24 -D__LDBL_DECIMAL_DIG__=21 '-D__UINT64_C(c)=c ## UL' -D_STDC_PREDEF_H=1 -D__INT_LEAST32_MAX__=0x7fffffff -D__GCC_ATOMIC_INT_LOCK_FREE=2 -D__FLT128_MAX_EXP__=16384 -D__FLT32_MANT_DIG__=24 -D__FLOAT_WORD_ORDER__=__ORDER_LITTLE_ENDIAN__ -D__STDC_IEC_60559_COMPLEX__=201404L -D__FLT128_HAS_DENORM__=1 -D__FLT32_DECIMAL_DIG__=9 -D__FLT128_DIG__=33 '-D__INT32_C(c)=c' -D__DEC64_EPSILON__=1E-15DD -D__ORDER_PDP_ENDIAN__=3412 '-D__DEC128_MIN_EXP__=(-6142)' '-D__INT_FAST32_TYPE__=long int' '-D__UINT_LEAST16_TYPE__=short unsigned int' -Dunix=1 '-D__SIZE_TYPE__=long unsigned int' -D__UINT64_MAX__=0xffffffffffffffffUL -D__FLT_IS_IEC_60559__=2 '-D__GNUC_WIDE_EXECUTION_CHARSET_NAME="UTF-32LE"' -D__FLT64X_DIG__=18 '-D__INT8_TYPE__=signed char' -D__ELF__=1 -D__GCC_ASM_FLAG_OUTPUTS__=1 '-D__UINT32_TYPE__=unsigned int' -D__FLT_RADIX__=2 '-D__INT_LEAST16_TYPE__=short int' -D__LDBL_EPSILON__=1.08420217248550443400745280086994171e-19L '-D__UINTMAX_C(c)=c ## UL' -D__SSE_MATH__=1 -D__k8=1 -D__FLT32X_MIN__=2.22507385850720138309023271733240406e-308F32x -D__SIG_ATOMIC_MAX__=0x7fffffff -D__GCC_ATOMIC_WCHAR_T_LOCK_FREE=2 -D__STDC_IEC_60559_BFP__=201404L -D__SIZEOF_PTRDIFF_T__=8 -D__LDBL_DIG__=18 -D__FLT64_IS_IEC_60559__=2 -D__x86_64__=1 '-D__FLT32X_MIN_EXP__=(-1021)' -D__DEC32_SUBNORMAL_MIN__=0.000001E-95DF -D__INT_FAST16_MAX__=0x7fffffffffffffffL -D__FLT64_DIG__=15 -D__UINT_FAST32_MAX__=0xffffffffffffffffUL '-D__UINT_LEAST64_TYPE__=long unsigned int' -D__FLT_HAS_QUIET_NAN__=1 -D__FLT_MAX_10_EXP__=38 -D__LONG_MAX__=0x7fffffffffffffffL -D__FLT64X_HAS_DENORM__=1 -D__DEC128_SUBNORMAL_MIN__=0.000000000000000000000000000000001E-6143DL -D__FLT_HAS_INFINITY__=1 '-D__GNUC_EXECUTION_CHARSET_NAME="UTF-8"' '-D__UINT_FAST16_TYPE__=long unsigned int' -D__DEC64_MAX__=9.999999999999999E384DD -D__INT_FAST32_WIDTH__=64 -D__PRAGMA_REDEFINE_EXTNAME=1 -D__SIZE_WIDTH__=64 -D__SEG_FS=1 -D__INT_LEAST16_MAX__=0x7fff -D__DEC64_MANT_DIG__=16 -D__INT64_MAX__=0x7fffffffffffffffL -D__SEG_GS=1 -D__FLT32_DENORM_MIN__=1.40129846432481707092372958328991613e-45F32 -D__SIG_ATOMIC_WIDTH__=32 '-D__INT_LEAST64_TYPE__=long int' '-D__INT16_TYPE__=short int' '-D__INT_LEAST8_TYPE__=signed char' -D__SIZEOF_INT__=4 -D__DEC32_MAX_EXP__=97 -D__INT_FAST8_MAX__=0x7f '-D__FLT128_MAX__=1.18973149535723176508575932662800702e+4932F128' -D__INTPTR_MAX__=0x7fffffffffffffffL -Dlinux=1 -D__FLT64_HAS_QUIET_NAN__=1 '-D__FLT32_MIN_10_EXP__=(-37)' -D__FLT32X_DIG__=15 -D__PTRDIFF_WIDTH__=64 -D__LDBL_MANT_DIG__=64 -D__FLT64_HAS_INFINITY__=1 '-D__FLT64X_MAX__=1.18973149535723176502126385303097021e+4932F64x' '-D__SIG_ATOMIC_MIN__=(-__SIG_ATOMIC_MAX__ - 1)' -D__code_model_small__=1 -D__GCC_ATOMIC_LONG_LOCK_FREE=2 -D__DEC32_MANT_DIG__=7 -D__k8__=1 '-D__INTPTR_TYPE__=long int' '-D__UINT16_TYPE__=short unsigned int' -D__WCHAR_TYPE__=int -D__pic__=2 -D__UINTPTR_MAX__=0xffffffffffffffffUL -D__INT_FAST64_WIDTH__=64 -D__INT_FAST64_MAX__=0x7fffffffffffffffL -D__GCC_ATOMIC_TEST_AND_SET_TRUEVAL=1 '-D__FLT_NORM_MAX__=3.40282346638528859811704183484516925e+38F' -D__FLT32_HAS_INFINITY__=1 -D__FLT64X_MAX_EXP__=16384 '-D__UINT_FAST64_TYPE__=long unsigned int' -D__INT_MAX__=0x7fffffff -D__linux__=1 '-D__INT64_TYPE__=long int' -D__FLT_MAX_EXP__=128 -D__ORDER_BIG_ENDIAN__=4321 -D__DBL_MANT_DIG__=53 -D__SIZEOF_FLOAT128__=16 -D__INT_LEAST64_MAX__=0x7fffffffffffffffL -D__GCC_ATOMIC_CHAR16_T_LOCK_FREE=2 -D__DEC64_MIN__=1E-383DD '-D__WINT_TYPE__=unsigned int' '-D__UINT_LEAST32_TYPE__=unsigned int' -D__SIZEOF_SHORT__=2 '-D__FLT32_NORM_MAX__=3.40282346638528859811704183484516925e+38F32' -D__SSE__=1 '-D__LDBL_MIN_EXP__=(-16381)' '-D__FLT64_MAX__=1.79769313486231570814527423731704357e+308F64' -D__amd64__=1 -D__WINT_WIDTH__=32 -D__INT_LEAST8_MAX__=0x7f -D__INT_LEAST64_WIDTH__=64 -D__LDBL_MAX_EXP__=16384 -D__FLT32X_MAX_10_EXP__=308 -D__SIZEOF_INT128__=16 -D__FLT64X_IS_IEC_60559__=2 -D__LDBL_MAX_10_EXP__=4932 -D__ATOMIC_RELAXED=0 '-D__DBL_EPSILON__=((double)2.22044604925031308084726333618164062e-16L)' -D__FLT128_MIN__=3.36210314311209350626267781732175260e-4932F128 -D_LP64=1 '-D__UINT8_C(c)=c' -D__FLT64_MAX_EXP__=1024 -D__INT_LEAST32_TYPE__=int -D__SIZEOF_WCHAR_T__=4 '-D__UINT64_TYPE__=long unsigned int' '-D__FLT128_NORM_MAX__=1.18973149535723176508575932662800702e+4932F128' '-D__FLT64_NORM_MAX__=1.79769313486231570814527423731704357e+308F64' -D__FLT128_HAS_QUIET_NAN__=1 -D__INTMAX_MAX__=0x7fffffffffffffffL '-D__INT_FAST8_TYPE__=signed char' -D__FLT64X_MIN__=3.36210314311209350626267781732175260e-4932F64x -D__FLT64_HAS_DENORM__=1 -D__FLT32_EPSILON__=1.19209289550781250000000000000000000e-7F32 -D__DBL_DECIMAL_DIG__=17 -D__STDC_UTF_32__=1 -D__INT_FAST8_WIDTH__=8 -D__FXSR__=1 '-D__FLT32X_MAX__=1.79769313486231570814527423731704357e+308F32x' '-D__DBL_NORM_MAX__=((double)1.79769313486231570814527423731704357e+308L)' -D__BYTE_ORDER__=__ORDER_LITTLE_ENDIAN__ -D__INTMAX_WIDTH__=64 '-D__UINT32_C(c)=c ## U' -D__FLT_DENORM_MIN__=1.40129846432481707092372958328991613e-45F -D__INT8_MAX__=0x7f -D__LONG_WIDTH__=64 -D__PIC__=2 '-D__UINT_FAST32_TYPE__=long unsigned int' '-D__FLT32X_NORM_MAX__=1.79769313486231570814527423731704357e+308F32x' '-D__FLT_MAX__=3.40282346638528859811704183484516925e+38F' -D__SSE2__=1 -D__INT32_TYPE__=int -D__SIZEOF_DOUBLE__=8 '-D__FLT_MIN_10_EXP__=(-37)' -D__FLT64_MIN__=2.22507385850720138309023271733240406e-308F64 -D__INT_LEAST32_WIDTH__=32 '-D__INTMAX_TYPE__=long int' -D__DEC128_MAX_EXP__=6145 -D__FLT32X_HAS_QUIET_NAN__=1 -D__ATOMIC_CONSUME=1 -D__INT_FAST16_WIDTH__=64 -D__UINTMAX_MAX__=0xffffffffffffffffUL -D__PIE__=2 -D__FLT32X_DENORM_MIN__=4.94065645841246544176568792868221372e-324F32x -D__DBL_MAX_10_EXP__=308 -D__LDBL_DENORM_MIN__=3.64519953188247460252840593361941982e-4951L '-D__INT16_C(c)=c' '-D__PTRDIFF_TYPE__=long int' -D__ATOMIC_SEQ_CST=5 '-D__FLT32X_MIN_10_EXP__=(-307)' '-D__UINTPTR_TYPE__=long unsigned int' -D__DEC64_SUBNORMAL_MIN__=0.000000000000001E-383DD -D__DEC128_MANT_DIG__=34 '-D__LDBL_MIN_10_EXP__=(-4931)' -D__SIZEOF_LONG_LONG__=8 -D__FLT128_DECIMAL_DIG__=36 -D__GCC_ATOMIC_LLONG_LOCK_FREE=2 -D__FLT32_HAS_QUIET_NAN__=1 -D__FLT_DECIMAL_DIG__=9 -D__UINT_FAST16_MAX__=0xffffffffffffffffUL '-D__LDBL_NORM_MAX__=1.18973149535723176502126385303097021e+4932L' -D__GCC_ATOMIC_SHORT_LOCK_FREE=2 '-D__UINT_FAST8_TYPE__=unsigned char' -D__ATOMIC_ACQ_REL=4 -D__ATOMIC_RELEASE=3 -I. -I. -I.. -I.. -I../intl -I. -DHAVE_CONFIG_H '-DLOCALEDIR="/usr/share/locale"' '-DSYSCONFFILE="/usr/etc/a2ps.cfg"' -I/usr/lib/gcc/x86_64-linux-gnu/11/include -I/usr/local/include -I/usr/include/x86_64-linux-gnu -I/usr/include -- faces.c
[E 01:46:28 286307] Starting compilation TRAP /home/dhr33ti/Desktop/courses/hss/codeQL_assignment/a2ps-4.14/database/trap/cpp/compilations/0/50271448_0.trap.br
[E 01:46:28 286307] Archiving /home/dhr33ti/Desktop/courses/hss/codeQL_assignment/a2ps-4.14/database/src/home/dhr33ti/Desktop/courses/hss/codeQL_assignment/a2ps-4.14/lib/faces.c
[E 01:46:28 286307] Already archived /home/dhr33ti/Desktop/courses/hss/codeQL_assignment/a2ps-4.14/database/src/home/dhr33ti/Desktop/courses/hss/codeQL_assignment/a2ps-4.14/lib/a2ps.h
[E 01:46:28 286307] Already archived /home/dhr33ti/Desktop/courses/hss/codeQL_assignment/a2ps-4.14/database/src/home/dhr33ti/Desktop/courses/hss/codeQL_assignment/a2ps-4.14/lib/system.h
[E 01:46:28 286307] Already archived /home/dhr33ti/Desktop/courses/hss/codeQL_assignment/a2ps-4.14/database/src/home/dhr33ti/Desktop/courses/hss/codeQL_assignment/a2ps-4.14/config.h
[E 01:46:28 286307] Already archived /home/dhr33ti/Desktop/courses/hss/codeQL_assignment/a2ps-4.14/database/src/usr/include/stdio.h
[E 01:46:28 286307] Already archived /home/dhr33ti/Desktop/courses/hss/codeQL_assignment/a2ps-4.14/database/src/usr/include/x86_64-linux-gnu/bits/libc-header-start.h
[E 01:46:28 286307] Already archived /home/dhr33ti/Desktop/courses/hss/codeQL_assignment/a2ps-4.14/database/src/usr/include/features.h
[E 01:46:28 286307] Already archived /home/dhr33ti/Desktop/courses/hss/codeQL_assignment/a2ps-4.14/database/src/usr/include/features-time64.h
[E 01:46:28 286307] Already archived /home/dhr33ti/Desktop/courses/hss/codeQL_assignment/a2ps-4.14/database/src/usr/include/x86_64-linux-gnu/bits/wordsize.h
[E 01:46:28 286307] Already archived /home/dhr33ti/Desktop/courses/hss/codeQL_assignment/a2ps-4.14/database/src/usr/include/x86_64-linux-gnu/bits/timesize.h
[E 01:46:28 286307] Already archived /home/dhr33ti/Desktop/courses/hss/codeQL_assignment/a2ps-4.14/database/src/usr/include/x86_64-linux-gnu/bits/wordsize.h
[E 01:46:28 286307] Already archived /home/dhr33ti/Desktop/courses/hss/codeQL_assignment/a2ps-4.14/database/src/usr/include/stdc-predef.h
[E 01:46:28 286307] Already archived /home/dhr33ti/Desktop/courses/hss/codeQL_assignment/a2ps-4.14/database/src/usr/include/x86_64-linux-gnu/sys/cdefs.h
[E 01:46:28 286307] Already archived /home/dhr33ti/Desktop/courses/hss/codeQL_assignment/a2ps-4.14/database/src/usr/include/x86_64-linux-gnu/bits/wordsize.h
[E 01:46:28 286307] Already archived /home/dhr33ti/Desktop/courses/hss/codeQL_assignment/a2ps-4.14/database/src/usr/include/x86_64-linux-gnu/bits/long-double.h
[E 01:46:28 286307] Already archived /home/dhr33ti/Desktop/courses/hss/codeQL_assignment/a2ps-4.14/database/src/usr/include/x86_64-linux-gnu/gnu/stubs.h
[E 01:46:28 286307] Already archived /home/dhr33ti/Desktop/courses/hss/codeQL_assignment/a2ps-4.14/database/src/usr/include/x86_64-linux-gnu/gnu/stubs-64.h
[E 01:46:28 286307] Already archived /home/dhr33ti/Desktop/courses/hss/codeQL_assignment/a2ps-4.14/database/src/usr/lib/gcc/x86_64-linux-gnu/11/include/stddef.h
[E 01:46:28 286307] Already archived /home/dhr33ti/Desktop/courses/hss/codeQL_assignment/a2ps-4.14/database/src/usr/lib/gcc/x86_64-linux-gnu/11/include/stdarg.h
[E 01:46:28 286307] Already archived /home/dhr33ti/Desktop/courses/hss/codeQL_assignment/a2ps-4.14/database/src/usr/include/x86_64-linux-gnu/bits/types.h
[E 01:46:28 286307] Already archived /home/dhr33ti/Desktop/courses/hss/codeQL_assignment/a2ps-4.14/database/src/usr/include/x86_64-linux-gnu/bits/wordsize.h
[E 01:46:28 286307] Already archived /home/dhr33ti/Desktop/courses/hss/codeQL_assignment/a2ps-4.14/database/src/usr/include/x86_64-linux-gnu/bits/timesize.h
[E 01:46:28 286307] Already archived /home/dhr33ti/Desktop/courses/hss/codeQL_assignment/a2ps-4.14/database/src/usr/include/x86_64-linux-gnu/bits/wordsize.h
[E 01:46:28 286307] Already archived /home/dhr33ti/Desktop/courses/hss/codeQL_assignment/a2ps-4.14/database/src/usr/include/x86_64-linux-gnu/bits/typesizes.h
[E 01:46:28 286307] Already archived /home/dhr33ti/Desktop/courses/hss/codeQL_assignment/a2ps-4.14/database/src/usr/include/x86_64-linux-gnu/bits/time64.h
[E 01:46:28 286307] Already archived /home/dhr33ti/Desktop/courses/hss/codeQL_assignment/a2ps-4.14/database/src/usr/include/x86_64-linux-gnu/bits/types/__fpos_t.h
[E 01:46:28 286307] Already archived /home/dhr33ti/Desktop/courses/hss/codeQL_assignment/a2ps-4.14/database/src/usr/include/x86_64-linux-gnu/bits/types/__mbstate_t.h
[E 01:46:28 286307] Already archived /home/dhr33ti/Desktop/courses/hss/codeQL_assignment/a2ps-4.14/database/src/usr/include/x86_64-linux-gnu/bits/types/__fpos64_t.h
[E 01:46:28 286307] Already archived /home/dhr33ti/Desktop/courses/hss/codeQL_assignment/a2ps-4.14/database/src/usr/include/x86_64-linux-gnu/bits/types/__FILE.h
[E 01:46:28 286307] Already archived /home/dhr33ti/Desktop/courses/hss/codeQL_assignment/a2ps-4.14/database/src/usr/include/x86_64-linux-gnu/bits/types/FILE.h
[E 01:46:28 286307] Already archived /home/dhr33ti/Desktop/courses/hss/codeQL_assignment/a2ps-4.14/database/src/usr/include/x86_64-linux-gnu/bits/types/struct_FILE.h
[E 01:46:28 286307] Already archived /home/dhr33ti/Desktop/courses/hss/codeQL_assignment/a2ps-4.14/database/src/usr/include/x86_64-linux-gnu/bits/stdio_lim.h
[E 01:46:28 286307] Already archived /home/dhr33ti/Desktop/courses/hss/codeQL_assignment/a2ps-4.14/database/src/usr/include/x86_64-linux-gnu/bits/floatn.h
[E 01:46:28 286307] Already archived /home/dhr33ti/Desktop/courses/hss/codeQL_assignment/a2ps-4.14/database/src/usr/include/x86_64-linux-gnu/bits/floatn-common.h
[E 01:46:28 286307] Already archived /home/dhr33ti/Desktop/courses/hss/codeQL_assignment/a2ps-4.14/database/src/usr/include/x86_64-linux-gnu/bits/long-double.h
[E 01:46:28 286307] Already archived /home/dhr33ti/Desktop/courses/hss/codeQL_assignment/a2ps-4.14/database/src/usr/include/x86_64-linux-gnu/bits/stdio.h
[E 01:46:28 286307] Already archived /home/dhr33ti/Desktop/courses/hss/codeQL_assignment/a2ps-4.14/database/src/usr/include/x86_64-linux-gnu/bits/stdio2.h
[E 01:46:28 286307] Already archived /home/dhr33ti/Desktop/courses/hss/codeQL_assignment/a2ps-4.14/database/src/usr/include/stdlib.h
[E 01:46:28 286307] Already archived /home/dhr33ti/Desktop/courses/hss/codeQL_assignment/a2ps-4.14/database/src/usr/include/x86_64-linux-gnu/bits/libc-header-start.h
[E 01:46:28 286307] Already archived /home/dhr33ti/Desktop/courses/hss/codeQL_assignment/a2ps-4.14/database/src/usr/lib/gcc/x86_64-linux-gnu/11/include/stddef.h
[E 01:46:28 286307] Already archived /home/dhr33ti/Desktop/courses/hss/codeQL_assignment/a2ps-4.14/database/src/usr/include/x86_64-linux-gnu/bits/waitflags.h
[E 01:46:28 286307] Already archived /home/dhr33ti/Desktop/courses/hss/codeQL_assignment/a2ps-4.14/database/src/usr/include/x86_64-linux-gnu/bits/waitstatus.h
[E 01:46:28 286307] Already archived /home/dhr33ti/Desktop/courses/hss/codeQL_assignment/a2ps-4.14/database/src/usr/include/x86_64-linux-gnu/sys/types.h
[E 01:46:28 286307] Already archived /home/dhr33ti/Desktop/courses/hss/codeQL_assignment/a2ps-4.14/database/src/usr/include/x86_64-linux-gnu/bits/types/clock_t.h
[E 01:46:28 286307] Already archived /home/dhr33ti/Desktop/courses/hss/codeQL_assignment/a2ps-4.14/database/src/usr/include/x86_64-linux-gnu/bits/types/clockid_t.h
[E 01:46:28 286307] Already archived /home/dhr33ti/Desktop/courses/hss/codeQL_assignment/a2ps-4.14/database/src/usr/include/x86_64-linux-gnu/bits/types/time_t.h
[E 01:46:28 286307] Already archived /home/dhr33ti/Desktop/courses/hss/codeQL_assignment/a2ps-4.14/database/src/usr/include/x86_64-linux-gnu/bits/types/timer_t.h
[E 01:46:28 286307] Already archived /home/dhr33ti/Desktop/courses/hss/codeQL_assignment/a2ps-4.14/database/src/usr/lib/gcc/x86_64-linux-gnu/11/include/stddef.h
[E 01:46:28 286307] Already archived /home/dhr33ti/Desktop/courses/hss/codeQL_assignment/a2ps-4.14/database/src/usr/include/x86_64-linux-gnu/bits/stdint-intn.h
[E 01:46:28 286307] Already archived /home/dhr33ti/Desktop/courses/hss/codeQL_assignment/a2ps-4.14/database/src/usr/include/endian.h
[E 01:46:28 286307] Already archived /home/dhr33ti/Desktop/courses/hss/codeQL_assignment/a2ps-4.14/database/src/usr/include/x86_64-linux-gnu/bits/endian.h
[E 01:46:28 286307] Already archived /home/dhr33ti/Desktop/courses/hss/codeQL_assignment/a2ps-4.14/database/src/usr/include/x86_64-linux-gnu/bits/endianness.h
[E 01:46:28 286307] Already archived /home/dhr33ti/Desktop/courses/hss/codeQL_assignment/a2ps-4.14/database/src/usr/include/x86_64-linux-gnu/bits/byteswap.h
[E 01:46:28 286307] Already archived /home/dhr33ti/Desktop/courses/hss/codeQL_assignment/a2ps-4.14/database/src/usr/include/x86_64-linux-gnu/bits/uintn-identity.h
[E 01:46:28 286307] Already archived /home/dhr33ti/Desktop/courses/hss/codeQL_assignment/a2ps-4.14/database/src/usr/include/x86_64-linux-gnu/sys/select.h
[E 01:46:28 286307] Already archived /home/dhr33ti/Desktop/courses/hss/codeQL_assignment/a2ps-4.14/database/src/usr/include/x86_64-linux-gnu/bits/select.h
[E 01:46:28 286307] Already archived /home/dhr33ti/Desktop/courses/hss/codeQL_assignment/a2ps-4.14/database/src/usr/include/x86_64-linux-gnu/bits/types/sigset_t.h
[E 01:46:28 286307] Already archived /home/dhr33ti/Desktop/courses/hss/codeQL_assignment/a2ps-4.14/database/src/usr/include/x86_64-linux-gnu/bits/types/__sigset_t.h
[E 01:46:28 286307] Already archived /home/dhr33ti/Desktop/courses/hss/codeQL_assignment/a2ps-4.14/database/src/usr/include/x86_64-linux-gnu/bits/types/struct_timeval.h
[E 01:46:28 286307] Already archived /home/dhr33ti/Desktop/courses/hss/codeQL_assignment/a2ps-4.14/database/src/usr/include/x86_64-linux-gnu/bits/types/struct_timespec.h
[E 01:46:28 286307] Already archived /home/dhr33ti/Desktop/courses/hss/codeQL_assignment/a2ps-4.14/database/src/usr/include/x86_64-linux-gnu/bits/select2.h
[E 01:46:28 286307] Already archived /home/dhr33ti/Desktop/courses/hss/codeQL_assignment/a2ps-4.14/database/src/usr/include/x86_64-linux-gnu/bits/pthreadtypes.h
[E 01:46:28 286307] Already archived /home/dhr33ti/Desktop/courses/hss/codeQL_assignment/a2ps-4.14/database/src/usr/include/x86_64-linux-gnu/bits/thread-shared-types.h
[E 01:46:28 286307] Already archived /home/dhr33ti/Desktop/courses/hss/codeQL_assignment/a2ps-4.14/database/src/usr/include/x86_64-linux-gnu/bits/pthreadtypes-arch.h
[E 01:46:28 286307] Already archived /home/dhr33ti/Desktop/courses/hss/codeQL_assignment/a2ps-4.14/database/src/usr/include/x86_64-linux-gnu/bits/wordsize.h
[E 01:46:28 286307] Already archived /home/dhr33ti/Desktop/courses/hss/codeQL_assignment/a2ps-4.14/database/src/usr/include/x86_64-linux-gnu/bits/atomic_wide_counter.h
[E 01:46:28 286307] Already archived /home/dhr33ti/Desktop/courses/hss/codeQL_assignment/a2ps-4.14/database/src/usr/include/x86_64-linux-gnu/bits/struct_mutex.h
[E 01:46:28 286307] Already archived /home/dhr33ti/Desktop/courses/hss/codeQL_assignment/a2ps-4.14/database/src/usr/include/x86_64-linux-gnu/bits/struct_rwlock.h
[E 01:46:28 286307] Already archived /home/dhr33ti/Desktop/courses/hss/codeQL_assignment/a2ps-4.14/database/src/usr/include/alloca.h
[E 01:46:28 286307] Already archived /home/dhr33ti/Desktop/courses/hss/codeQL_assignment/a2ps-4.14/database/src/usr/lib/gcc/x86_64-linux-gnu/11/include/stddef.h
[E 01:46:28 286307] Already archived /home/dhr33ti/Desktop/courses/hss/codeQL_assignment/a2ps-4.14/database/src/usr/include/x86_64-linux-gnu/bits/stdlib-bsearch.h
[E 01:46:28 286307] Already archived /home/dhr33ti/Desktop/courses/hss/codeQL_assignment/a2ps-4.14/database/src/usr/include/x86_64-linux-gnu/bits/stdlib-float.h
[E 01:46:28 286307] Already archived /home/dhr33ti/Desktop/courses/hss/codeQL_assignment/a2ps-4.14/database/src/usr/include/x86_64-linux-gnu/bits/stdlib.h
[E 01:46:28 286307] Already archived /home/dhr33ti/Desktop/courses/hss/codeQL_assignment/a2ps-4.14/database/src/usr/include/string.h
[E 01:46:28 286307] Already archived /home/dhr33ti/Desktop/courses/hss/codeQL_assignment/a2ps-4.14/database/src/usr/include/x86_64-linux-gnu/bits/libc-header-start.h
[E 01:46:28 286307] Already archived /home/dhr33ti/Desktop/courses/hss/codeQL_assignment/a2ps-4.14/database/src/usr/lib/gcc/x86_64-linux-gnu/11/include/stddef.h
[E 01:46:28 286307] Already archived /home/dhr33ti/Desktop/courses/hss/codeQL_assignment/a2ps-4.14/database/src/usr/include/x86_64-linux-gnu/bits/types/locale_t.h
[E 01:46:28 286307] Already archived /home/dhr33ti/Desktop/courses/hss/codeQL_assignment/a2ps-4.14/database/src/usr/include/x86_64-linux-gnu/bits/types/__locale_t.h
[E 01:46:28 286307] Already archived /home/dhr33ti/Desktop/courses/hss/codeQL_assignment/a2ps-4.14/database/src/usr/include/strings.h
[E 01:46:28 286307] Already archived /home/dhr33ti/Desktop/courses/hss/codeQL_assignment/a2ps-4.14/database/src/usr/lib/gcc/x86_64-linux-gnu/11/include/stddef.h
[E 01:46:28 286307] Already archived /home/dhr33ti/Desktop/courses/hss/codeQL_assignment/a2ps-4.14/database/src/usr/include/x86_64-linux-gnu/bits/strings_fortified.h
[E 01:46:28 286307] Already archived /home/dhr33ti/Desktop/courses/hss/codeQL_assignment/a2ps-4.14/database/src/usr/include/x86_64-linux-gnu/bits/string_fortified.h
[E 01:46:28 286307] Already archived /home/dhr33ti/Desktop/courses/hss/codeQL_assignment/a2ps-4.14/database/src/usr/include/math.h
[E 01:46:28 286307] Already archived /home/dhr33ti/Desktop/courses/hss/codeQL_assignment/a2ps-4.14/database/src/usr/include/x86_64-linux-gnu/bits/libc-header-start.h
[E 01:46:28 286307] Already archived /home/dhr33ti/Desktop/courses/hss/codeQL_assignment/a2ps-4.14/database/src/usr/include/x86_64-linux-gnu/bits/math-vector.h
[E 01:46:28 286307] Already archived /home/dhr33ti/Desktop/courses/hss/codeQL_assignment/a2ps-4.14/database/src/usr/include/x86_64-linux-gnu/bits/libm-simd-decl-stubs.h
[E 01:46:28 286307] Already archived /home/dhr33ti/Desktop/courses/hss/codeQL_assignment/a2ps-4.14/database/src/usr/include/x86_64-linux-gnu/bits/flt-eval-method.h
[E 01:46:28 286307] Already archived /home/dhr33ti/Desktop/courses/hss/codeQL_assignment/a2ps-4.14/database/src/usr/include/x86_64-linux-gnu/bits/fp-logb.h
[E 01:46:28 286307] Already archived /home/dhr33ti/Desktop/courses/hss/codeQL_assignment/a2ps-4.14/database/src/usr/include/x86_64-linux-gnu/bits/fp-fast.h
[E 01:46:28 286307] Already archived /home/dhr33ti/Desktop/courses/hss/codeQL_assignment/a2ps-4.14/database/src/usr/include/x86_64-linux-gnu/bits/mathcalls-helper-functions.h
[E 01:46:28 286307] Already archived /home/dhr33ti/Desktop/courses/hss/codeQL_assignment/a2ps-4.14/database/src/usr/include/x86_64-linux-gnu/bits/mathcalls.h
[E 01:46:28 286307] Already archived /home/dhr33ti/Desktop/courses/hss/codeQL_assignment/a2ps-4.14/database/src/usr/include/x86_64-linux-gnu/bits/mathcalls-helper-functions.h
[E 01:46:28 286307] Already archived /home/dhr33ti/Desktop/courses/hss/codeQL_assignment/a2ps-4.14/database/src/usr/include/x86_64-linux-gnu/bits/mathcalls.h
[E 01:46:28 286307] Already archived /home/dhr33ti/Desktop/courses/hss/codeQL_assignment/a2ps-4.14/database/src/usr/include/x86_64-linux-gnu/bits/mathcalls-helper-functions.h
[E 01:46:28 286307] Already archived /home/dhr33ti/Desktop/courses/hss/codeQL_assignment/a2ps-4.14/database/src/usr/include/x86_64-linux-gnu/bits/mathcalls.h
[E 01:46:28 286307] Already archived /home/dhr33ti/Desktop/courses/hss/codeQL_assignment/a2ps-4.14/database/src/usr/include/x86_64-linux-gnu/bits/mathcalls-helper-functions.h
[E 01:46:28 286307] Already archived /home/dhr33ti/Desktop/courses/hss/codeQL_assignment/a2ps-4.14/database/src/usr/include/errno.h
[E 01:46:28 286307] Already archived /home/dhr33ti/Desktop/courses/hss/codeQL_assignment/a2ps-4.14/database/src/usr/include/x86_64-linux-gnu/bits/errno.h
[E 01:46:28 286307] Already archived /home/dhr33ti/Desktop/courses/hss/codeQL_assignment/a2ps-4.14/database/src/usr/include/linux/errno.h
[E 01:46:28 286307] Already archived /home/dhr33ti/Desktop/courses/hss/codeQL_assignment/a2ps-4.14/database/src/usr/include/x86_64-linux-gnu/asm/errno.h
[E 01:46:28 286307] Already archived /home/dhr33ti/Desktop/courses/hss/codeQL_assignment/a2ps-4.14/database/src/usr/include/asm-generic/errno.h
[E 01:46:28 286307] Already archived /home/dhr33ti/Desktop/courses/hss/codeQL_assignment/a2ps-4.14/database/src/usr/include/asm-generic/errno-base.h
[E 01:46:28 286307] Already archived /home/dhr33ti/Desktop/courses/hss/codeQL_assignment/a2ps-4.14/database/src/usr/include/ctype.h
[E 01:46:28 286307] Already archived /home/dhr33ti/Desktop/courses/hss/codeQL_assignment/a2ps-4.14/database/src/usr/include/x86_64-linux-gnu/sys/wait.h
[E 01:46:28 286307] Already archived /home/dhr33ti/Desktop/courses/hss/codeQL_assignment/a2ps-4.14/database/src/usr/include/signal.h
[E 01:46:28 286307] Already archived /home/dhr33ti/Desktop/courses/hss/codeQL_assignment/a2ps-4.14/database/src/usr/include/x86_64-linux-gnu/bits/signum-generic.h
[E 01:46:28 286307] Already archived /home/dhr33ti/Desktop/courses/hss/codeQL_assignment/a2ps-4.14/database/src/usr/include/x86_64-linux-gnu/bits/signum-arch.h
[E 01:46:28 286307] Already archived /home/dhr33ti/Desktop/courses/hss/codeQL_assignment/a2ps-4.14/database/src/usr/include/x86_64-linux-gnu/bits/types/sig_atomic_t.h
[E 01:46:28 286307] Already archived /home/dhr33ti/Desktop/courses/hss/codeQL_assignment/a2ps-4.14/database/src/usr/include/x86_64-linux-gnu/bits/types/siginfo_t.h
[E 01:46:28 286307] Already archived /home/dhr33ti/Desktop/courses/hss/codeQL_assignment/a2ps-4.14/database/src/usr/include/x86_64-linux-gnu/bits/wordsize.h
[E 01:46:28 286307] Already archived /home/dhr33ti/Desktop/courses/hss/codeQL_assignment/a2ps-4.14/database/src/usr/include/x86_64-linux-gnu/bits/types/__sigval_t.h
[E 01:46:28 286307] Already archived /home/dhr33ti/Desktop/courses/hss/codeQL_assignment/a2ps-4.14/database/src/usr/include/x86_64-linux-gnu/bits/siginfo-arch.h
[E 01:46:28 286307] Already archived /home/dhr33ti/Desktop/courses/hss/codeQL_assignment/a2ps-4.14/database/src/usr/include/x86_64-linux-gnu/bits/siginfo-consts.h
[E 01:46:28 286307] Already archived /home/dhr33ti/Desktop/courses/hss/codeQL_assignment/a2ps-4.14/database/src/usr/include/x86_64-linux-gnu/bits/types/sigval_t.h
[E 01:46:28 286307] Already archived /home/dhr33ti/Desktop/courses/hss/codeQL_assignment/a2ps-4.14/database/src/usr/include/x86_64-linux-gnu/bits/types/sigevent_t.h
[E 01:46:28 286307] Already archived /home/dhr33ti/Desktop/courses/hss/codeQL_assignment/a2ps-4.14/database/src/usr/include/x86_64-linux-gnu/bits/wordsize.h
[E 01:46:28 286307] Already archived /home/dhr33ti/Desktop/courses/hss/codeQL_assignment/a2ps-4.14/database/src/usr/include/x86_64-linux-gnu/bits/sigevent-consts.h
[E 01:46:28 286307] Already archived /home/dhr33ti/Desktop/courses/hss/codeQL_assignment/a2ps-4.14/database/src/usr/include/x86_64-linux-gnu/bits/sigaction.h
[E 01:46:28 286307] Already archived /home/dhr33ti/Desktop/courses/hss/codeQL_assignment/a2ps-4.14/database/src/usr/include/x86_64-linux-gnu/bits/sigcontext.h
[E 01:46:28 286307] Already archived /home/dhr33ti/Desktop/courses/hss/codeQL_assignment/a2ps-4.14/database/src/usr/lib/gcc/x86_64-linux-gnu/11/include/stddef.h
[E 01:46:28 286307] Already archived /home/dhr33ti/Desktop/courses/hss/codeQL_assignment/a2ps-4.14/database/src/usr/include/x86_64-linux-gnu/bits/types/stack_t.h
[E 01:46:28 286307] Already archived /home/dhr33ti/Desktop/courses/hss/codeQL_assignment/a2ps-4.14/database/src/usr/lib/gcc/x86_64-linux-gnu/11/include/stddef.h
[E 01:46:28 286307] Already archived /home/dhr33ti/Desktop/courses/hss/codeQL_assignment/a2ps-4.14/database/src/usr/include/x86_64-linux-gnu/sys/ucontext.h
[E 01:46:28 286307] Already archived /home/dhr33ti/Desktop/courses/hss/codeQL_assignment/a2ps-4.14/database/src/usr/include/x86_64-linux-gnu/bits/sigstack.h
[E 01:46:28 286307] Already archived /home/dhr33ti/Desktop/courses/hss/codeQL_assignment/a2ps-4.14/database/src/usr/include/x86_64-linux-gnu/bits/sigstksz.h
[E 01:46:28 286307] Already archived /home/dhr33ti/Desktop/courses/hss/codeQL_assignment/a2ps-4.14/database/src/usr/include/x86_64-linux-gnu/bits/ss_flags.h
[E 01:46:28 286307] Already archived /home/dhr33ti/Desktop/courses/hss/codeQL_assignment/a2ps-4.14/database/src/usr/include/x86_64-linux-gnu/bits/types/struct_sigstack.h
[E 01:46:28 286307] Already archived /home/dhr33ti/Desktop/courses/hss/codeQL_assignment/a2ps-4.14/database/src/usr/include/x86_64-linux-gnu/bits/sigthread.h
[E 01:46:28 286307] Already archived /home/dhr33ti/Desktop/courses/hss/codeQL_assignment/a2ps-4.14/database/src/usr/include/x86_64-linux-gnu/bits/signal_ext.h
[E 01:46:28 286307] Already archived /home/dhr33ti/Desktop/courses/hss/codeQL_assignment/a2ps-4.14/database/src/usr/include/pwd.h
[E 01:46:28 286307] Already archived /home/dhr33ti/Desktop/courses/hss/codeQL_assignment/a2ps-4.14/database/src/usr/lib/gcc/x86_64-linux-gnu/11/include/stddef.h
[E 01:46:28 286307] Already archived /home/dhr33ti/Desktop/courses/hss/codeQL_assignment/a2ps-4.14/database/src/usr/include/unistd.h
[E 01:46:28 286307] Already archived /home/dhr33ti/Desktop/courses/hss/codeQL_assignment/a2ps-4.14/database/src/usr/include/x86_64-linux-gnu/bits/posix_opt.h
[E 01:46:28 286307] Already archived /home/dhr33ti/Desktop/courses/hss/codeQL_assignment/a2ps-4.14/database/src/usr/include/x86_64-linux-gnu/bits/environments.h
[E 01:46:28 286307] Already archived /home/dhr33ti/Desktop/courses/hss/codeQL_assignment/a2ps-4.14/database/src/usr/include/x86_64-linux-gnu/bits/wordsize.h
[E 01:46:28 286307] Already archived /home/dhr33ti/Desktop/courses/hss/codeQL_assignment/a2ps-4.14/database/src/usr/lib/gcc/x86_64-linux-gnu/11/include/stddef.h
[E 01:46:28 286307] Already archived /home/dhr33ti/Desktop/courses/hss/codeQL_assignment/a2ps-4.14/database/src/usr/include/x86_64-linux-gnu/bits/confname.h
[E 01:46:28 286307] Already archived /home/dhr33ti/Desktop/courses/hss/codeQL_assignment/a2ps-4.14/database/src/usr/include/x86_64-linux-gnu/bits/getopt_posix.h
[E 01:46:28 286307] Already archived /home/dhr33ti/Desktop/courses/hss/codeQL_assignment/a2ps-4.14/database/src/usr/include/x86_64-linux-gnu/bits/getopt_core.h
[E 01:46:28 286307] Already archived /home/dhr33ti/Desktop/courses/hss/codeQL_assignment/a2ps-4.14/database/src/usr/include/x86_64-linux-gnu/bits/unistd.h
[E 01:46:28 286307] Already archived /home/dhr33ti/Desktop/courses/hss/codeQL_assignment/a2ps-4.14/database/src/usr/include/x86_64-linux-gnu/bits/unistd_ext.h
[E 01:46:28 286307] Already archived /home/dhr33ti/Desktop/courses/hss/codeQL_assignment/a2ps-4.14/database/src/usr/include/x86_64-linux-gnu/sys/stat.h
[E 01:46:28 286307] Already archived /home/dhr33ti/Desktop/courses/hss/codeQL_assignment/a2ps-4.14/database/src/usr/include/x86_64-linux-gnu/bits/stat.h
[E 01:46:28 286307] Already archived /home/dhr33ti/Desktop/courses/hss/codeQL_assignment/a2ps-4.14/database/src/usr/include/x86_64-linux-gnu/bits/struct_stat.h
[E 01:46:28 286307] Already archived /home/dhr33ti/Desktop/courses/hss/codeQL_assignment/a2ps-4.14/database/src/usr/lib/gcc/x86_64-linux-gnu/11/include/limits.h
[E 01:46:28 286307] Already archived /home/dhr33ti/Desktop/courses/hss/codeQL_assignment/a2ps-4.14/database/src/usr/lib/gcc/x86_64-linux-gnu/11/include/syslimits.h
[E 01:46:28 286307] Already archived /home/dhr33ti/Desktop/courses/hss/codeQL_assignment/a2ps-4.14/database/src/usr/lib/gcc/x86_64-linux-gnu/11/include/limits.h
[E 01:46:28 286307] Already archived /home/dhr33ti/Desktop/courses/hss/codeQL_assignment/a2ps-4.14/database/src/usr/include/limits.h
[E 01:46:28 286307] Already archived /home/dhr33ti/Desktop/courses/hss/codeQL_assignment/a2ps-4.14/database/src/usr/include/x86_64-linux-gnu/bits/libc-header-start.h
[E 01:46:28 286307] Already archived /home/dhr33ti/Desktop/courses/hss/codeQL_assignment/a2ps-4.14/database/src/usr/include/x86_64-linux-gnu/bits/posix1_lim.h
[E 01:46:28 286307] Already archived /home/dhr33ti/Desktop/courses/hss/codeQL_assignment/a2ps-4.14/database/src/usr/include/x86_64-linux-gnu/bits/wordsize.h
[E 01:46:28 286307] Already archived /home/dhr33ti/Desktop/courses/hss/codeQL_assignment/a2ps-4.14/database/src/usr/include/x86_64-linux-gnu/bits/local_lim.h
[E 01:46:28 286307] Already archived /home/dhr33ti/Desktop/courses/hss/codeQL_assignment/a2ps-4.14/database/src/usr/include/linux/limits.h
[E 01:46:28 286307] Already archived /home/dhr33ti/Desktop/courses/hss/codeQL_assignment/a2ps-4.14/database/src/usr/include/x86_64-linux-gnu/bits/pthread_stack_min-dynamic.h
[E 01:46:28 286307] Already archived /home/dhr33ti/Desktop/courses/hss/codeQL_assignment/a2ps-4.14/database/src/usr/include/x86_64-linux-gnu/bits/pthread_stack_min.h
[E 01:46:28 286307] Already archived /home/dhr33ti/Desktop/courses/hss/codeQL_assignment/a2ps-4.14/database/src/usr/include/x86_64-linux-gnu/bits/posix2_lim.h
[E 01:46:28 286307] Already archived /home/dhr33ti/Desktop/courses/hss/codeQL_assignment/a2ps-4.14/database/src/usr/include/time.h
[E 01:46:28 286307] Already archived /home/dhr33ti/Desktop/courses/hss/codeQL_assignment/a2ps-4.14/database/src/usr/lib/gcc/x86_64-linux-gnu/11/include/stddef.h
[E 01:46:28 286307] Already archived /home/dhr33ti/Desktop/courses/hss/codeQL_assignment/a2ps-4.14/database/src/usr/include/x86_64-linux-gnu/bits/time.h
[E 01:46:28 286307] Already archived /home/dhr33ti/Desktop/courses/hss/codeQL_assignment/a2ps-4.14/database/src/usr/include/x86_64-linux-gnu/bits/types/struct_tm.h
[E 01:46:28 286307] Already archived /home/dhr33ti/Desktop/courses/hss/codeQL_assignment/a2ps-4.14/database/src/usr/include/x86_64-linux-gnu/bits/types/struct_itimerspec.h
[E 01:46:28 286307] Already archived /home/dhr33ti/Desktop/courses/hss/codeQL_assignment/a2ps-4.14/database/src/usr/include/x86_64-linux-gnu/sys/time.h
[E 01:46:28 286307] Already archived /home/dhr33ti/Desktop/courses/hss/codeQL_assignment/a2ps-4.14/database/src/usr/lib/gcc/x86_64-linux-gnu/11/include/stdbool.h
[E 01:46:28 286307] Already archived /home/dhr33ti/Desktop/courses/hss/codeQL_assignment/a2ps-4.14/database/src/home/dhr33ti/Desktop/courses/hss/codeQL_assignment/a2ps-4.14/lib/gettext.h
[E 01:46:28 286307] Already archived /home/dhr33ti/Desktop/courses/hss/codeQL_assignment/a2ps-4.14/database/src/usr/include/libintl.h
[E 01:46:28 286307] Already archived /home/dhr33ti/Desktop/courses/hss/codeQL_assignment/a2ps-4.14/database/src/usr/lib/gcc/x86_64-linux-gnu/11/include/stddef.h
[E 01:46:28 286307] Already archived /home/dhr33ti/Desktop/courses/hss/codeQL_assignment/a2ps-4.14/database/src/usr/include/locale.h
[E 01:46:28 286307] Already archived /home/dhr33ti/Desktop/courses/hss/codeQL_assignment/a2ps-4.14/database/src/usr/lib/gcc/x86_64-linux-gnu/11/include/stddef.h
[E 01:46:28 286307] Already archived /home/dhr33ti/Desktop/courses/hss/codeQL_assignment/a2ps-4.14/database/src/usr/include/x86_64-linux-gnu/bits/locale.h
[E 01:46:28 286307] Already archived /home/dhr33ti/Desktop/courses/hss/codeQL_assignment/a2ps-4.14/database/src/home/dhr33ti/Desktop/courses/hss/codeQL_assignment/a2ps-4.14/lib/fnmatch.h
[E 01:46:28 286307] Already archived /home/dhr33ti/Desktop/courses/hss/codeQL_assignment/a2ps-4.14/database/src/usr/lib/gcc/x86_64-linux-gnu/11/include/stdarg.h
[E 01:46:28 286307] Already archived /home/dhr33ti/Desktop/courses/hss/codeQL_assignment/a2ps-4.14/database/src/home/dhr33ti/Desktop/courses/hss/codeQL_assignment/a2ps-4.14/lib/xalloc.h
[E 01:46:28 286307] Already archived /home/dhr33ti/Desktop/courses/hss/codeQL_assignment/a2ps-4.14/database/src/home/dhr33ti/Desktop/courses/hss/codeQL_assignment/a2ps-4.14/lib/error.h
[E 01:46:28 286307] Already archived /home/dhr33ti/Desktop/courses/hss/codeQL_assignment/a2ps-4.14/database/src/home/dhr33ti/Desktop/courses/hss/codeQL_assignment/a2ps-4.14/lib/faces.h
[E 01:46:28 286307] Already archived /home/dhr33ti/Desktop/courses/hss/codeQL_assignment/a2ps-4.14/database/src/home/dhr33ti/Desktop/courses/hss/codeQL_assignment/a2ps-4.14/lib/routines.h
[E 01:46:28 286307] Already archived /home/dhr33ti/Desktop/courses/hss/codeQL_assignment/a2ps-4.14/database/src/home/dhr33ti/Desktop/courses/hss/codeQL_assignment/a2ps-4.14/lib/jobs.h
[E 01:46:28 286307] Already archived /home/dhr33ti/Desktop/courses/hss/codeQL_assignment/a2ps-4.14/database/src/home/dhr33ti/Desktop/courses/hss/codeQL_assignment/a2ps-4.14/lib/encoding.h
[E 01:46:28 286307] Already archived /home/dhr33ti/Desktop/courses/hss/codeQL_assignment/a2ps-4.14/database/src/home/dhr33ti/Desktop/courses/hss/codeQL_assignment/a2ps-4.14/lib/hashtab.h
[E 01:46:28 286307] Already archived /home/dhr33ti/Desktop/courses/hss/codeQL_assignment/a2ps-4.14/database/src/home/dhr33ti/Desktop/courses/hss/codeQL_assignment/a2ps-4.14/lib/output.h
[E 01:46:28 286307] Already archived /home/dhr33ti/Desktop/courses/hss/codeQL_assignment/a2ps-4.14/database/src/home/dhr33ti/Desktop/courses/hss/codeQL_assignment/a2ps-4.14/lib/confg.h
[E 01:46:28 286307] Already archived /home/dhr33ti/Desktop/courses/hss/codeQL_assignment/a2ps-4.14/database/src/home/dhr33ti/Desktop/courses/hss/codeQL_assignment/a2ps-4.14/config.h
[E 01:46:28 286307] Already archived /home/dhr33ti/Desktop/courses/hss/codeQL_assignment/a2ps-4.14/database/src/home/dhr33ti/Desktop/courses/hss/codeQL_assignment/a2ps-4.14/lib/media.h
[E 01:46:28 286307] Already archived /home/dhr33ti/Desktop/courses/hss/codeQL_assignment/a2ps-4.14/database/src/home/dhr33ti/Desktop/courses/hss/codeQL_assignment/a2ps-4.14/config.h
[E 01:46:28 286307] Already archived /home/dhr33ti/Desktop/courses/hss/codeQL_assignment/a2ps-4.14/database/src/home/dhr33ti/Desktop/courses/hss/codeQL_assignment/a2ps-4.14/lib/darray.h
[E 01:46:28 286307] Already archived /home/dhr33ti/Desktop/courses/hss/codeQL_assignment/a2ps-4.14/database/src/home/dhr33ti/Desktop/courses/hss/codeQL_assignment/a2ps-4.14/lib/gen.h
[E 01:46:28 286307] Already archived /home/dhr33ti/Desktop/courses/hss/codeQL_assignment/a2ps-4.14/database/src/home/dhr33ti/Desktop/courses/hss/codeQL_assignment/a2ps-4.14/lib/psstat.h
[E 01:46:28 286307] Already archived /home/dhr33ti/Desktop/courses/hss/codeQL_assignment/a2ps-4.14/database/src/home/dhr33ti/Desktop/courses/hss/codeQL_assignment/a2ps-4.14/lib/caret.h
[E 01:46:28 286307] Already archived /home/dhr33ti/Desktop/courses/hss/codeQL_assignment/a2ps-4.14/database/src/home/dhr33ti/Desktop/courses/hss/codeQL_assignment/a2ps-4.14/lib/common.h
[E 01:46:28 286307] Already archived /home/dhr33ti/Desktop/courses/hss/codeQL_assignment/a2ps-4.14/database/src/home/dhr33ti/Desktop/courses/hss/codeQL_assignment/a2ps-4.14/lib/printers.h
[E 01:46:28 286307] Already archived /home/dhr33ti/Desktop/courses/hss/codeQL_assignment/a2ps-4.14/database/src/home/dhr33ti/Desktop/courses/hss/codeQL_assignment/a2ps-4.14/lib/backupfile.h
[E 01:46:28 286307] Already archived /home/dhr33ti/Desktop/courses/hss/codeQL_assignment/a2ps-4.14/database/src/home/dhr33ti/Desktop/courses/hss/codeQL_assignment/a2ps-4.14/lib/madir.h
[E 01:46:28 286307] Already archived /home/dhr33ti/Desktop/courses/hss/codeQL_assignment/a2ps-4.14/database/src/home/dhr33ti/Desktop/courses/hss/codeQL_assignment/a2ps-4.14/lib/filalign.h
[E 01:46:28 286307] Creating trap tarball /home/dhr33ti/Desktop/courses/hss/codeQL_assignment/a2ps-4.14/database/trap/cpp/tarballs/home/dhr33ti/Desktop/courses/hss/codeQL_assignment/a2ps-4.14/lib/faces.c.e9a5cb28_0.trap.tar.br
[E 01:46:28 286307] Emitting trap files for faces.c
[E 01:46:28 286307] Opening existencedb in /home/dhr33ti/Desktop/courses/hss/codeQL_assignment/a2ps-4.14/database/working/existencedb/db
[E 01:46:28 286307] Warning[extractor-c++]: In index_attribute_arg: Unknown kind 5.
[E 01:46:28 286307] Warning[extractor-c++]: In index_attribute_arg: Unknown kind 5.
[E 01:46:28 286307] Warning[extractor-c++]: In index_attribute_arg: Unknown kind 5.
[E 01:46:28 286307] Warning[extractor-c++]: In index_attribute_arg: Unknown kind 5.
[E 01:46:28 286307] Warning[extractor-c++]: In index_attribute_arg: Unknown kind 5.
[E 01:46:28 286307] Warning[extractor-c++]: In index_attribute_arg: Unknown kind 5.
[E 01:46:28 286307] Warning[extractor-c++]: In index_attribute_arg: Unknown kind 5.
[E 01:46:28 286307] Warning[extractor-c++]: In index_attribute_arg: Unknown kind 5.
[E 01:46:28 286307] Warning[extractor-c++]: In index_attribute_arg: Unknown kind 5.
[E 01:46:28 286307] Wrote 1 files to /home/dhr33ti/Desktop/courses/hss/codeQL_assignment/a2ps-4.14/database/trap/cpp/tarballs/home/dhr33ti/Desktop/courses/hss/codeQL_assignment/a2ps-4.14/lib/faces.c.e9a5cb28_0.trap.tar.br
[E 01:46:28 286307] Finished compilation TRAP /home/dhr33ti/Desktop/courses/hss/codeQL_assignment/a2ps-4.14/database/trap/cpp/compilations/0/50271448_0.trap.br
[E 01:46:28 286307] Marking C compilation as happened.
[E 01:46:28 286307] Setting tag c-compilation-happened
[E 01:46:28 286307] Starting from CODEQL_TRACER_DB_ID 0000000000045E61_0000000000000001
[E 01:46:28 286307] Locking DB /home/dhr33ti/Desktop/courses/hss/codeQL_assignment/a2ps-4.14/database/working/tags.db
[E 01:46:28 286307] Locked DB /home/dhr33ti/Desktop/courses/hss/codeQL_assignment/a2ps-4.14/database/working/tags.db
[E 01:46:28 286307] Set tag for 0000000000045E61_0000000000000001
[E 01:46:28 286307] Set tag for 0000000000045E5F_0000000000000001
[E 01:46:28 286307] Set tag for 0000000000045DFD_0000000000000001
[E 01:46:28 286307] Set tag for 0000000000045DFC_0000000000000001
[E 01:46:28 286307] Set tag for 0000000000045A8D_0000000000000002
[E 01:46:28 286307] Set tag for 0000000000045A8D_0000000000000001
[E 01:46:28 286307] Set tag for 0000000000045A8C_0000000000000001
[E 01:46:28 286307] Set tag for 0000000000045A53_0000000000000001
[E 01:46:28 286307] Set tag for 0000000000045A4D_0000000000000002
[E 01:46:28 286307] Set tag for 0000000000045A4D_0000000000000001
[E 01:46:28 286307] Set tag for 0000000000045A46_0000000000000001
[E 01:46:28 286307] Set tag for 0000000000045A44_0000000000000001
[E 01:46:28 286307] Set tag for 0000000000044191_0000000000000003
[E 01:46:28 286307] Set tag for 0000000000044191_0000000000000002
[E 01:46:28 286307] Set tag for root
[E 01:46:28 286307] Unlocking DB
[E 01:46:28 286307] Unlocked DB
