[2022-11-11 16:07:41] This is codeql database create a2psDB --overwrite --language=cpp
[2022-11-11 16:07:41] Log file was started late.
[2022-11-11 16:07:41] [PROGRESS] database create> Initializing database at /home/arun/Desktop/TakeDownHSS/CodeQL/RealWorldRepos/a2ps/a2psDB.
[2022-11-11 16:07:41] Running plumbing command: codeql database init --overwrite --language=cpp --source-root=/home/arun/Desktop/TakeDownHSS/CodeQL/RealWorldRepos/a2ps --allow-missing-source-root=false --allow-already-existing -- /home/arun/Desktop/TakeDownHSS/CodeQL/RealWorldRepos/a2ps/a2psDB
[2022-11-11 16:07:41] [PROGRESS] database init> Counting lines of code in /home/arun/Desktop/TakeDownHSS/CodeQL/RealWorldRepos/a2ps
[2022-11-11 16:07:41] [PROGRESS] database init> Resolving extractor cpp.
[2022-11-11 16:07:41] Calling plumbing command: codeql resolve languages --format=json
[2022-11-11 16:07:41] [DETAILS] resolve languages> Scanning for [codeql-extractor.yml] from /home/arun/codeql/.codeqlmanifest.json
[2022-11-11 16:07:41] [DETAILS] resolve languages> Parsing /home/arun/codeql/properties/codeql-extractor.yml.
[2022-11-11 16:07:41] [DETAILS] resolve languages> Parsing /home/arun/codeql/html/codeql-extractor.yml.
[2022-11-11 16:07:41] [DETAILS] resolve languages> Parsing /home/arun/codeql/csv/codeql-extractor.yml.
[2022-11-11 16:07:41] [DETAILS] resolve languages> Parsing /home/arun/codeql/csharp/codeql-extractor.yml.
[2022-11-11 16:07:41] [DETAILS] resolve languages> Parsing /home/arun/codeql/cpp/codeql-extractor.yml.
[2022-11-11 16:07:41] [DETAILS] resolve languages> Parsing /home/arun/codeql/java/codeql-extractor.yml.
[2022-11-11 16:07:41] [DETAILS] resolve languages> Parsing /home/arun/codeql/javascript/codeql-extractor.yml.
[2022-11-11 16:07:41] [DETAILS] resolve languages> Parsing /home/arun/codeql/ruby/codeql-extractor.yml.
[2022-11-11 16:07:41] [DETAILS] resolve languages> Parsing /home/arun/codeql/python/codeql-extractor.yml.
[2022-11-11 16:07:41] [DETAILS] resolve languages> Parsing /home/arun/codeql/xml/codeql-extractor.yml.
[2022-11-11 16:07:41] [DETAILS] resolve languages> Parsing /home/arun/codeql/go/codeql-extractor.yml.
[2022-11-11 16:07:41] Plumbing command codeql resolve languages completed:
                      {
                        "extractors" : {
                          "properties" : [
                            {
                              "extractor_root" : "/home/arun/codeql/properties"
                            }
                          ],
                          "html" : [
                            {
                              "extractor_root" : "/home/arun/codeql/html"
                            }
                          ],
                          "csv" : [
                            {
                              "extractor_root" : "/home/arun/codeql/csv"
                            }
                          ],
                          "csharp" : [
                            {
                              "extractor_root" : "/home/arun/codeql/csharp",
                              "extractor_options" : {
                                "trap" : {
                                  "title" : "Options pertaining to TRAP.",
                                  "description" : "Options pertaining to TRAP.",
                                  "type" : "object",
                                  "properties" : {
                                    "compression" : {
                                      "title" : "Controls compression for the TRAP files written by the extractor.",
                                      "description" : "This option is only intended for use in debugging the extractor. Accepted values are 'brotli' (the default, to write brotli-compressed TRAP), 'gzip', and 'none' (to write uncompressed TRAP).\n",
                                      "type" : "string",
                                      "pattern" : "^(none|gzip|brotli)$"
                                    }
                                  }
                                },
                                "buildless" : {
                                  "title" : "Whether to use buildless (standalone) extraction.",
                                  "description" : "A value indicating, which type of extraction the autobuilder should perform. If 'true', then the standalone extractor will be used, otherwise tracing extraction will be performed. The default is 'false'. Note that buildless extraction will generally yield less accurate analysis results, and should only be used in cases where it is not possible to build the code (for example if it uses inaccessible dependencies).\n",
                                  "type" : "string",
                                  "pattern" : "^(false|true)$"
                                },
                                "cil" : {
                                  "title" : "Whether to enable CIL extraction.",
                                  "description" : "A value indicating, whether CIL extraction should be enabled. The default is 'true'.\n",
                                  "type" : "string",
                                  "pattern" : "^(false|true)$"
                                }
                              }
                            }
                          ],
                          "cpp" : [
                            {
                              "extractor_root" : "/home/arun/codeql/cpp"
                            }
                          ],
                          "java" : [
                            {
                              "extractor_root" : "/home/arun/codeql/java",
                              "extractor_options" : {
                                "exclude" : {
                                  "title" : "A glob excluding files from analysis.",
                                  "description" : "A glob indicating what files to exclude from the analysis.\n",
                                  "type" : "string"
                                }
                              }
                            }
                          ],
                          "javascript" : [
                            {
                              "extractor_root" : "/home/arun/codeql/javascript",
                              "extractor_options" : { }
                            }
                          ],
                          "ruby" : [
                            {
                              "extractor_root" : "/home/arun/codeql/ruby"
                            }
                          ],
                          "python" : [
                            {
                              "extractor_root" : "/home/arun/codeql/python"
                            }
                          ],
                          "xml" : [
                            {
                              "extractor_root" : "/home/arun/codeql/xml"
                            }
                          ],
                          "go" : [
                            {
                              "extractor_root" : "/home/arun/codeql/go"
                            }
                          ]
                        }
                      }
[2022-11-11 16:07:41] [DETAILS] database init> Found candidate extractor root for cpp: /home/arun/codeql/cpp.
[2022-11-11 16:07:41] [PROGRESS] database init> Successfully loaded extractor C/C++ (cpp) from /home/arun/codeql/cpp.
[2022-11-11 16:07:41] [PROGRESS] database init> Created skeleton CodeQL database at /home/arun/Desktop/TakeDownHSS/CodeQL/RealWorldRepos/a2ps/a2psDB. This in-progress database is ready to be populated by an extractor.
[2022-11-11 16:07:41] Plumbing command codeql database init completed.
[2022-11-11 16:07:41] Using autobuild script /home/arun/codeql/cpp/tools/autobuild.sh.
[2022-11-11 16:07:41] [DETAILS] database create> Detected autobuild command for C/C++: /home/arun/codeql/cpp/tools/autobuild.sh.
[2022-11-11 16:07:41] [PROGRESS] database create> Running build command: [/home/arun/codeql/cpp/tools/autobuild.sh]
[2022-11-11 16:07:41] Running plumbing command: codeql database trace-command --working-dir=/home/arun/Desktop/TakeDownHSS/CodeQL/RealWorldRepos/a2ps --index-traceless-dbs --no-db-cluster -- /home/arun/Desktop/TakeDownHSS/CodeQL/RealWorldRepos/a2ps/a2psDB /home/arun/codeql/cpp/tools/autobuild.sh
[2022-11-11 16:07:41] [PROGRESS] database trace-command> Running command in /home/arun/Desktop/TakeDownHSS/CodeQL/RealWorldRepos/a2ps: [/home/arun/codeql/cpp/tools/autobuild.sh]
[2022-11-11 16:07:41] [build-stderr] + TOOLS_DIR=/home/arun/codeql/cpp/tools
[2022-11-11 16:07:42] [build-stderr] + /home/arun/codeql/cpp/tools/detect_source_root
[2022-11-11 16:07:42] [build-stdout] detect_source_root: Using build system found in '.'
[2022-11-11 16:07:42] [build-stderr] ln: failed to create symbolic link '_lgtm_detected_source_root/.': File exists
[2022-11-11 16:07:42] [build-stderr] + '[' -L _lgtm_detected_source_root ']'
[2022-11-11 16:07:42] [build-stderr] ++ readlink _lgtm_detected_source_root
[2022-11-11 16:07:42] [build-stderr] + cd .
[2022-11-11 16:07:42] [build-stderr] + export CXXFLAGS=-fpermissive
[2022-11-11 16:07:42] [build-stderr] + CXXFLAGS=-fpermissive
[2022-11-11 16:07:42] [build-stderr] + configure_prefix_opt=
[2022-11-11 16:07:42] [build-stderr] + '[' -f configure.ac ']'
[2022-11-11 16:07:42] [build-stderr] + configure_prefix_opt=--prefix=/usr
[2022-11-11 16:07:42] [build-stderr] + '[' -f CMakeLists.txt ']'
[2022-11-11 16:07:42] [build-stderr] + '[' -f meson.build ']'
[2022-11-11 16:07:42] [build-stderr] + try_configure
[2022-11-11 16:07:42] [build-stderr] + build_dir=.
[2022-11-11 16:07:42] [build-stderr] + root_dir=.
[2022-11-11 16:07:42] [build-stderr] + grep -q 'AC_MSG_.* configure in a separate.* directory' configure.in configure.ac
[2022-11-11 16:07:42] [build-stderr] + for configure in configure configure.gnu
[2022-11-11 16:07:42] [build-stderr] + '[' -x configure ']'
[2022-11-11 16:07:42] [build-stderr] + cd .
[2022-11-11 16:07:42] [build-stderr] + /home/arun/codeql/cpp/tools/configure-wrapper ./configure --prefix=/usr
[2022-11-11 16:07:42] [build-stdout] checking for a BSD-compatible install... /usr/bin/install -c
[2022-11-11 16:07:42] [build-stdout] checking whether build environment is sane... yes
[2022-11-11 16:07:42] [build-stdout] checking for a thread-safe mkdir -p... /usr/bin/mkdir -p
[2022-11-11 16:07:42] [build-stdout] checking for gawk... no
[2022-11-11 16:07:42] [build-stdout] checking for mawk... mawk
[2022-11-11 16:07:42] [build-stdout] checking whether make sets $(MAKE)... yes
[2022-11-11 16:07:42] [build-stdout] checking whether make supports nested variables... yes
[2022-11-11 16:07:42] [build-stdout] checking for gawk... (cached) mawk
[2022-11-11 16:07:42] [build-stdout] checking whether ln -s works... yes
[2022-11-11 16:07:42] [build-stdout] checking whether make sets $(MAKE)... (cached) yes
[2022-11-11 16:07:42] [build-stdout] checking for perl... /usr/bin/perl
[2022-11-11 16:07:42] [build-stdout] checking for gcc... gcc
[2022-11-11 16:07:42] [build-stdout] checking whether the C compiler works... yes
[2022-11-11 16:07:42] [build-stdout] checking for C compiler default output file name... a.out
[2022-11-11 16:07:42] [build-stdout] checking for suffix of executables... 
[2022-11-11 16:07:42] [build-stdout] checking whether we are cross compiling... no
[2022-11-11 16:07:42] [build-stdout] checking for suffix of object files... o
[2022-11-11 16:07:42] [build-stdout] checking whether we are using the GNU C compiler... yes
[2022-11-11 16:07:42] [build-stdout] checking whether gcc accepts -g... yes
[2022-11-11 16:07:42] [build-stdout] checking for gcc option to accept ISO C89... none needed
[2022-11-11 16:07:42] [build-stdout] checking whether gcc understands -c and -o together... yes
[2022-11-11 16:07:42] [build-stdout] checking whether make supports the include directive... yes (GNU style)
[2022-11-11 16:07:42] [build-stdout] checking dependency style of gcc... gcc3
[2022-11-11 16:07:42] [build-stdout] checking for gcc option to accept ISO C99... none needed
[2022-11-11 16:07:42] [build-stdout] checking how to run the C preprocessor... gcc -E
[2022-11-11 16:07:42] [build-stdout] checking for grep that handles long lines and -e... /usr/bin/grep
[2022-11-11 16:07:42] [build-stdout] checking for egrep... /usr/bin/grep -E
[2022-11-11 16:07:42] [build-stdout] checking for Minix Amsterdam compiler... no
[2022-11-11 16:07:42] [build-stdout] checking for ar... ar
[2022-11-11 16:07:42] [build-stdout] checking the archiver (ar) interface... ar
[2022-11-11 16:07:42] [build-stdout] checking for ar... (cached) ar
[2022-11-11 16:07:42] [build-stdout] checking for ranlib... ranlib
[2022-11-11 16:07:42] [build-stdout] checking for ANSI C header files... yes
[2022-11-11 16:07:42] [build-stdout] checking for sys/types.h... yes
[2022-11-11 16:07:42] [build-stdout] checking for sys/stat.h... yes
[2022-11-11 16:07:42] [build-stdout] checking for stdlib.h... yes
[2022-11-11 16:07:42] [build-stdout] checking for string.h... yes
[2022-11-11 16:07:42] [build-stdout] checking for memory.h... yes
[2022-11-11 16:07:42] [build-stdout] checking for strings.h... yes
[2022-11-11 16:07:42] [build-stdout] checking for inttypes.h... yes
[2022-11-11 16:07:42] [build-stdout] checking for stdint.h... yes
[2022-11-11 16:07:42] [build-stdout] checking for unistd.h... yes
[2022-11-11 16:07:42] [build-stdout] checking minix/config.h usability... no
[2022-11-11 16:07:42] [build-stdout] checking minix/config.h presence... no
[2022-11-11 16:07:42] [build-stdout] checking for minix/config.h... no
[2022-11-11 16:07:42] [build-stdout] checking whether it is safe to define __EXTENSIONS__... yes
[2022-11-11 16:07:42] [build-stdout] checking for bison... bison -y
[2022-11-11 16:07:42] [build-stdout] checking for gperf... /usr/bin/gperf
[2022-11-11 16:07:42] [build-stdout] checking for gperf - version >= 2.7... no
[2022-11-11 16:07:42] [build-stdout] checking the archiver (ar) interface... (cached) ar
[2022-11-11 16:07:42] [build-stdout] checking for flex... no
[2022-11-11 16:07:42] [build-stdout] checking for lex... no
[2022-11-11 16:07:42] [build-stdout] checking whether LEX is flex... no
[2022-11-11 16:07:42] [build-stdout] checking build system type... x86_64-pc-linux-gnu
[2022-11-11 16:07:42] [build-stdout] checking host system type... x86_64-pc-linux-gnu
[2022-11-11 16:07:42] [build-stdout] checking how to print strings... printf
[2022-11-11 16:07:42] [build-stdout] checking for a sed that does not truncate output... /usr/bin/sed
[2022-11-11 16:07:42] [build-stdout] checking for fgrep... /usr/bin/grep -F
[2022-11-11 16:07:42] [build-stdout] checking for ld used by gcc... /usr/bin/ld
[2022-11-11 16:07:42] [build-stdout] checking if the linker (/usr/bin/ld) is GNU ld... yes
[2022-11-11 16:07:42] [build-stdout] checking for BSD- or MS-compatible name lister (nm)... /usr/bin/nm -B
[2022-11-11 16:07:42] [build-stdout] checking the name lister (/usr/bin/nm -B) interface... BSD nm
[2022-11-11 16:07:42] [build-stdout] checking the maximum length of command line arguments... 1572864
[2022-11-11 16:07:42] [build-stdout] checking how to convert x86_64-pc-linux-gnu file names to x86_64-pc-linux-gnu format... func_convert_file_noop
[2022-11-11 16:07:42] [build-stdout] checking how to convert x86_64-pc-linux-gnu file names to toolchain format... func_convert_file_noop
[2022-11-11 16:07:42] [build-stdout] checking for /usr/bin/ld option to reload object files... -r
[2022-11-11 16:07:42] [build-stdout] checking for objdump... objdump
[2022-11-11 16:07:42] [build-stdout] checking how to recognize dependent libraries... pass_all
[2022-11-11 16:07:42] [build-stdout] checking for dlltool... no
[2022-11-11 16:07:42] [build-stdout] checking how to associate runtime and link libraries... printf %s\n
[2022-11-11 16:07:42] [build-stdout] checking for archiver @FILE support... @
[2022-11-11 16:07:42] [build-stdout] checking for strip... strip
[2022-11-11 16:07:42] [build-stdout] checking for ranlib... (cached) ranlib
[2022-11-11 16:07:42] [build-stdout] checking command to parse /usr/bin/nm -B output from gcc object... ok
[2022-11-11 16:07:42] [build-stdout] checking for sysroot... no
[2022-11-11 16:07:42] [build-stdout] checking for a working dd... /usr/bin/dd
[2022-11-11 16:07:42] [build-stdout] checking how to truncate binary pipes... /usr/bin/dd bs=4096 count=1
[2022-11-11 16:07:42] [build-stdout] checking for mt... mt
[2022-11-11 16:07:43] [build-stdout] checking if mt is a manifest tool... no
[2022-11-11 16:07:43] [build-stdout] checking for dlfcn.h... yes
[2022-11-11 16:07:43] [build-stdout] checking for objdir... .libs
[2022-11-11 16:07:43] [build-stdout] checking if gcc supports -fno-rtti -fno-exceptions... no
[2022-11-11 16:07:43] [build-stdout] checking for gcc option to produce PIC... -fPIC -DPIC
[2022-11-11 16:07:43] [build-stdout] checking if gcc PIC flag -fPIC -DPIC works... yes
[2022-11-11 16:07:43] [build-stdout] checking if gcc static flag -static works... yes
[2022-11-11 16:07:43] [build-stdout] checking if gcc supports -c -o file.o... yes
[2022-11-11 16:07:43] [build-stdout] checking if gcc supports -c -o file.o... (cached) yes
[2022-11-11 16:07:43] [build-stdout] checking whether the gcc linker (/usr/bin/ld -m elf_x86_64) supports shared libraries... yes
[2022-11-11 16:07:43] [build-stdout] checking dynamic linker characteristics... GNU/Linux ld.so
[2022-11-11 16:07:43] [build-stdout] checking how to hardcode library paths into programs... immediate
[2022-11-11 16:07:43] [build-stdout] checking whether stripping libraries is possible... yes
[2022-11-11 16:07:43] [build-stdout] checking if libtool supports shared libraries... yes
[2022-11-11 16:07:43] [build-stdout] checking whether to build shared libraries... no
[2022-11-11 16:07:43] [build-stdout] checking whether to build static libraries... yes
[2022-11-11 16:07:43] [build-stdout] checking for systempapername in -lpaper... no
[2022-11-11 16:07:43] [build-stdout] checking whether NLS is requested... yes
[2022-11-11 16:07:43] [build-stdout] checking for msgfmt... no
[2022-11-11 16:07:43] [build-stdout] checking for gmsgfmt... :
[2022-11-11 16:07:43] [build-stdout] checking for xgettext... no
[2022-11-11 16:07:43] [build-stdout] checking for msgmerge... no
[2022-11-11 16:07:43] [build-stdout] checking for ld used by gcc... /usr/bin/ld -m elf_x86_64
[2022-11-11 16:07:43] [build-stdout] checking if the linker (/usr/bin/ld -m elf_x86_64) is GNU ld... yes
[2022-11-11 16:07:43] [build-stdout] checking for shared library run path origin... done
[2022-11-11 16:07:43] [build-stdout] checking for CFPreferencesCopyAppValue... no
[2022-11-11 16:07:43] [build-stdout] checking for CFLocaleCopyCurrent... no
[2022-11-11 16:07:43] [build-stdout] checking for GNU gettext in libc... yes
[2022-11-11 16:07:43] [build-stdout] checking whether to use NLS... yes
[2022-11-11 16:07:43] [build-stdout] checking where the gettext function comes from... libc
[2022-11-11 16:07:43] [build-stdout] checking for emacs... no
[2022-11-11 16:07:43] [build-stdout] checking for xemacs... no
[2022-11-11 16:07:43] [build-stdout] checking where .elc files should go... ${datadir}/emacs/site-lisp
[2022-11-11 16:07:43] [build-stdout] checking whether paths should be hardcoded... no
[2022-11-11 16:07:43] [build-stdout] checking for PostScript fonts path... :/usr/local/ghostscript/fonts:/usr/local/share/ghostscript/fonts
[2022-11-11 16:07:43] [build-stdout] checking for file... /usr/bin/file
[2022-11-11 16:07:43] [build-stdout] checking for the option for file to follow the links...  -L
[2022-11-11 16:07:43] [build-stdout] checking for lp... lp
[2022-11-11 16:07:43] [build-stdout] checking for printer queue selection... lp -d PRINTER
[2022-11-11 16:07:43] [build-stdout] checking for gv... no
[2022-11-11 16:07:43] [build-stdout] checking for ghostview... no
[2022-11-11 16:07:43] [build-stdout] checking for gzip... yes
[2022-11-11 16:07:43] [build-stdout] checking for bzip... no
[2022-11-11 16:07:43] [build-stdout] checking for bzip2... yes
[2022-11-11 16:07:43] [build-stdout] checking for dvips... no
[2022-11-11 16:07:43] [build-stdout] checking for convert... no
[2022-11-11 16:07:43] [build-stdout] checking for netscape... no
[2022-11-11 16:07:43] [build-stdout] checking for html2ps... no
[2022-11-11 16:07:43] [build-stdout] checking for acroread... no
[2022-11-11 16:07:43] [build-stdout] checking for pdf2ps... yes
[2022-11-11 16:07:43] [build-stdout] checking for distill... no
[2022-11-11 16:07:43] [build-stdout] checking for ps2pdf... yes
[2022-11-11 16:07:43] [build-stdout] checking for psselect... no
[2022-11-11 16:07:43] [build-stdout] checking for psnup... no
[2022-11-11 16:07:43] [build-stdout] configure: WARNING: ===========================================================
[2022-11-11 16:07:43] [build-stdout] configure: WARNING: a2ps works much better with the psutils.  Available at
[2022-11-11 16:07:43] [build-stdout] configure: WARNING:   http://www.dcs.ed.ac.uk/home/ajcd/psutils/
[2022-11-11 16:07:43] [build-stdout] configure: WARNING: You *really* should install them *before* installing a2ps.
[2022-11-11 16:07:43] [build-stdout] configure: WARNING: ===========================================================
[2022-11-11 16:07:43] [build-stdout] checking for grog... yes
[2022-11-11 16:07:43] [build-stdout] checking for makeinfo... no
[2022-11-11 16:07:43] [build-stdout] checking for tex... no
[2022-11-11 16:07:43] [build-stdout] checking for latex... no
[2022-11-11 16:07:43] [build-stdout] checking that generated files are newer than configure... done
[2022-11-11 16:07:43] [build-stdout] configure: creating ./config.status
[2022-11-11 16:07:44] [build-stdout] config.status: creating contrib/card
[2022-11-11 16:07:44] [build-stdout] config.status: creating contrib/fixps
[2022-11-11 16:07:44] [build-stdout] config.status: creating contrib/pdiff
[2022-11-11 16:07:44] [build-stdout] config.status: creating contrib/psmandup
[2022-11-11 16:07:44] [build-stdout] config.status: creating contrib/psset
[2022-11-11 16:07:44] [build-stdout] config.status: creating Makefile
[2022-11-11 16:07:44] [build-stdout] config.status: creating src/Makefile
[2022-11-11 16:07:44] [build-stdout] config.status: creating doc/Makefile
[2022-11-11 16:07:44] [build-stdout] config.status: creating man/Makefile
[2022-11-11 16:07:44] [build-stdout] config.status: creating tests/Makefile
[2022-11-11 16:07:44] [build-stdout] config.status: creating tests/defs
[2022-11-11 16:07:44] [build-stdout] config.status: creating lib/Makefile
[2022-11-11 16:07:44] [build-stdout] config.status: creating liba2ps/Makefile
[2022-11-11 16:07:44] [build-stdout] config.status: creating build-aux/Makefile
[2022-11-11 16:07:44] [build-stdout] config.status: creating etc/Makefile
[2022-11-11 16:07:44] [build-stdout] config.status: creating etc/a2ps_cfg
[2022-11-11 16:07:44] [build-stdout] config.status: creating etc/a2ps-site.cfg
[2022-11-11 16:07:44] [build-stdout] config.status: creating po/Makefile.in
[2022-11-11 16:07:44] [build-stdout] config.status: creating sheets/Makefile
[2022-11-11 16:07:44] [build-stdout] config.status: creating encoding/Makefile
[2022-11-11 16:07:44] [build-stdout] config.status: creating ps/Makefile
[2022-11-11 16:07:44] [build-stdout] config.status: creating afm/Makefile
[2022-11-11 16:07:44] [build-stdout] config.status: creating contrib/Makefile
[2022-11-11 16:07:44] [build-stdout] config.status: creating contrib/sample/Makefile
[2022-11-11 16:07:44] [build-stdout] config.status: creating contrib/emacs/Makefile
[2022-11-11 16:07:44] [build-stdout] config.status: creating fonts/Makefile
[2022-11-11 16:07:44] [build-stdout] config.status: creating ppd/Makefile
[2022-11-11 16:07:44] [build-stdout] config.status: creating config.h
[2022-11-11 16:07:44] [build-stdout] config.status: config.h is unchanged
[2022-11-11 16:07:44] [build-stdout] config.status: executing depfiles commands
[2022-11-11 16:07:44] [build-stdout] config.status: executing libtool commands
[2022-11-11 16:07:44] [build-stdout] config.status: executing po-directories commands
[2022-11-11 16:07:44] [build-stdout] config.status: creating po/POTFILES
[2022-11-11 16:07:44] [build-stdout] config.status: setting ALL_LINGUAS in configure.in is obsolete
[2022-11-11 16:07:44] [build-stdout] config.status: creating po/Makefile
[2022-11-11 16:07:44] [build-stdout] === configuring in ogonkify (/home/arun/Desktop/TakeDownHSS/CodeQL/RealWorldRepos/a2ps/ogonkify)
[2022-11-11 16:07:44] [build-stdout] configure: running /bin/bash ./configure --disable-option-checking '--prefix=/usr'  --cache-file=/dev/null --srcdir=.
[2022-11-11 16:07:44] [build-stdout] checking for a BSD-compatible install... /usr/bin/install -c
[2022-11-11 16:07:44] [build-stdout] checking whether build environment is sane... yes
[2022-11-11 16:07:44] [build-stdout] checking for a thread-safe mkdir -p... /usr/bin/mkdir -p
[2022-11-11 16:07:44] [build-stdout] checking for gawk... no
[2022-11-11 16:07:44] [build-stdout] checking for mawk... mawk
[2022-11-11 16:07:44] [build-stdout] checking whether make sets $(MAKE)... yes
[2022-11-11 16:07:44] [build-stdout] checking whether make supports nested variables... yes
[2022-11-11 16:07:44] [build-stdout] checking for perl... /usr/bin/perl
[2022-11-11 16:07:44] [build-stdout] checking whether make supports the include directive... yes (GNU style)
[2022-11-11 16:07:44] [build-stdout] checking for gcc... gcc
[2022-11-11 16:07:44] [build-stdout] checking whether the C compiler works... yes
[2022-11-11 16:07:44] [build-stdout] checking for C compiler default output file name... a.out
[2022-11-11 16:07:44] [build-stdout] checking for suffix of executables... 
[2022-11-11 16:07:44] [build-stdout] checking whether we are cross compiling... no
[2022-11-11 16:07:44] [build-stdout] checking for suffix of object files... o
[2022-11-11 16:07:44] [build-stdout] checking whether we are using the GNU C compiler... yes
[2022-11-11 16:07:44] [build-stdout] checking whether gcc accepts -g... yes
[2022-11-11 16:07:44] [build-stdout] checking for gcc option to accept ISO C89... none needed
[2022-11-11 16:07:44] [build-stdout] checking whether gcc understands -c and -o together... yes
[2022-11-11 16:07:44] [build-stdout] checking dependency style of gcc... gcc3
[2022-11-11 16:07:44] [build-stdout] checking how to run the C preprocessor... gcc -E
[2022-11-11 16:07:44] [build-stdout] checking for X... no
[2022-11-11 16:07:44] [build-stdout] checking for IBM font files... no
[2022-11-11 16:07:45] [build-stdout] checking that generated files are newer than configure... done
[2022-11-11 16:07:45] [build-stdout] configure: creating ./config.status
[2022-11-11 16:07:45] [build-stdout] config.status: creating composeglyphs
[2022-11-11 16:07:45] [build-stdout] config.status: creating Makefile
[2022-11-11 16:07:45] [build-stdout] config.status: creating ogonkify.in
[2022-11-11 16:07:45] [build-stdout] config.status: creating doc/Makefile
[2022-11-11 16:07:45] [build-stdout] config.status: creating m4/Makefile
[2022-11-11 16:07:45] [build-stdout] config.status: executing depfiles commands
[2022-11-11 16:07:45] [build-stdout] *****************************************************************
[2022-11-11 16:07:45] [build-stdout] * a2ps thinks it should be configured the following way:
[2022-11-11 16:07:45] [build-stdout] * - you print on `A4' paper
[2022-11-11 16:07:45] [build-stdout] * - your charset is `latin1'
[2022-11-11 16:07:45] [build-stdout] * - to send a JOB to the default printer, run `lp job'
[2022-11-11 16:07:45] [build-stdout] * - to send a JOB to the printer PRINTER, run `lp -d PRINTER job'
[2022-11-11 16:07:45] [build-stdout] * - to ask `file(1)' to follow the links, run `/usr/bin/file -L'
[2022-11-11 16:07:45] [build-stdout] *   (`file(1)' is used to guess the type of the files to print.)
[2022-11-11 16:07:45] [build-stdout] *
[2022-11-11 16:07:45] [build-stdout] * If a2ps is wrong somewhere, fix the `System Dependent parameters'
[2022-11-11 16:07:45] [build-stdout] * in `etc/a2ps-site.cfg'.  See the README file.
[2022-11-11 16:07:45] [build-stdout] *****************************************************************
[2022-11-11 16:07:45] [build-stderr] + '[' -f Makefile ']'
[2022-11-11 16:07:45] [build-stderr] + exit 0
[2022-11-11 16:07:45] [build-stderr] + export VERBOSE=1
[2022-11-11 16:07:45] [build-stderr] + VERBOSE=1
[2022-11-11 16:07:45] [build-stderr] + '[' -L _lgtm_detected_source_root ']'
[2022-11-11 16:07:45] [build-stderr] ++ readlink _lgtm_detected_source_root
[2022-11-11 16:07:45] [build-stderr] + cd .
[2022-11-11 16:07:45] [build-stderr] + '[' -d _lgtm_build_dir ']'
[2022-11-11 16:07:45] [build-stderr] + '[' -f SConstruct ']'
[2022-11-11 16:07:45] [build-stderr] + '[' -f wscript ']'
[2022-11-11 16:07:45] [build-stderr] + '[' -f Makefile ']'
[2022-11-11 16:07:45] [build-stderr] + make
[2022-11-11 16:07:45] [build-stdout] make  all-recursive
[2022-11-11 16:07:45] [build-stdout] make[1]: Entering directory '/home/arun/Desktop/TakeDownHSS/CodeQL/RealWorldRepos/a2ps'
[2022-11-11 16:07:45] [build-stdout] Making all in build-aux
[2022-11-11 16:07:45] [build-stdout] make[2]: Entering directory '/home/arun/Desktop/TakeDownHSS/CodeQL/RealWorldRepos/a2ps/build-aux'
[2022-11-11 16:07:45] [build-stdout] make[2]: Nothing to be done for 'all'.
[2022-11-11 16:07:45] [build-stdout] make[2]: Leaving directory '/home/arun/Desktop/TakeDownHSS/CodeQL/RealWorldRepos/a2ps/build-aux'
[2022-11-11 16:07:45] [build-stdout] Making all in etc
[2022-11-11 16:07:45] [build-stdout] make[2]: Entering directory '/home/arun/Desktop/TakeDownHSS/CodeQL/RealWorldRepos/a2ps/etc'
[2022-11-11 16:07:45] [build-stdout] sed "s!@date@!`date`!g;s!@version@!4.14!g"	\
[2022-11-11 16:07:45] [build-stdout] ./README.in > README
[2022-11-11 16:07:45] [build-stdout] sed "s!@libpath@!/usr/share/a2ps/sheets:/usr/share/a2ps/ps:/usr/share/a2ps/encoding:/usr/share/a2ps/afm:/usr/share/ogonkify/afm:/usr/share/a2ps/ppd:/usr/share/a2ps/fonts:/usr/share/ogonkify/fonts:/usr/share/a2ps!" a2ps_cfg > a2ps.cfg
[2022-11-11 16:07:45] [build-stdout] make[2]: Leaving directory '/home/arun/Desktop/TakeDownHSS/CodeQL/RealWorldRepos/a2ps/etc'
[2022-11-11 16:07:45] [build-stdout] Making all in ps
[2022-11-11 16:07:45] [build-stdout] make[2]: Entering directory '/home/arun/Desktop/TakeDownHSS/CodeQL/RealWorldRepos/a2ps/ps'
[2022-11-11 16:07:45] [build-stdout] make[2]: Nothing to be done for 'all'.
[2022-11-11 16:07:45] [build-stdout] make[2]: Leaving directory '/home/arun/Desktop/TakeDownHSS/CodeQL/RealWorldRepos/a2ps/ps'
[2022-11-11 16:07:45] [build-stdout] Making all in ogonkify
[2022-11-11 16:07:45] [build-stdout] make[2]: Entering directory '/home/arun/Desktop/TakeDownHSS/CodeQL/RealWorldRepos/a2ps/ogonkify'
[2022-11-11 16:07:45] [build-stdout] Making all in doc
[2022-11-11 16:07:45] [build-stdout] make[3]: Entering directory '/home/arun/Desktop/TakeDownHSS/CodeQL/RealWorldRepos/a2ps/ogonkify/doc'
[2022-11-11 16:07:45] [build-stdout] make[3]: Nothing to be done for 'all'.
[2022-11-11 16:07:45] [build-stdout] make[3]: Leaving directory '/home/arun/Desktop/TakeDownHSS/CodeQL/RealWorldRepos/a2ps/ogonkify/doc'
[2022-11-11 16:07:45] [build-stdout] Making all in m4
[2022-11-11 16:07:45] [build-stdout] make[3]: Entering directory '/home/arun/Desktop/TakeDownHSS/CodeQL/RealWorldRepos/a2ps/ogonkify/m4'
[2022-11-11 16:07:45] [build-stdout] make[3]: Nothing to be done for 'all'.
[2022-11-11 16:07:45] [build-stdout] make[3]: Leaving directory '/home/arun/Desktop/TakeDownHSS/CodeQL/RealWorldRepos/a2ps/ogonkify/m4'
[2022-11-11 16:07:45] [build-stdout] make[3]: Entering directory '/home/arun/Desktop/TakeDownHSS/CodeQL/RealWorldRepos/a2ps/ogonkify'
[2022-11-11 16:07:45] [build-stdout] sed -e "s#@LIBDIR@#/usr/share/ogonkify#g" ogonkify.in > ogonkify-t
[2022-11-11 16:07:45] [build-stdout] chmod +x ogonkify-t
[2022-11-11 16:07:45] [build-stdout] mv ogonkify-t ogonkify
[2022-11-11 16:07:45] [build-stdout] make[3]: Leaving directory '/home/arun/Desktop/TakeDownHSS/CodeQL/RealWorldRepos/a2ps/ogonkify'
[2022-11-11 16:07:45] [build-stdout] make[2]: Leaving directory '/home/arun/Desktop/TakeDownHSS/CodeQL/RealWorldRepos/a2ps/ogonkify'
[2022-11-11 16:07:45] [build-stdout] Making all in lib
[2022-11-11 16:07:45] [build-stdout] make[2]: Entering directory '/home/arun/Desktop/TakeDownHSS/CodeQL/RealWorldRepos/a2ps/lib'
[2022-11-11 16:07:45] [build-stdout] make  all-recursive
[2022-11-11 16:07:45] [build-stdout] make[3]: Entering directory '/home/arun/Desktop/TakeDownHSS/CodeQL/RealWorldRepos/a2ps/lib'
[2022-11-11 16:07:45] [build-stdout] make[4]: Entering directory '/home/arun/Desktop/TakeDownHSS/CodeQL/RealWorldRepos/a2ps/lib'
[2022-11-11 16:07:45] [build-stdout] make[4]: Nothing to be done for 'all-am'.
[2022-11-11 16:07:45] [build-stdout] make[4]: Leaving directory '/home/arun/Desktop/TakeDownHSS/CodeQL/RealWorldRepos/a2ps/lib'
[2022-11-11 16:07:45] [build-stdout] make[3]: Leaving directory '/home/arun/Desktop/TakeDownHSS/CodeQL/RealWorldRepos/a2ps/lib'
[2022-11-11 16:07:45] [build-stdout] make[2]: Leaving directory '/home/arun/Desktop/TakeDownHSS/CodeQL/RealWorldRepos/a2ps/lib'
[2022-11-11 16:07:45] [build-stdout] Making all in liba2ps
[2022-11-11 16:07:45] [build-stdout] make[2]: Entering directory '/home/arun/Desktop/TakeDownHSS/CodeQL/RealWorldRepos/a2ps/liba2ps'
[2022-11-11 16:07:45] [build-stdout] /bin/bash ../build-aux/ylwrap parseppd.y y.tab.c parseppd.c y.tab.h `echo parseppd.c | sed -e s/cc$/hh/ -e s/cpp$/hpp/ -e s/cxx$/hxx/ -e s/c++$/h++/ -e s/c$/h/` y.output parseppd.output -- bison -y  -dtv
[2022-11-11 16:07:45] [build-stdout] updating parseppd.output
[2022-11-11 16:07:45] [build-stdout] updating parseppd.h
[2022-11-11 16:07:45] [build-stdout] /usr/bin/gperf -t -D -L ANSI-C confg.gperf >confg.tmp
[2022-11-11 16:07:45] [build-stdout] sed -e 's/ signed char/ short/g' <confg.tmp >confg.c
[2022-11-11 16:07:45] [build-stdout] rm -f confg.tmp
[2022-11-11 16:07:45] [build-stdout] make  all-am
[2022-11-11 16:07:45] [build-stdout] make[3]: Entering directory '/home/arun/Desktop/TakeDownHSS/CodeQL/RealWorldRepos/a2ps/liba2ps'
[2022-11-11 16:07:45] [build-stdout] depbase=`echo encoding.lo | sed 's|[^/]*$|.deps/&|;s|\.lo$||'`;\
[2022-11-11 16:07:45] [build-stdout] /bin/bash ../libtool  --tag=CC   --mode=compile gcc -DHAVE_CONFIG_H -I. -I..  -I.. -I../intl -I. -I../lib -DLOCALEDIR=\"/usr/share/locale\" -DSYSCONFFILE=\"/usr/etc/a2ps.cfg\"   -g -O2 -MT encoding.lo -MD -MP -MF $depbase.Tpo -c -o encoding.lo encoding.c &&\
[2022-11-11 16:07:45] [build-stdout] mv -f $depbase.Tpo $depbase.Plo
[2022-11-11 16:07:45] [build-stdout] libtool: compile:  gcc -DHAVE_CONFIG_H -I. -I.. -I.. -I../intl -I. -I../lib -DLOCALEDIR=\"/usr/share/locale\" -DSYSCONFFILE=\"/usr/etc/a2ps.cfg\" -g -O2 -MT encoding.lo -MD -MP -MF .deps/encoding.Tpo -c encoding.c -o encoding.o
[2022-11-11 16:07:46] [build-stderr] In file included from a2ps.h:22,
[2022-11-11 16:07:46] [build-stderr]                  from encoding.h:24,
[2022-11-11 16:07:46] [build-stderr]                  from encoding.c:23:
[2022-11-11 16:07:46] [build-stderr] system.h:130:10: fatal error: gettext.h: No such file or directory
[2022-11-11 16:07:46] [build-stderr]   130 | #include <gettext.h>
[2022-11-11 16:07:46] [build-stderr]       |          ^~~~~~~~~~~
[2022-11-11 16:07:46] [build-stderr] compilation terminated.
[2022-11-11 16:07:46] [build-stdout] make[3]: Leaving directory '/home/arun/Desktop/TakeDownHSS/CodeQL/RealWorldRepos/a2ps/liba2ps'
[2022-11-11 16:07:46] [build-stderr] make[3]: *** [Makefile:694: encoding.lo] Error 1
[2022-11-11 16:07:46] [build-stderr] make[2]: *** [Makefile:546: all] Error 2
[2022-11-11 16:07:46] [build-stdout] make[2]: Leaving directory '/home/arun/Desktop/TakeDownHSS/CodeQL/RealWorldRepos/a2ps/liba2ps'
[2022-11-11 16:07:46] [build-stdout] make[1]: Leaving directory '/home/arun/Desktop/TakeDownHSS/CodeQL/RealWorldRepos/a2ps'
[2022-11-11 16:07:46] [build-stderr] make[1]: *** [Makefile:520: all-recursive] Error 1
[2022-11-11 16:07:46] [build-stderr] make: *** [Makefile:452: all] Error 2
[2022-11-11 16:07:46] [build-stderr] + '[' -f build.ninja ']'
[2022-11-11 16:07:46] [build-stderr] + '[' -d ../_lgtm_build_dir ']'
[2022-11-11 16:07:46] [build-stdout] Semmle autobuild: no supported build system detected.
[2022-11-11 16:07:46] [build-stderr] + for f in build build.sh
[2022-11-11 16:07:46] [build-stderr] + '[' -x build ']'
[2022-11-11 16:07:46] [build-stderr] + for f in build build.sh
[2022-11-11 16:07:46] [build-stderr] + '[' -x build.sh ']'
[2022-11-11 16:07:46] [build-stderr] + '[' -f setup.py ']'
[2022-11-11 16:07:46] [build-stderr] + echo 'Semmle autobuild: no supported build system detected.'
[2022-11-11 16:07:46] [build-stderr] + exit 1
[2022-11-11 16:07:46] [ERROR] Spawned process exited abnormally (code 1; tried to run: [/home/arun/codeql/tools/linux64/preload_tracer, /home/arun/codeql/cpp/tools/autobuild.sh])
[2022-11-11 16:07:46] Exception caught at top level: Exit status 1 from command: [/home/arun/codeql/cpp/tools/autobuild.sh]
                      com.semmle.cli2.database.DatabaseProcessCommandCommon.executeSubcommand(DatabaseProcessCommandCommon.java:215)
                      com.semmle.cli2.database.TraceCommandCommand.executeSubcommand(TraceCommandCommand.java:85)
                      com.semmle.cli2.picocli.PlumbingRunner.run(PlumbingRunner.java:110)
                      com.semmle.cli2.picocli.SubcommandCommon.runPlumbingInProcess(SubcommandCommon.java:169)
                      com.semmle.cli2.database.CreateCommand.executeSubcommand(CreateCommand.java:151)
                      com.semmle.cli2.picocli.SubcommandCommon.call(SubcommandCommon.java:512)
                      com.semmle.cli2.picocli.SubcommandMaker.runMain(SubcommandMaker.java:223)
                      com.semmle.cli2.picocli.SubcommandMaker.runMain(SubcommandMaker.java:232)
                      com.semmle.cli2.CodeQL.main(CodeQL.java:98)
