This file contains any messages produced by compilers while
running configure, to aid debugging if configure makes a mistake.

It was created by gettext configure UNKNOWN, which was
generated by GNU Autoconf 2.69.  Invocation command line was

  $ ./configure --disable-docs

## --------- ##
## Platform. ##
## --------- ##

hostname = arun-GL65-Leopard-10SEK
uname -m = x86_64
uname -r = 5.15.0-52-generic
uname -s = Linux
uname -v = #58~20.04.1-Ubuntu SMP Thu Oct 13 13:09:46 UTC 2022

/usr/bin/uname -p = x86_64
/bin/uname -X     = unknown

/bin/arch              = x86_64
/usr/bin/arch -k       = unknown
/usr/convex/getsysinfo = unknown
/usr/bin/hostinfo      = unknown
/bin/machine           = unknown
/usr/bin/oslevel       = unknown
/bin/universe          = unknown

PATH: /home/linuxbrew/.linuxbrew/bin
PATH: /home/linuxbrew/.linuxbrew/sbin
PATH: /usr/local/sbin
PATH: /usr/local/bin
PATH: /usr/sbin
PATH: /usr/bin
PATH: /sbin
PATH: /bin
PATH: /usr/games
PATH: /usr/local/games
PATH: /snap/bin
PATH: /home/arun/codeql_/codeql
PATH: /home/linuxbrew/.linuxbrew/bin/


## ----------- ##
## Core tests. ##
## ----------- ##

configure:1953: checking for a BSD-compatible install
configure:2021: result: /usr/bin/install -c
configure:2032: checking whether build environment is sane
configure:2087: result: yes
configure:2236: checking for a thread-safe mkdir -p
configure:2275: result: /usr/bin/mkdir -p
configure:2282: checking for gawk
configure:2312: result: no
configure:2282: checking for mawk
configure:2298: found /usr/bin/mawk
configure:2309: result: mawk
configure:2320: checking whether make sets $(MAKE)
configure:2342: result: yes
configure:2371: checking whether make supports nested variables
configure:2388: result: yes
configure:2477: checking whether UID '1000' is supported by ustar format
configure:2480: result: yes
configure:2487: checking whether GID '1000' is supported by ustar format
configure:2490: result: yes
configure:2498: checking how to create a ustar tar archive
configure:2509: tar --version
tar (GNU tar) 1.30
Copyright (C) 2017 Free Software Foundation, Inc.
License GPLv3+: GNU GPL version 3 or later <https://gnu.org/licenses/gpl.html>.
This is free software: you are free to change and redistribute it.
There is NO WARRANTY, to the extent permitted by law.

Written by John Gilmore and Jay Fenlason.
configure:2512: $? = 0
configure:2552: tardir=conftest.dir && eval tar --format=ustar -chf - "$tardir" >conftest.tar
configure:2555: $? = 0
configure:2559: tar -xf - <conftest.tar
configure:2562: $? = 0
configure:2564: cat conftest.dir/file
GrepMe
configure:2567: $? = 0
configure:2580: result: gnutar
configure:2649: checking build system type
configure:2663: result: x86_64-pc-linux-gnu
configure:2683: checking host system type
configure:2696: result: x86_64-pc-linux-gnu
configure:3417: checking that generated files are newer than configure
configure:3423: result: done
configure:3431: creating ./config.status

## ---------------------- ##
## Running config.status. ##
## ---------------------- ##

This file was extended by gettext config.status UNKNOWN, which was
generated by GNU Autoconf 2.69.  Invocation command line was

  CONFIG_FILES    = 
  CONFIG_HEADERS  = 
  CONFIG_LINKS    = 
  CONFIG_COMMANDS = 
  $ ./config.status 

on arun-GL65-Leopard-10SEK

config.status:762: creating Makefile
config.status:762: creating gnulib-local/Makefile
configure:4517: === configuring in gettext-runtime (/home/arun/Desktop/TakeDownHSS/CodeQL/RealWorldRepos/gettext/gettext-runtime)
configure:4580: running /bin/bash ./configure --disable-option-checking '--prefix=/usr/local'  '--disable-docs' --cache-file=/dev/null --srcdir=.
configure:4517: === configuring in libtextstyle (/home/arun/Desktop/TakeDownHSS/CodeQL/RealWorldRepos/gettext/libtextstyle)
configure:4580: running /bin/bash ./configure --disable-option-checking '--prefix=/usr/local'  '--disable-docs' --cache-file=/dev/null --srcdir=.
configure:4517: === configuring in gettext-tools (/home/arun/Desktop/TakeDownHSS/CodeQL/RealWorldRepos/gettext/gettext-tools)
configure:4580: running /bin/bash ./configure --disable-option-checking '--prefix=/usr/local'  '--disable-docs' --cache-file=/dev/null --srcdir=.

## ---------------- ##
## Cache variables. ##
## ---------------- ##

ac_cv_build=x86_64-pc-linux-gnu
ac_cv_env_CC_set=
ac_cv_env_CC_value=
ac_cv_env_CFLAGS_set=
ac_cv_env_CFLAGS_value=
ac_cv_env_CPPFLAGS_set=
ac_cv_env_CPPFLAGS_value=
ac_cv_env_CPP_set=
ac_cv_env_CPP_value=
ac_cv_env_CXXCPP_set=
ac_cv_env_CXXCPP_value=
ac_cv_env_CXXFLAGS_set=
ac_cv_env_CXXFLAGS_value=
ac_cv_env_CXX_set=
ac_cv_env_CXX_value=
ac_cv_env_EMACSLOADPATH_set=
ac_cv_env_EMACSLOADPATH_value=
ac_cv_env_EMACS_set=
ac_cv_env_EMACS_value=
ac_cv_env_LDFLAGS_set=
ac_cv_env_LDFLAGS_value=
ac_cv_env_LIBS_set=
ac_cv_env_LIBS_value=
ac_cv_env_LT_SYS_LIBRARY_PATH_set=
ac_cv_env_LT_SYS_LIBRARY_PATH_value=
ac_cv_env_YACC_set=
ac_cv_env_YACC_value=
ac_cv_env_YFLAGS_set=
ac_cv_env_YFLAGS_value=
ac_cv_env_build_alias_set=
ac_cv_env_build_alias_value=
ac_cv_env_host_alias_set=
ac_cv_env_host_alias_value=
ac_cv_env_target_alias_set=
ac_cv_env_target_alias_value=
ac_cv_host=x86_64-pc-linux-gnu
ac_cv_path_install='/usr/bin/install -c'
ac_cv_path_mkdir=/usr/bin/mkdir
ac_cv_prog_AWK=mawk
ac_cv_prog_make_make_set=yes
am_cv_make_support_nested_variables=yes
am_cv_prog_tar_ustar=gnutar

## ----------------- ##
## Output variables. ##
## ----------------- ##

ACLOCAL='${SHELL} /home/arun/Desktop/TakeDownHSS/CodeQL/RealWorldRepos/gettext/build-aux/missing aclocal-1.16'
AMTAR='$${TAR-tar}'
AM_BACKSLASH='\'
AM_DEFAULT_V='$(AM_DEFAULT_VERBOSITY)'
AM_DEFAULT_VERBOSITY='1'
AM_V='$(V)'
AUTOCONF='${SHELL} /home/arun/Desktop/TakeDownHSS/CodeQL/RealWorldRepos/gettext/build-aux/missing autoconf'
AUTOHEADER='${SHELL} /home/arun/Desktop/TakeDownHSS/CodeQL/RealWorldRepos/gettext/build-aux/missing autoheader'
AUTOMAKE='${SHELL} /home/arun/Desktop/TakeDownHSS/CodeQL/RealWorldRepos/gettext/build-aux/missing automake-1.16'
AWK='mawk'
CC=''
CFLAGS=''
CPP=''
CPPFLAGS=''
CXX=''
CXXCPP=''
CXXFLAGS=''
CYGPATH_W='echo'
DEFS='-DPACKAGE_NAME=\"gettext\" -DPACKAGE_TARNAME=\"gettext\" -DPACKAGE_VERSION=\"UNKNOWN\" -DPACKAGE_STRING=\"gettext\ UNKNOWN\" -DPACKAGE_BUGREPORT=\"bug-gettext@gnu.org\" -DPACKAGE_URL=\"\" -DPACKAGE=\"gettext\" -DVERSION=\"UNKNOWN\"'
ECHO_C=''
ECHO_N='-n'
ECHO_T=''
EMACS=''
EMACSLOADPATH=''
INSTALL_DATA='${INSTALL} -m 644'
INSTALL_PROGRAM='${INSTALL}'
INSTALL_SCRIPT='${INSTALL}'
INSTALL_STRIP_PROGRAM='$(install_sh) -c -s'
LDFLAGS=''
LIBOBJS=''
LIBS=''
LTLIBOBJS=''
LT_SYS_LIBRARY_PATH=''
MAKEINFO='${SHELL} /home/arun/Desktop/TakeDownHSS/CodeQL/RealWorldRepos/gettext/build-aux/missing makeinfo'
MKDIR_P='/usr/bin/mkdir -p'
PACKAGE='gettext'
PACKAGE_BUGREPORT='bug-gettext@gnu.org'
PACKAGE_NAME='gettext'
PACKAGE_STRING='gettext UNKNOWN'
PACKAGE_TARNAME='gettext'
PACKAGE_URL=''
PACKAGE_VERSION='UNKNOWN'
PATH_SEPARATOR=':'
SET_MAKE=''
SHELL='/bin/bash'
STRIP=''
VERSION='UNKNOWN'
YACC=''
YFLAGS=''
am__isrc=''
am__leading_dot='.'
am__tar='${AMTAR} chf - --format=ustar --owner=root --group=root "$$tardir"'
am__untar='tar -xf -'
bindir='${exec_prefix}/bin'
build='x86_64-pc-linux-gnu'
build_alias=''
build_cpu='x86_64'
build_os='linux-gnu'
build_vendor='pc'
datadir='${datarootdir}'
datarootdir='${prefix}/share'
docdir='${datarootdir}/doc/${PACKAGE_TARNAME}'
dvidir='${docdir}'
exec_prefix='${prefix}'
host='x86_64-pc-linux-gnu'
host_alias=''
host_cpu='x86_64'
host_os='linux-gnu'
host_vendor='pc'
htmldir='${docdir}'
includedir='${prefix}/include'
infodir='${datarootdir}/info'
install_sh='${SHELL} /home/arun/Desktop/TakeDownHSS/CodeQL/RealWorldRepos/gettext/build-aux/install-sh'
libdir='${exec_prefix}/lib'
libexecdir='${exec_prefix}/libexec'
localedir='${datarootdir}/locale'
localstatedir='${prefix}/var'
mandir='${datarootdir}/man'
mkdir_p='$(MKDIR_P)'
oldincludedir='/usr/include'
pdfdir='${docdir}'
prefix='/usr/local'
program_transform_name='s,x,x,'
psdir='${docdir}'
runstatedir='${localstatedir}/run'
sbindir='${exec_prefix}/sbin'
sharedstatedir='${prefix}/com'
subdirs=' gettext-runtime libtextstyle gettext-tools'
sysconfdir='${prefix}/etc'
target_alias=''

## ----------- ##
## confdefs.h. ##
## ----------- ##

/* confdefs.h */
#define PACKAGE_NAME "gettext"
#define PACKAGE_TARNAME "gettext"
#define PACKAGE_VERSION "UNKNOWN"
#define PACKAGE_STRING "gettext UNKNOWN"
#define PACKAGE_BUGREPORT "bug-gettext@gnu.org"
#define PACKAGE_URL ""
#define PACKAGE "gettext"
#define VERSION "UNKNOWN"

configure: exit 0
