[E 17:44:22 10388] CodeQL C/C++ Extractor 2.11.3
[E 17:44:22 10388] Current directory: /home/arun/Desktop/TakeDownHSS/CodeQL/RealWorldRepos/libextractor/src/main
[E 17:44:22 10388] Command: /home/arun/codeql_/codeql/cpp/tools/linux64/extractor --mimic /usr/lib/gcc/x86_64-linux-gnu/9/cc1 -quiet -I . -I ../.. -I ../../src/include -imultiarch x86_64-linux-gnu -MD .libs/libextractor_la-extractor_plugin_main.d -MF .deps/libextractor_la-extractor_plugin_main.Tpo -MP -MT libextractor_la-extractor_plugin_main.lo -D HAVE_CONFIG_H -D 'PLUGINDIR="libextractor"' -D 'PLUGININSTDIR="/usr/lib/libextractor"' -D PIC extractor_plugin_main.c -quiet -dumpbase extractor_plugin_main.c -mtune=generic -march=x86-64 -auxbase-strip .libs/libextractor_la-extractor_plugin_main.o -g -O2 -fPIC -fasynchronous-unwind-tables -fstack-protector-strong -Wformat -Wformat-security -fstack-clash-protection -fcf-protection -o /tmp/cc5V844r.s
[E 17:44:22 10388] Checking whether C compilation already happened.
[E 17:44:22 10388] Checking for tag c-compilation-happened
[E 17:44:22 10388] Checking CODEQL_TRACER_DB_ID 0000000000002892_0000000000000001
[E 17:44:22 10388] Locking DB /home/arun/Desktop/TakeDownHSS/CodeQL/RealWorldRepos/libextractor/libEXDB/working/tags.db
[E 17:44:22 10388] Locked DB /home/arun/Desktop/TakeDownHSS/CodeQL/RealWorldRepos/libextractor/libEXDB/working/tags.db
[E 17:44:22 10388] Unlocking DB
[E 17:44:22 10388] Unlocked DB
[E 17:44:22 10388] Looks like C compilation didn't already happen.
[E 17:44:22 10388] Checking whether C compilation has been attempted.
[E 17:44:22 10388] Checking for tag c-compilation-attempted
[E 17:44:22 10388] Checking CODEQL_TRACER_DB_ID 0000000000002892_0000000000000001
[E 17:44:22 10388] Locking DB /home/arun/Desktop/TakeDownHSS/CodeQL/RealWorldRepos/libextractor/libEXDB/working/tags.db
[E 17:44:22 10388] Locked DB /home/arun/Desktop/TakeDownHSS/CodeQL/RealWorldRepos/libextractor/libEXDB/working/tags.db
[E 17:44:22 10388] Unlocking DB
[E 17:44:22 10388] Unlocked DB
[E 17:44:22 10388] Marking C compilation as attempted.
[E 17:44:22 10388] Setting tag c-compilation-attempted
[E 17:44:22 10388] Starting from CODEQL_TRACER_DB_ID 0000000000002892_0000000000000001
[E 17:44:22 10388] Locking DB /home/arun/Desktop/TakeDownHSS/CodeQL/RealWorldRepos/libextractor/libEXDB/working/tags.db
[E 17:44:22 10388] Locked DB /home/arun/Desktop/TakeDownHSS/CodeQL/RealWorldRepos/libextractor/libEXDB/working/tags.db
[E 17:44:22 10388] Set tag for 0000000000002892_0000000000000001
[E 17:44:22 10388] Set tag for 0000000000002890_0000000000000001
[E 17:44:22 10388] Set tag for 000000000000285F_0000000000000002
[E 17:44:22 10388] Set tag for 000000000000285F_0000000000000001
[E 17:44:22 10388] Set tag for 0000000000002540_0000000000000001
[E 17:44:22 10388] Set tag for 000000000000253A_0000000000000001
[E 17:44:22 10388] Set tag for 0000000000002539_0000000000000001
[E 17:44:22 10388] Set tag for 000000000000252A_0000000000000001
[E 17:44:22 10388] Set tag for 0000000000002529_0000000000000001
[E 17:44:22 10388] Set tag for 000000000000251F_0000000000000001
[E 17:44:22 10388] Set tag for 000000000000251E_0000000000000002
[E 17:44:22 10388] Set tag for 000000000000251E_0000000000000001
[E 17:44:22 10388] Set tag for 000000000000251B_0000000000000001
[E 17:44:22 10388] Set tag for 0000000000002519_0000000000000001
[E 17:44:22 10388] Set tag for 00000000000014CC_0000000000000003
[E 17:44:22 10388] Set tag for 00000000000014CC_0000000000000002
[E 17:44:22 10388] Set tag for root
[E 17:44:22 10388] Unlocking DB
[E 17:44:22 10388] Unlocked DB
[E 17:44:22 10388] Processed command line: /home/arun/codeql_/codeql/cpp/tools/linux64/extractor --trapfolder /home/arun/Desktop/TakeDownHSS/CodeQL/RealWorldRepos/libextractor/libEXDB/trap/cpp --src_archive /home/arun/Desktop/TakeDownHSS/CodeQL/RealWorldRepos/libextractor/libEXDB/src --mimic_config /home/arun/Desktop/TakeDownHSS/CodeQL/RealWorldRepos/libextractor/libEXDB/working/compiler_mimic_cache/6460ead259e5 --object_filename /tmp/cc5V844r.s -w --error_limit 1000 --disable_system_macros --variadic_macros --gcc --gnu_version 90400 --target linux_x86_64 -D__SSP_STRONG__=3 '-D__DBL_MIN_EXP__=(-1021)' -D__FLT32X_MAX_EXP__=1024 -D__UINT_LEAST16_MAX__=0xffff -D__ATOMIC_ACQUIRE=2 -D__FLT128_MAX_10_EXP__=4932 -D__FLT_MIN__=1.17549435082228750796873653722224568e-38F -D__GCC_IEC_559_COMPLEX=2 '-D__UINT_LEAST8_TYPE__=unsigned char' -D__SIZEOF_FLOAT80__=16 '-D__INTMAX_C(c)=c ## L' -D__CHAR_BIT__=8 -D__UINT8_MAX__=0xff -D__WINT_MAX__=0xffffffffU '-D__FLT32_MIN_EXP__=(-125)' -D__ORDER_LITTLE_ENDIAN__=1234 -D__SIZE_MAX__=0xffffffffffffffffUL -D__WCHAR_MAX__=0x7fffffff -D__GCC_HAVE_SYNC_COMPARE_AND_SWAP_1=1 -D__GCC_HAVE_SYNC_COMPARE_AND_SWAP_2=1 -D__GCC_HAVE_SYNC_COMPARE_AND_SWAP_4=1 '-D__DBL_DENORM_MIN__=((double)4.94065645841246544176568792868221372e-324L)' -D__GCC_HAVE_SYNC_COMPARE_AND_SWAP_8=1 -D__GCC_ATOMIC_CHAR_LOCK_FREE=2 -D__GCC_IEC_559=2 -D__FLT32X_DECIMAL_DIG__=17 -D__FLT_EVAL_METHOD__=0 -D__unix__=1 -D__FLT64_DECIMAL_DIG__=17 -D__CET__=3 -D__GCC_ATOMIC_CHAR32_T_LOCK_FREE=2 -D__x86_64=1 -D__UINT_FAST64_MAX__=0xffffffffffffffffUL -D__SIG_ATOMIC_TYPE__=int '-D__DBL_MIN_10_EXP__=(-307)' -D__FINITE_MATH_ONLY__=0 -D__FLT32_HAS_DENORM__=1 -D__UINT_FAST8_MAX__=0xff '-D__has_include(STR)=__has_include__(STR)' -D__DEC64_MAX_EXP__=385 '-D__INT8_C(c)=c' -D__INT_LEAST8_WIDTH__=8 -D__UINT_LEAST64_MAX__=0xffffffffffffffffUL -D__SHRT_MAX__=0x7fff '-D__LDBL_MAX__=1.18973149535723176502126385303097021e+4932L' -D__FLT64X_MAX_10_EXP__=4932 -D__UINT_LEAST8_MAX__=0xff -D__GCC_ATOMIC_BOOL_LOCK_FREE=2 -D__FLT128_DENORM_MIN__=6.47517511943802511092443895822764655e-4966F128 '-D__UINTMAX_TYPE__=long unsigned int' -D__linux=1 -D__DEC32_EPSILON__=1E-6DF -D__FLT_EVAL_METHOD_TS_18661_3__=0 -D__OPTIMIZE__=1 -D__unix=1 -D__UINT32_MAX__=0xffffffffU -D__LDBL_MAX_EXP__=16384 '-D__FLT128_MIN_EXP__=(-16381)' -D__WINT_MIN__=0U -D__linux__=1 '-D__FLT128_MIN_10_EXP__=(-4931)' -D__INT_LEAST16_WIDTH__=16 -D__SCHAR_MAX__=0x7f -D__FLT128_MANT_DIG__=113 '-D__WCHAR_MIN__=(-__WCHAR_MAX__ - 1)' '-D__INT64_C(c)=c ## L' -D__DBL_DIG__=15 -D__GCC_ATOMIC_POINTER_LOCK_FREE=2 -D__FLT64X_MANT_DIG__=64 -D_FORTIFY_SOURCE=2 -D__SIZEOF_INT__=4 -D__SIZEOF_POINTER__=8 -D__USER_LABEL_PREFIX__= -D__FLT64X_EPSILON__=1.08420217248550443400745280086994171e-19F64x -D__LDBL_HAS_INFINITY__=1 -D__FLT32_DIG__=6 -D__FLT_EPSILON__=1.19209289550781250000000000000000000e-7F -D__SHRT_WIDTH__=16 -D__LDBL_MIN__=3.36210314311209350626267781732175260e-4932L -D__STDC_UTF_16__=1 -D__DEC32_MAX__=9.999999E96DF -D__FLT64X_DENORM_MIN__=3.64519953188247460252840593361941982e-4951F64x -D__FLT32X_HAS_INFINITY__=1 -D__INT32_MAX__=0x7fffffff -D__INT_WIDTH__=32 -D__SIZEOF_LONG__=8 -D__STDC_IEC_559__=1 -D__STDC_ISO_10646__=201706L '-D__UINT16_C(c)=c' -D__PTRDIFF_WIDTH__=64 -D__DECIMAL_DIG__=21 -D__FLT64_EPSILON__=2.22044604925031308084726333618164062e-16F64 -D__gnu_linux__=1 -D__INTMAX_WIDTH__=64 '-D__has_include_next(STR)=__has_include_next__(STR)' '-D__FLT64X_MIN_10_EXP__=(-4931)' -D__LDBL_HAS_QUIET_NAN__=1 -D__FLT64_MANT_DIG__=53 -D__MMX__=1 -D__FLT_HAS_DENORM__=1 -D__SIZEOF_LONG_DOUBLE__=16 -D__BIGGEST_ALIGNMENT__=16 -D__FLT64_MAX_10_EXP__=308 '-D__DBL_MAX__=((double)1.79769313486231570814527423731704357e+308L)' -D__INT_FAST32_MAX__=0x7fffffffffffffffL -D__DBL_HAS_INFINITY__=1 -D__HAVE_SPECULATION_SAFE_VALUE=1 '-D__DEC32_MIN_EXP__=(-94)' -D__INTPTR_WIDTH__=64 -D__FLT32X_HAS_DENORM__=1 '-D__INT_FAST16_TYPE__=long int' -D__LDBL_HAS_DENORM__=1 -D__FLT128_HAS_INFINITY__=1 -D__DEC128_MAX__=9.999999999999999999999999999999999E6144DL -D__INT_LEAST32_MAX__=0x7fffffff -D__DEC32_MIN__=1E-95DF -D__DBL_MAX_EXP__=1024 -D__WCHAR_WIDTH__=32 '-D__FLT32_MAX__=3.40282346638528859811704183484516925e+38F32' -D__DEC128_EPSILON__=1E-33DL -D__SSE2_MATH__=1 -D__ATOMIC_HLE_RELEASE=131072 -D__PTRDIFF_MAX__=0x7fffffffffffffffL -D__amd64=1 -D__ATOMIC_HLE_ACQUIRE=65536 -D__FLT32_HAS_QUIET_NAN__=1 -D__LONG_LONG_MAX__=0x7fffffffffffffffLL -D__SIZEOF_SIZE_T__=8 '-D__FLT64X_MIN_EXP__=(-16381)' -D__SIZEOF_WINT_T__=4 -D__LONG_LONG_WIDTH__=64 -D__FLT32_MAX_EXP__=128 -D__GCC_HAVE_DWARF2_CFI_ASM=1 -D__GXX_ABI_VERSION=1013 '-D__FLT_MIN_EXP__=(-125)' -D__FLT64X_HAS_QUIET_NAN__=1 '-D__INT_FAST64_TYPE__=long int' -D__FLT64_DENORM_MIN__=4.94065645841246544176568792868221372e-324F64 '-D__DBL_MIN__=((double)2.22507385850720138309023271733240406e-308L)' -D__LP64__=1 -D__FLT32X_EPSILON__=2.22044604925031308084726333618164062e-16F32x -D__DECIMAL_BID_FORMAT__=1 '-D__FLT64_MIN_EXP__=(-1021)' '-D__FLT64_MIN_10_EXP__=(-307)' -D__FLT64X_DECIMAL_DIG__=21 -D__DEC128_MIN__=1E-6143DL -D__REGISTER_PREFIX__= -D__UINT16_MAX__=0xffff -D__DBL_HAS_DENORM__=1 -D__FLT32_MIN__=1.17549435082228750796873653722224568e-38F32 '-D__UINT8_TYPE__=unsigned char' -D__FLT_MANT_DIG__=24 -D__LDBL_DECIMAL_DIG__=21 '-D__UINT64_C(c)=c ## UL' -D_STDC_PREDEF_H=1 -D__GCC_ATOMIC_INT_LOCK_FREE=2 -D__FLT128_MAX_EXP__=16384 -D__FLT32_MANT_DIG__=24 -D__FLOAT_WORD_ORDER__=__ORDER_LITTLE_ENDIAN__ -D__STDC_IEC_559_COMPLEX__=1 -D__FLT128_HAS_DENORM__=1 -D__FLT128_DIG__=33 -D__SCHAR_WIDTH__=8 '-D__INT32_C(c)=c' -D__DEC64_EPSILON__=1E-15DD -D__ORDER_PDP_ENDIAN__=3412 '-D__DEC128_MIN_EXP__=(-6142)' -D__FLT32_MAX_10_EXP__=38 '-D__INT_FAST32_TYPE__=long int' '-D__UINT_LEAST16_TYPE__=short unsigned int' -D__FLT64X_HAS_INFINITY__=1 -Dunix=1 -D__INT16_MAX__=0x7fff '-D__SIZE_TYPE__=long unsigned int' -D__UINT64_MAX__=0xffffffffffffffffUL -D__FLT64X_DIG__=18 '-D__INT8_TYPE__=signed char' -D__ELF__=1 -D__GCC_ASM_FLAG_OUTPUTS__=1 -D__FLT_RADIX__=2 '-D__INT_LEAST16_TYPE__=short int' -D__LDBL_EPSILON__=1.08420217248550443400745280086994171e-19L '-D__UINTMAX_C(c)=c ## UL' -D__SSE_MATH__=1 -D__k8=1 -D__SIG_ATOMIC_MAX__=0x7fffffff -D__GCC_ATOMIC_WCHAR_T_LOCK_FREE=2 -D__SIZEOF_PTRDIFF_T__=8 -D__FLT32X_MANT_DIG__=53 -D__x86_64__=1 '-D__FLT32X_MIN_EXP__=(-1021)' -D__DEC32_SUBNORMAL_MIN__=0.000001E-95DF -D__INT_FAST16_MAX__=0x7fffffffffffffffL -D__FLT64_DIG__=15 -D__UINT_FAST32_MAX__=0xffffffffffffffffUL '-D__UINT_LEAST64_TYPE__=long unsigned int' -D__FLT_HAS_QUIET_NAN__=1 -D__FLT_MAX_10_EXP__=38 -D__LONG_MAX__=0x7fffffffffffffffL -D__FLT64X_HAS_DENORM__=1 -D__DEC128_SUBNORMAL_MIN__=0.000000000000000000000000000000001E-6143DL -D__FLT_HAS_INFINITY__=1 '-D__UINT_FAST16_TYPE__=long unsigned int' -D__DEC64_MAX__=9.999999999999999E384DD -D__INT_FAST32_WIDTH__=64 -D__PRAGMA_REDEFINE_EXTNAME=1 -D__SIZE_WIDTH__=64 -D__SEG_FS=1 -D__INT_LEAST16_MAX__=0x7fff -D__DEC64_MANT_DIG__=16 -D__INT64_MAX__=0x7fffffffffffffffL -D__UINT_LEAST32_MAX__=0xffffffffU -D__SEG_GS=1 -D__FLT32_DENORM_MIN__=1.40129846432481707092372958328991613e-45F32 -D__GCC_ATOMIC_LONG_LOCK_FREE=2 -D__SIG_ATOMIC_WIDTH__=32 '-D__INT_LEAST64_TYPE__=long int' '-D__INT16_TYPE__=short int' '-D__INT_LEAST8_TYPE__=signed char' -D__DEC32_MAX_EXP__=97 -D__INT_FAST8_MAX__=0x7f '-D__FLT128_MAX__=1.18973149535723176508575932662800702e+4932F128' -D__INTPTR_MAX__=0x7fffffffffffffffL -Dlinux=1 -D__FLT64_HAS_QUIET_NAN__=1 '-D__FLT32_MIN_10_EXP__=(-37)' -D__SSE2__=1 -D__FLT32X_DIG__=15 -D__LDBL_MANT_DIG__=64 -D__DBL_HAS_QUIET_NAN__=1 -D__FLT64_HAS_INFINITY__=1 '-D__FLT64X_MAX__=1.18973149535723176502126385303097021e+4932F64x' '-D__SIG_ATOMIC_MIN__=(-__SIG_ATOMIC_MAX__ - 1)' -D__code_model_small__=1 -D__k8__=1 '-D__INTPTR_TYPE__=long int' '-D__UINT16_TYPE__=short unsigned int' -D__WCHAR_TYPE__=int -D__SIZEOF_FLOAT__=4 -D__pic__=2 -D__UINTPTR_MAX__=0xffffffffffffffffUL -D__INT_FAST64_WIDTH__=64 '-D__DEC64_MIN_EXP__=(-382)' -D__FLT32_DECIMAL_DIG__=9 -D__INT_FAST64_MAX__=0x7fffffffffffffffL -D__GCC_ATOMIC_TEST_AND_SET_TRUEVAL=1 -D__FLT_DIG__=6 -D__FLT32_HAS_INFINITY__=1 -D__FLT64X_MAX_EXP__=16384 '-D__UINT_FAST64_TYPE__=long unsigned int' -D__INT_MAX__=0x7fffffff -D__amd64__=1 '-D__INT64_TYPE__=long int' -D__FLT_MAX_EXP__=128 -D__ORDER_BIG_ENDIAN__=4321 -D__DBL_MANT_DIG__=53 -D__SIZEOF_FLOAT128__=16 -D__INT_LEAST64_MAX__=0x7fffffffffffffffL -D__GCC_ATOMIC_CHAR16_T_LOCK_FREE=2 -D__DEC64_MIN__=1E-383DD '-D__WINT_TYPE__=unsigned int' '-D__UINT_LEAST32_TYPE__=unsigned int' -D__SIZEOF_SHORT__=2 -D__SSE__=1 '-D__LDBL_MIN_EXP__=(-16381)' '-D__FLT64_MAX__=1.79769313486231570814527423731704357e+308F64' -D__WINT_WIDTH__=32 -D__INT_LEAST8_MAX__=0x7f -D__FLT32X_MAX_10_EXP__=308 -D__SIZEOF_INT128__=16 -D__LDBL_MAX_10_EXP__=4932 -D__ATOMIC_RELAXED=0 '-D__DBL_EPSILON__=((double)2.22044604925031308084726333618164062e-16L)' -D__FLT128_MIN__=3.36210314311209350626267781732175260e-4932F128 -D_LP64=1 '-D__UINT8_C(c)=c' -D__FLT64_MAX_EXP__=1024 -D__INT_LEAST32_TYPE__=int -D__SIZEOF_WCHAR_T__=4 '-D__UINT64_TYPE__=long unsigned int' -D__FLT128_HAS_QUIET_NAN__=1 '-D__INT_FAST8_TYPE__=signed char' -D__FLT64X_MIN__=3.36210314311209350626267781732175260e-4932F64x -D__FLT64_HAS_DENORM__=1 -D__FLT32_EPSILON__=1.19209289550781250000000000000000000e-7F32 -D__DBL_DECIMAL_DIG__=17 -D__STDC_UTF_32__=1 -D__INT_FAST8_WIDTH__=8 -D__FXSR__=1 -D__DEC_EVAL_METHOD__=2 '-D__FLT32X_MAX__=1.79769313486231570814527423731704357e+308F32x' '-D__UINT32_C(c)=c ## U' -D__INTMAX_MAX__=0x7fffffffffffffffL -D__BYTE_ORDER__=__ORDER_LITTLE_ENDIAN__ -D__FLT_DENORM_MIN__=1.40129846432481707092372958328991613e-45F -D__INT8_MAX__=0x7f -D__LONG_WIDTH__=64 -D__PIC__=2 '-D__UINT_FAST32_TYPE__=long unsigned int' '-D__FLT_MAX__=3.40282346638528859811704183484516925e+38F' -D__INT32_TYPE__=int -D__SIZEOF_DOUBLE__=8 '-D__FLT_MIN_10_EXP__=(-37)' -D__FLT64_MIN__=2.22507385850720138309023271733240406e-308F64 -D__INT_LEAST32_WIDTH__=32 '-D__INTMAX_TYPE__=long int' -D__DEC128_MAX_EXP__=6145 -D__FLT32X_HAS_QUIET_NAN__=1 -D__ATOMIC_CONSUME=1 -D__INT_FAST16_WIDTH__=64 -D__UINTMAX_MAX__=0xffffffffffffffffUL -D__DEC32_MANT_DIG__=7 -D__FLT32X_DENORM_MIN__=4.94065645841246544176568792868221372e-324F32x -D__DBL_MAX_10_EXP__=308 -D__LDBL_DENORM_MIN__=3.64519953188247460252840593361941982e-4951L '-D__INT16_C(c)=c' '-D__PTRDIFF_TYPE__=long int' -D__ATOMIC_SEQ_CST=5 '-D__UINT32_TYPE__=unsigned int' '-D__FLT32X_MIN_10_EXP__=(-307)' '-D__UINTPTR_TYPE__=long unsigned int' -D__DEC64_SUBNORMAL_MIN__=0.000000000000001E-383DD -D__DEC128_MANT_DIG__=34 '-D__LDBL_MIN_10_EXP__=(-4931)' -D__FLT128_EPSILON__=1.92592994438723585305597794258492732e-34F128 -D__SIZEOF_LONG_LONG__=8 -D__FLT128_DECIMAL_DIG__=36 -D__GCC_ATOMIC_LLONG_LOCK_FREE=2 -D__FLT32X_MIN__=2.22507385850720138309023271733240406e-308F32x -D__LDBL_DIG__=18 -D__FLT_DECIMAL_DIG__=9 -D__UINT_FAST16_MAX__=0xffffffffffffffffUL -D__GCC_ATOMIC_SHORT_LOCK_FREE=2 -D__INT_LEAST64_WIDTH__=64 '-D__UINT_FAST8_TYPE__=unsigned char' -D__ATOMIC_ACQ_REL=4 -D__ATOMIC_RELEASE=3 -I. -I../.. -I../../src/include -DHAVE_CONFIG_H '-DPLUGINDIR="libextractor"' '-DPLUGININSTDIR="/usr/lib/libextractor"' -DPIC -I/usr/lib/gcc/x86_64-linux-gnu/9/include -I/usr/local/include -I/usr/include/x86_64-linux-gnu -I/usr/include -- extractor_plugin_main.c
[E 17:44:22 10388] Starting compilation TRAP /home/arun/Desktop/TakeDownHSS/CodeQL/RealWorldRepos/libextractor/libEXDB/trap/cpp/compilations/22/22688226_0.trap.br
[E 17:44:22 10388] Archiving /home/arun/Desktop/TakeDownHSS/CodeQL/RealWorldRepos/libextractor/libEXDB/src/home/arun/Desktop/TakeDownHSS/CodeQL/RealWorldRepos/libextractor/src/main/extractor_plugin_main.c
[E 17:44:22 10388] Already archived /home/arun/Desktop/TakeDownHSS/CodeQL/RealWorldRepos/libextractor/libEXDB/src/home/arun/Desktop/TakeDownHSS/CodeQL/RealWorldRepos/libextractor/src/include/platform.h
[E 17:44:22 10388] Already archived /home/arun/Desktop/TakeDownHSS/CodeQL/RealWorldRepos/libextractor/libEXDB/src/home/arun/Desktop/TakeDownHSS/CodeQL/RealWorldRepos/libextractor/config.h
[E 17:44:22 10388] Already archived /home/arun/Desktop/TakeDownHSS/CodeQL/RealWorldRepos/libextractor/libEXDB/src/home/arun/Desktop/TakeDownHSS/CodeQL/RealWorldRepos/libextractor/src/include/gettext.h
[E 17:44:22 10388] Already archived /home/arun/Desktop/TakeDownHSS/CodeQL/RealWorldRepos/libextractor/libEXDB/src/usr/include/libintl.h
[E 17:44:22 10388] Already archived /home/arun/Desktop/TakeDownHSS/CodeQL/RealWorldRepos/libextractor/libEXDB/src/usr/include/features.h
[E 17:44:22 10388] Already archived /home/arun/Desktop/TakeDownHSS/CodeQL/RealWorldRepos/libextractor/libEXDB/src/usr/include/stdc-predef.h
[E 17:44:22 10388] Already archived /home/arun/Desktop/TakeDownHSS/CodeQL/RealWorldRepos/libextractor/libEXDB/src/usr/include/x86_64-linux-gnu/sys/cdefs.h
[E 17:44:22 10388] Already archived /home/arun/Desktop/TakeDownHSS/CodeQL/RealWorldRepos/libextractor/libEXDB/src/usr/include/x86_64-linux-gnu/bits/wordsize.h
[E 17:44:22 10388] Already archived /home/arun/Desktop/TakeDownHSS/CodeQL/RealWorldRepos/libextractor/libEXDB/src/usr/include/x86_64-linux-gnu/bits/long-double.h
[E 17:44:22 10388] Already archived /home/arun/Desktop/TakeDownHSS/CodeQL/RealWorldRepos/libextractor/libEXDB/src/usr/include/x86_64-linux-gnu/gnu/stubs.h
[E 17:44:22 10388] Already archived /home/arun/Desktop/TakeDownHSS/CodeQL/RealWorldRepos/libextractor/libEXDB/src/usr/include/x86_64-linux-gnu/gnu/stubs-64.h
[E 17:44:22 10388] Already archived /home/arun/Desktop/TakeDownHSS/CodeQL/RealWorldRepos/libextractor/libEXDB/src/usr/lib/gcc/x86_64-linux-gnu/9/include/stddef.h
[E 17:44:22 10388] Already archived /home/arun/Desktop/TakeDownHSS/CodeQL/RealWorldRepos/libextractor/libEXDB/src/usr/include/locale.h
[E 17:44:22 10388] Already archived /home/arun/Desktop/TakeDownHSS/CodeQL/RealWorldRepos/libextractor/libEXDB/src/usr/lib/gcc/x86_64-linux-gnu/9/include/stddef.h
[E 17:44:22 10388] Already archived /home/arun/Desktop/TakeDownHSS/CodeQL/RealWorldRepos/libextractor/libEXDB/src/usr/include/x86_64-linux-gnu/bits/locale.h
[E 17:44:22 10388] Already archived /home/arun/Desktop/TakeDownHSS/CodeQL/RealWorldRepos/libextractor/libEXDB/src/usr/include/x86_64-linux-gnu/bits/types/locale_t.h
[E 17:44:22 10388] Already archived /home/arun/Desktop/TakeDownHSS/CodeQL/RealWorldRepos/libextractor/libEXDB/src/usr/include/x86_64-linux-gnu/bits/types/__locale_t.h
[E 17:44:22 10388] Already archived /home/arun/Desktop/TakeDownHSS/CodeQL/RealWorldRepos/libextractor/libEXDB/src/home/arun/Desktop/TakeDownHSS/CodeQL/RealWorldRepos/libextractor/src/include/plibc.h
[E 17:44:22 10388] Already archived /home/arun/Desktop/TakeDownHSS/CodeQL/RealWorldRepos/libextractor/libEXDB/src/usr/lib/gcc/x86_64-linux-gnu/9/include/stddef.h
[E 17:44:22 10388] Already archived /home/arun/Desktop/TakeDownHSS/CodeQL/RealWorldRepos/libextractor/libEXDB/src/usr/include/string.h
[E 17:44:22 10388] Already archived /home/arun/Desktop/TakeDownHSS/CodeQL/RealWorldRepos/libextractor/libEXDB/src/usr/include/x86_64-linux-gnu/bits/libc-header-start.h
[E 17:44:22 10388] Already archived /home/arun/Desktop/TakeDownHSS/CodeQL/RealWorldRepos/libextractor/libEXDB/src/usr/lib/gcc/x86_64-linux-gnu/9/include/stddef.h
[E 17:44:22 10388] Already archived /home/arun/Desktop/TakeDownHSS/CodeQL/RealWorldRepos/libextractor/libEXDB/src/usr/include/strings.h
[E 17:44:22 10388] Already archived /home/arun/Desktop/TakeDownHSS/CodeQL/RealWorldRepos/libextractor/libEXDB/src/usr/lib/gcc/x86_64-linux-gnu/9/include/stddef.h
[E 17:44:22 10388] Already archived /home/arun/Desktop/TakeDownHSS/CodeQL/RealWorldRepos/libextractor/libEXDB/src/usr/include/x86_64-linux-gnu/bits/strings_fortified.h
[E 17:44:22 10388] Already archived /home/arun/Desktop/TakeDownHSS/CodeQL/RealWorldRepos/libextractor/libEXDB/src/usr/include/x86_64-linux-gnu/bits/string_fortified.h
[E 17:44:22 10388] Already archived /home/arun/Desktop/TakeDownHSS/CodeQL/RealWorldRepos/libextractor/libEXDB/src/usr/include/unistd.h
[E 17:44:22 10388] Already archived /home/arun/Desktop/TakeDownHSS/CodeQL/RealWorldRepos/libextractor/libEXDB/src/usr/include/x86_64-linux-gnu/bits/posix_opt.h
[E 17:44:22 10388] Already archived /home/arun/Desktop/TakeDownHSS/CodeQL/RealWorldRepos/libextractor/libEXDB/src/usr/include/x86_64-linux-gnu/bits/environments.h
[E 17:44:22 10388] Already archived /home/arun/Desktop/TakeDownHSS/CodeQL/RealWorldRepos/libextractor/libEXDB/src/usr/include/x86_64-linux-gnu/bits/wordsize.h
[E 17:44:22 10388] Already archived /home/arun/Desktop/TakeDownHSS/CodeQL/RealWorldRepos/libextractor/libEXDB/src/usr/include/x86_64-linux-gnu/bits/types.h
[E 17:44:22 10388] Already archived /home/arun/Desktop/TakeDownHSS/CodeQL/RealWorldRepos/libextractor/libEXDB/src/usr/include/x86_64-linux-gnu/bits/wordsize.h
[E 17:44:22 10388] Already archived /home/arun/Desktop/TakeDownHSS/CodeQL/RealWorldRepos/libextractor/libEXDB/src/usr/include/x86_64-linux-gnu/bits/timesize.h
[E 17:44:22 10388] Already archived /home/arun/Desktop/TakeDownHSS/CodeQL/RealWorldRepos/libextractor/libEXDB/src/usr/include/x86_64-linux-gnu/bits/typesizes.h
[E 17:44:22 10388] Already archived /home/arun/Desktop/TakeDownHSS/CodeQL/RealWorldRepos/libextractor/libEXDB/src/usr/include/x86_64-linux-gnu/bits/time64.h
[E 17:44:22 10388] Already archived /home/arun/Desktop/TakeDownHSS/CodeQL/RealWorldRepos/libextractor/libEXDB/src/usr/lib/gcc/x86_64-linux-gnu/9/include/stddef.h
[E 17:44:22 10388] Already archived /home/arun/Desktop/TakeDownHSS/CodeQL/RealWorldRepos/libextractor/libEXDB/src/usr/include/x86_64-linux-gnu/bits/confname.h
[E 17:44:22 10388] Already archived /home/arun/Desktop/TakeDownHSS/CodeQL/RealWorldRepos/libextractor/libEXDB/src/usr/include/x86_64-linux-gnu/bits/getopt_posix.h
[E 17:44:22 10388] Already archived /home/arun/Desktop/TakeDownHSS/CodeQL/RealWorldRepos/libextractor/libEXDB/src/usr/include/x86_64-linux-gnu/bits/getopt_core.h
[E 17:44:22 10388] Already archived /home/arun/Desktop/TakeDownHSS/CodeQL/RealWorldRepos/libextractor/libEXDB/src/usr/include/x86_64-linux-gnu/bits/unistd.h
[E 17:44:22 10388] Already archived /home/arun/Desktop/TakeDownHSS/CodeQL/RealWorldRepos/libextractor/libEXDB/src/usr/include/x86_64-linux-gnu/bits/unistd_ext.h
[E 17:44:22 10388] Already archived /home/arun/Desktop/TakeDownHSS/CodeQL/RealWorldRepos/libextractor/libEXDB/src/usr/include/ctype.h
[E 17:44:22 10388] Already archived /home/arun/Desktop/TakeDownHSS/CodeQL/RealWorldRepos/libextractor/libEXDB/src/usr/include/x86_64-linux-gnu/bits/endian.h
[E 17:44:22 10388] Already archived /home/arun/Desktop/TakeDownHSS/CodeQL/RealWorldRepos/libextractor/libEXDB/src/usr/include/x86_64-linux-gnu/bits/endianness.h
[E 17:44:22 10388] Already archived /home/arun/Desktop/TakeDownHSS/CodeQL/RealWorldRepos/libextractor/libEXDB/src/usr/include/stdlib.h
[E 17:44:22 10388] Already archived /home/arun/Desktop/TakeDownHSS/CodeQL/RealWorldRepos/libextractor/libEXDB/src/usr/include/x86_64-linux-gnu/bits/libc-header-start.h
[E 17:44:22 10388] Already archived /home/arun/Desktop/TakeDownHSS/CodeQL/RealWorldRepos/libextractor/libEXDB/src/usr/lib/gcc/x86_64-linux-gnu/9/include/stddef.h
[E 17:44:22 10388] Already archived /home/arun/Desktop/TakeDownHSS/CodeQL/RealWorldRepos/libextractor/libEXDB/src/usr/include/x86_64-linux-gnu/bits/waitflags.h
[E 17:44:22 10388] Already archived /home/arun/Desktop/TakeDownHSS/CodeQL/RealWorldRepos/libextractor/libEXDB/src/usr/include/x86_64-linux-gnu/bits/waitstatus.h
[E 17:44:22 10388] Already archived /home/arun/Desktop/TakeDownHSS/CodeQL/RealWorldRepos/libextractor/libEXDB/src/usr/include/x86_64-linux-gnu/bits/floatn.h
[E 17:44:22 10388] Already archived /home/arun/Desktop/TakeDownHSS/CodeQL/RealWorldRepos/libextractor/libEXDB/src/usr/include/x86_64-linux-gnu/bits/floatn-common.h
[E 17:44:22 10388] Already archived /home/arun/Desktop/TakeDownHSS/CodeQL/RealWorldRepos/libextractor/libEXDB/src/usr/include/x86_64-linux-gnu/bits/long-double.h
[E 17:44:22 10388] Already archived /home/arun/Desktop/TakeDownHSS/CodeQL/RealWorldRepos/libextractor/libEXDB/src/usr/include/x86_64-linux-gnu/sys/types.h
[E 17:44:22 10388] Already archived /home/arun/Desktop/TakeDownHSS/CodeQL/RealWorldRepos/libextractor/libEXDB/src/usr/include/x86_64-linux-gnu/bits/types/clock_t.h
[E 17:44:22 10388] Already archived /home/arun/Desktop/TakeDownHSS/CodeQL/RealWorldRepos/libextractor/libEXDB/src/usr/include/x86_64-linux-gnu/bits/types/clockid_t.h
[E 17:44:22 10388] Already archived /home/arun/Desktop/TakeDownHSS/CodeQL/RealWorldRepos/libextractor/libEXDB/src/usr/include/x86_64-linux-gnu/bits/types/time_t.h
[E 17:44:22 10388] Already archived /home/arun/Desktop/TakeDownHSS/CodeQL/RealWorldRepos/libextractor/libEXDB/src/usr/include/x86_64-linux-gnu/bits/types/timer_t.h
[E 17:44:22 10388] Already archived /home/arun/Desktop/TakeDownHSS/CodeQL/RealWorldRepos/libextractor/libEXDB/src/usr/lib/gcc/x86_64-linux-gnu/9/include/stddef.h
[E 17:44:22 10388] Already archived /home/arun/Desktop/TakeDownHSS/CodeQL/RealWorldRepos/libextractor/libEXDB/src/usr/include/x86_64-linux-gnu/bits/stdint-intn.h
[E 17:44:22 10388] Already archived /home/arun/Desktop/TakeDownHSS/CodeQL/RealWorldRepos/libextractor/libEXDB/src/usr/include/endian.h
[E 17:44:22 10388] Already archived /home/arun/Desktop/TakeDownHSS/CodeQL/RealWorldRepos/libextractor/libEXDB/src/usr/include/x86_64-linux-gnu/bits/byteswap.h
[E 17:44:23 10388] Already archived /home/arun/Desktop/TakeDownHSS/CodeQL/RealWorldRepos/libextractor/libEXDB/src/usr/include/x86_64-linux-gnu/bits/uintn-identity.h
[E 17:44:23 10388] Already archived /home/arun/Desktop/TakeDownHSS/CodeQL/RealWorldRepos/libextractor/libEXDB/src/usr/include/x86_64-linux-gnu/sys/select.h
[E 17:44:23 10388] Already archived /home/arun/Desktop/TakeDownHSS/CodeQL/RealWorldRepos/libextractor/libEXDB/src/usr/include/x86_64-linux-gnu/bits/select.h
[E 17:44:23 10388] Already archived /home/arun/Desktop/TakeDownHSS/CodeQL/RealWorldRepos/libextractor/libEXDB/src/usr/include/x86_64-linux-gnu/bits/wordsize.h
[E 17:44:23 10388] Already archived /home/arun/Desktop/TakeDownHSS/CodeQL/RealWorldRepos/libextractor/libEXDB/src/usr/include/x86_64-linux-gnu/bits/types/sigset_t.h
[E 17:44:23 10388] Already archived /home/arun/Desktop/TakeDownHSS/CodeQL/RealWorldRepos/libextractor/libEXDB/src/usr/include/x86_64-linux-gnu/bits/types/__sigset_t.h
[E 17:44:23 10388] Already archived /home/arun/Desktop/TakeDownHSS/CodeQL/RealWorldRepos/libextractor/libEXDB/src/usr/include/x86_64-linux-gnu/bits/types/struct_timeval.h
[E 17:44:23 10388] Already archived /home/arun/Desktop/TakeDownHSS/CodeQL/RealWorldRepos/libextractor/libEXDB/src/usr/include/x86_64-linux-gnu/bits/types/struct_timespec.h
[E 17:44:23 10388] Already archived /home/arun/Desktop/TakeDownHSS/CodeQL/RealWorldRepos/libextractor/libEXDB/src/usr/include/x86_64-linux-gnu/bits/select2.h
[E 17:44:23 10388] Already archived /home/arun/Desktop/TakeDownHSS/CodeQL/RealWorldRepos/libextractor/libEXDB/src/usr/include/x86_64-linux-gnu/bits/pthreadtypes.h
[E 17:44:23 10388] Already archived /home/arun/Desktop/TakeDownHSS/CodeQL/RealWorldRepos/libextractor/libEXDB/src/usr/include/x86_64-linux-gnu/bits/thread-shared-types.h
[E 17:44:23 10388] Already archived /home/arun/Desktop/TakeDownHSS/CodeQL/RealWorldRepos/libextractor/libEXDB/src/usr/include/x86_64-linux-gnu/bits/pthreadtypes-arch.h
[E 17:44:23 10388] Already archived /home/arun/Desktop/TakeDownHSS/CodeQL/RealWorldRepos/libextractor/libEXDB/src/usr/include/x86_64-linux-gnu/bits/wordsize.h
[E 17:44:23 10388] Already archived /home/arun/Desktop/TakeDownHSS/CodeQL/RealWorldRepos/libextractor/libEXDB/src/usr/include/x86_64-linux-gnu/bits/struct_mutex.h
[E 17:44:23 10388] Already archived /home/arun/Desktop/TakeDownHSS/CodeQL/RealWorldRepos/libextractor/libEXDB/src/usr/include/x86_64-linux-gnu/bits/struct_rwlock.h
[E 17:44:23 10388] Already archived /home/arun/Desktop/TakeDownHSS/CodeQL/RealWorldRepos/libextractor/libEXDB/src/usr/include/alloca.h
[E 17:44:23 10388] Already archived /home/arun/Desktop/TakeDownHSS/CodeQL/RealWorldRepos/libextractor/libEXDB/src/usr/lib/gcc/x86_64-linux-gnu/9/include/stddef.h
[E 17:44:23 10388] Already archived /home/arun/Desktop/TakeDownHSS/CodeQL/RealWorldRepos/libextractor/libEXDB/src/usr/include/x86_64-linux-gnu/bits/stdlib-bsearch.h
[E 17:44:23 10388] Already archived /home/arun/Desktop/TakeDownHSS/CodeQL/RealWorldRepos/libextractor/libEXDB/src/usr/include/x86_64-linux-gnu/bits/stdlib-float.h
[E 17:44:23 10388] Already archived /home/arun/Desktop/TakeDownHSS/CodeQL/RealWorldRepos/libextractor/libEXDB/src/usr/include/x86_64-linux-gnu/bits/stdlib.h
[E 17:44:23 10388] Already archived /home/arun/Desktop/TakeDownHSS/CodeQL/RealWorldRepos/libextractor/libEXDB/src/usr/include/stdio.h
[E 17:44:23 10388] Already archived /home/arun/Desktop/TakeDownHSS/CodeQL/RealWorldRepos/libextractor/libEXDB/src/usr/include/x86_64-linux-gnu/bits/libc-header-start.h
[E 17:44:23 10388] Already archived /home/arun/Desktop/TakeDownHSS/CodeQL/RealWorldRepos/libextractor/libEXDB/src/usr/lib/gcc/x86_64-linux-gnu/9/include/stddef.h
[E 17:44:23 10388] Already archived /home/arun/Desktop/TakeDownHSS/CodeQL/RealWorldRepos/libextractor/libEXDB/src/usr/lib/gcc/x86_64-linux-gnu/9/include/stdarg.h
[E 17:44:23 10388] Already archived /home/arun/Desktop/TakeDownHSS/CodeQL/RealWorldRepos/libextractor/libEXDB/src/usr/include/x86_64-linux-gnu/bits/types/__fpos_t.h
[E 17:44:23 10388] Already archived /home/arun/Desktop/TakeDownHSS/CodeQL/RealWorldRepos/libextractor/libEXDB/src/usr/include/x86_64-linux-gnu/bits/types/__mbstate_t.h
[E 17:44:23 10388] Already archived /home/arun/Desktop/TakeDownHSS/CodeQL/RealWorldRepos/libextractor/libEXDB/src/usr/include/x86_64-linux-gnu/bits/types/__fpos64_t.h
[E 17:44:23 10388] Already archived /home/arun/Desktop/TakeDownHSS/CodeQL/RealWorldRepos/libextractor/libEXDB/src/usr/include/x86_64-linux-gnu/bits/types/__FILE.h
[E 17:44:23 10388] Already archived /home/arun/Desktop/TakeDownHSS/CodeQL/RealWorldRepos/libextractor/libEXDB/src/usr/include/x86_64-linux-gnu/bits/types/FILE.h
[E 17:44:23 10388] Already archived /home/arun/Desktop/TakeDownHSS/CodeQL/RealWorldRepos/libextractor/libEXDB/src/usr/include/x86_64-linux-gnu/bits/types/struct_FILE.h
[E 17:44:23 10388] Already archived /home/arun/Desktop/TakeDownHSS/CodeQL/RealWorldRepos/libextractor/libEXDB/src/usr/include/x86_64-linux-gnu/bits/types/cookie_io_functions_t.h
[E 17:44:23 10388] Already archived /home/arun/Desktop/TakeDownHSS/CodeQL/RealWorldRepos/libextractor/libEXDB/src/usr/include/x86_64-linux-gnu/bits/stdio_lim.h
[E 17:44:23 10388] Already archived /home/arun/Desktop/TakeDownHSS/CodeQL/RealWorldRepos/libextractor/libEXDB/src/usr/include/x86_64-linux-gnu/bits/sys_errlist.h
[E 17:44:23 10388] Already archived /home/arun/Desktop/TakeDownHSS/CodeQL/RealWorldRepos/libextractor/libEXDB/src/usr/include/x86_64-linux-gnu/bits/stdio.h
[E 17:44:23 10388] Already archived /home/arun/Desktop/TakeDownHSS/CodeQL/RealWorldRepos/libextractor/libEXDB/src/usr/include/x86_64-linux-gnu/bits/stdio2.h
[E 17:44:23 10388] Already archived /home/arun/Desktop/TakeDownHSS/CodeQL/RealWorldRepos/libextractor/libEXDB/src/usr/lib/gcc/x86_64-linux-gnu/9/include/stdint.h
[E 17:44:23 10388] Already archived /home/arun/Desktop/TakeDownHSS/CodeQL/RealWorldRepos/libextractor/libEXDB/src/usr/include/stdint.h
[E 17:44:23 10388] Already archived /home/arun/Desktop/TakeDownHSS/CodeQL/RealWorldRepos/libextractor/libEXDB/src/usr/include/x86_64-linux-gnu/bits/libc-header-start.h
[E 17:44:23 10388] Already archived /home/arun/Desktop/TakeDownHSS/CodeQL/RealWorldRepos/libextractor/libEXDB/src/usr/include/x86_64-linux-gnu/bits/wchar.h
[E 17:44:23 10388] Already archived /home/arun/Desktop/TakeDownHSS/CodeQL/RealWorldRepos/libextractor/libEXDB/src/usr/include/x86_64-linux-gnu/bits/wordsize.h
[E 17:44:23 10388] Already archived /home/arun/Desktop/TakeDownHSS/CodeQL/RealWorldRepos/libextractor/libEXDB/src/usr/include/x86_64-linux-gnu/bits/stdint-uintn.h
[E 17:44:23 10388] Already archived /home/arun/Desktop/TakeDownHSS/CodeQL/RealWorldRepos/libextractor/libEXDB/src/usr/include/fcntl.h
[E 17:44:23 10388] Already archived /home/arun/Desktop/TakeDownHSS/CodeQL/RealWorldRepos/libextractor/libEXDB/src/usr/include/x86_64-linux-gnu/bits/fcntl.h
[E 17:44:23 10388] Already archived /home/arun/Desktop/TakeDownHSS/CodeQL/RealWorldRepos/libextractor/libEXDB/src/usr/include/x86_64-linux-gnu/bits/fcntl-linux.h
[E 17:44:23 10388] Already archived /home/arun/Desktop/TakeDownHSS/CodeQL/RealWorldRepos/libextractor/libEXDB/src/usr/include/x86_64-linux-gnu/bits/types/struct_iovec.h
[E 17:44:23 10388] Already archived /home/arun/Desktop/TakeDownHSS/CodeQL/RealWorldRepos/libextractor/libEXDB/src/usr/lib/gcc/x86_64-linux-gnu/9/include/stddef.h
[E 17:44:23 10388] Already archived /home/arun/Desktop/TakeDownHSS/CodeQL/RealWorldRepos/libextractor/libEXDB/src/usr/include/linux/falloc.h
[E 17:44:23 10388] Already archived /home/arun/Desktop/TakeDownHSS/CodeQL/RealWorldRepos/libextractor/libEXDB/src/usr/include/x86_64-linux-gnu/bits/stat.h
[E 17:44:23 10388] Already archived /home/arun/Desktop/TakeDownHSS/CodeQL/RealWorldRepos/libextractor/libEXDB/src/usr/include/x86_64-linux-gnu/bits/fcntl2.h
[E 17:44:23 10388] Already archived /home/arun/Desktop/TakeDownHSS/CodeQL/RealWorldRepos/libextractor/libEXDB/src/usr/include/time.h
[E 17:44:23 10388] Already archived /home/arun/Desktop/TakeDownHSS/CodeQL/RealWorldRepos/libextractor/libEXDB/src/usr/lib/gcc/x86_64-linux-gnu/9/include/stddef.h
[E 17:44:23 10388] Already archived /home/arun/Desktop/TakeDownHSS/CodeQL/RealWorldRepos/libextractor/libEXDB/src/usr/include/x86_64-linux-gnu/bits/time.h
[E 17:44:23 10388] Already archived /home/arun/Desktop/TakeDownHSS/CodeQL/RealWorldRepos/libextractor/libEXDB/src/usr/include/x86_64-linux-gnu/bits/timex.h
[E 17:44:23 10388] Already archived /home/arun/Desktop/TakeDownHSS/CodeQL/RealWorldRepos/libextractor/libEXDB/src/usr/include/x86_64-linux-gnu/bits/types/struct_tm.h
[E 17:44:23 10388] Already archived /home/arun/Desktop/TakeDownHSS/CodeQL/RealWorldRepos/libextractor/libEXDB/src/usr/include/x86_64-linux-gnu/bits/types/struct_itimerspec.h
[E 17:44:23 10388] Already archived /home/arun/Desktop/TakeDownHSS/CodeQL/RealWorldRepos/libextractor/libEXDB/src/usr/include/utime.h
[E 17:44:23 10388] Already archived /home/arun/Desktop/TakeDownHSS/CodeQL/RealWorldRepos/libextractor/libEXDB/src/usr/include/errno.h
[E 17:44:23 10388] Already archived /home/arun/Desktop/TakeDownHSS/CodeQL/RealWorldRepos/libextractor/libEXDB/src/usr/include/x86_64-linux-gnu/bits/errno.h
[E 17:44:23 10388] Already archived /home/arun/Desktop/TakeDownHSS/CodeQL/RealWorldRepos/libextractor/libEXDB/src/usr/include/linux/errno.h
[E 17:44:23 10388] Already archived /home/arun/Desktop/TakeDownHSS/CodeQL/RealWorldRepos/libextractor/libEXDB/src/usr/include/x86_64-linux-gnu/asm/errno.h
[E 17:44:23 10388] Already archived /home/arun/Desktop/TakeDownHSS/CodeQL/RealWorldRepos/libextractor/libEXDB/src/usr/include/asm-generic/errno.h
[E 17:44:23 10388] Already archived /home/arun/Desktop/TakeDownHSS/CodeQL/RealWorldRepos/libextractor/libEXDB/src/usr/include/asm-generic/errno-base.h
[E 17:44:23 10388] Already archived /home/arun/Desktop/TakeDownHSS/CodeQL/RealWorldRepos/libextractor/libEXDB/src/usr/include/x86_64-linux-gnu/bits/types/error_t.h
[E 17:44:23 10388] Already archived /home/arun/Desktop/TakeDownHSS/CodeQL/RealWorldRepos/libextractor/libEXDB/src/usr/lib/gcc/x86_64-linux-gnu/9/include/stdarg.h
[E 17:44:23 10388] Already archived /home/arun/Desktop/TakeDownHSS/CodeQL/RealWorldRepos/libextractor/libEXDB/src/usr/lib/gcc/x86_64-linux-gnu/9/include/limits.h
[E 17:44:23 10388] Already archived /home/arun/Desktop/TakeDownHSS/CodeQL/RealWorldRepos/libextractor/libEXDB/src/usr/lib/gcc/x86_64-linux-gnu/9/include/syslimits.h
[E 17:44:23 10388] Already archived /home/arun/Desktop/TakeDownHSS/CodeQL/RealWorldRepos/libextractor/libEXDB/src/usr/lib/gcc/x86_64-linux-gnu/9/include/limits.h
[E 17:44:23 10388] Already archived /home/arun/Desktop/TakeDownHSS/CodeQL/RealWorldRepos/libextractor/libEXDB/src/usr/include/limits.h
[E 17:44:23 10388] Already archived /home/arun/Desktop/TakeDownHSS/CodeQL/RealWorldRepos/libextractor/libEXDB/src/usr/include/x86_64-linux-gnu/bits/libc-header-start.h
[E 17:44:23 10388] Already archived /home/arun/Desktop/TakeDownHSS/CodeQL/RealWorldRepos/libextractor/libEXDB/src/usr/include/x86_64-linux-gnu/bits/posix1_lim.h
[E 17:44:23 10388] Already archived /home/arun/Desktop/TakeDownHSS/CodeQL/RealWorldRepos/libextractor/libEXDB/src/usr/include/x86_64-linux-gnu/bits/wordsize.h
[E 17:44:23 10388] Already archived /home/arun/Desktop/TakeDownHSS/CodeQL/RealWorldRepos/libextractor/libEXDB/src/usr/include/x86_64-linux-gnu/bits/local_lim.h
[E 17:44:23 10388] Already archived /home/arun/Desktop/TakeDownHSS/CodeQL/RealWorldRepos/libextractor/libEXDB/src/usr/include/linux/limits.h
[E 17:44:23 10388] Already archived /home/arun/Desktop/TakeDownHSS/CodeQL/RealWorldRepos/libextractor/libEXDB/src/usr/include/x86_64-linux-gnu/bits/posix2_lim.h
[E 17:44:23 10388] Already archived /home/arun/Desktop/TakeDownHSS/CodeQL/RealWorldRepos/libextractor/libEXDB/src/usr/include/x86_64-linux-gnu/bits/xopen_lim.h
[E 17:44:23 10388] Already archived /home/arun/Desktop/TakeDownHSS/CodeQL/RealWorldRepos/libextractor/libEXDB/src/usr/include/x86_64-linux-gnu/bits/uio_lim.h
[E 17:44:23 10388] Already archived /home/arun/Desktop/TakeDownHSS/CodeQL/RealWorldRepos/libextractor/libEXDB/src/usr/lib/gcc/x86_64-linux-gnu/9/include/stddef.h
[E 17:44:23 10388] Already archived /home/arun/Desktop/TakeDownHSS/CodeQL/RealWorldRepos/libextractor/libEXDB/src/usr/include/x86_64-linux-gnu/sys/stat.h
[E 17:44:23 10388] Already archived /home/arun/Desktop/TakeDownHSS/CodeQL/RealWorldRepos/libextractor/libEXDB/src/usr/include/x86_64-linux-gnu/bits/stat.h
[E 17:44:23 10388] Already archived /home/arun/Desktop/TakeDownHSS/CodeQL/RealWorldRepos/libextractor/libEXDB/src/usr/include/x86_64-linux-gnu/bits/statx.h
[E 17:44:23 10388] Already archived /home/arun/Desktop/TakeDownHSS/CodeQL/RealWorldRepos/libextractor/libEXDB/src/usr/include/linux/stat.h
[E 17:44:23 10388] Already archived /home/arun/Desktop/TakeDownHSS/CodeQL/RealWorldRepos/libextractor/libEXDB/src/usr/include/linux/types.h
[E 17:44:23 10388] Already archived /home/arun/Desktop/TakeDownHSS/CodeQL/RealWorldRepos/libextractor/libEXDB/src/usr/include/x86_64-linux-gnu/asm/types.h
[E 17:44:23 10388] Already archived /home/arun/Desktop/TakeDownHSS/CodeQL/RealWorldRepos/libextractor/libEXDB/src/usr/include/asm-generic/types.h
[E 17:44:23 10388] Already archived /home/arun/Desktop/TakeDownHSS/CodeQL/RealWorldRepos/libextractor/libEXDB/src/usr/include/asm-generic/int-ll64.h
[E 17:44:23 10388] Already archived /home/arun/Desktop/TakeDownHSS/CodeQL/RealWorldRepos/libextractor/libEXDB/src/usr/include/x86_64-linux-gnu/asm/bitsperlong.h
[E 17:44:23 10388] Already archived /home/arun/Desktop/TakeDownHSS/CodeQL/RealWorldRepos/libextractor/libEXDB/src/usr/include/asm-generic/bitsperlong.h
[E 17:44:23 10388] Already archived /home/arun/Desktop/TakeDownHSS/CodeQL/RealWorldRepos/libextractor/libEXDB/src/usr/include/linux/posix_types.h
[E 17:44:23 10388] Already archived /home/arun/Desktop/TakeDownHSS/CodeQL/RealWorldRepos/libextractor/libEXDB/src/usr/include/linux/stddef.h
[E 17:44:23 10388] Already archived /home/arun/Desktop/TakeDownHSS/CodeQL/RealWorldRepos/libextractor/libEXDB/src/usr/include/x86_64-linux-gnu/asm/posix_types.h
[E 17:44:23 10388] Already archived /home/arun/Desktop/TakeDownHSS/CodeQL/RealWorldRepos/libextractor/libEXDB/src/usr/include/x86_64-linux-gnu/asm/posix_types_64.h
[E 17:44:23 10388] Already archived /home/arun/Desktop/TakeDownHSS/CodeQL/RealWorldRepos/libextractor/libEXDB/src/usr/include/asm-generic/posix_types.h
[E 17:44:23 10388] Already archived /home/arun/Desktop/TakeDownHSS/CodeQL/RealWorldRepos/libextractor/libEXDB/src/usr/include/x86_64-linux-gnu/bits/statx-generic.h
[E 17:44:23 10388] Already archived /home/arun/Desktop/TakeDownHSS/CodeQL/RealWorldRepos/libextractor/libEXDB/src/usr/include/x86_64-linux-gnu/bits/types/struct_statx_timestamp.h
[E 17:44:23 10388] Already archived /home/arun/Desktop/TakeDownHSS/CodeQL/RealWorldRepos/libextractor/libEXDB/src/usr/include/x86_64-linux-gnu/bits/types/struct_statx.h
[E 17:44:23 10388] Already archived /home/arun/Desktop/TakeDownHSS/CodeQL/RealWorldRepos/libextractor/libEXDB/src/usr/include/x86_64-linux-gnu/sys/socket.h
[E 17:44:23 10388] Already archived /home/arun/Desktop/TakeDownHSS/CodeQL/RealWorldRepos/libextractor/libEXDB/src/usr/lib/gcc/x86_64-linux-gnu/9/include/stddef.h
[E 17:44:23 10388] Already archived /home/arun/Desktop/TakeDownHSS/CodeQL/RealWorldRepos/libextractor/libEXDB/src/usr/include/x86_64-linux-gnu/bits/socket.h
[E 17:44:23 10388] Already archived /home/arun/Desktop/TakeDownHSS/CodeQL/RealWorldRepos/libextractor/libEXDB/src/usr/lib/gcc/x86_64-linux-gnu/9/include/stddef.h
[E 17:44:23 10388] Already archived /home/arun/Desktop/TakeDownHSS/CodeQL/RealWorldRepos/libextractor/libEXDB/src/usr/include/x86_64-linux-gnu/bits/socket_type.h
[E 17:44:23 10388] Already archived /home/arun/Desktop/TakeDownHSS/CodeQL/RealWorldRepos/libextractor/libEXDB/src/usr/include/x86_64-linux-gnu/bits/sockaddr.h
[E 17:44:23 10388] Already archived /home/arun/Desktop/TakeDownHSS/CodeQL/RealWorldRepos/libextractor/libEXDB/src/usr/include/x86_64-linux-gnu/asm/socket.h
[E 17:44:23 10388] Already archived /home/arun/Desktop/TakeDownHSS/CodeQL/RealWorldRepos/libextractor/libEXDB/src/usr/include/asm-generic/socket.h
[E 17:44:23 10388] Already archived /home/arun/Desktop/TakeDownHSS/CodeQL/RealWorldRepos/libextractor/libEXDB/src/usr/include/x86_64-linux-gnu/asm/sockios.h
[E 17:44:23 10388] Already archived /home/arun/Desktop/TakeDownHSS/CodeQL/RealWorldRepos/libextractor/libEXDB/src/usr/include/asm-generic/sockios.h
[E 17:44:23 10388] Already archived /home/arun/Desktop/TakeDownHSS/CodeQL/RealWorldRepos/libextractor/libEXDB/src/usr/include/x86_64-linux-gnu/bits/types/struct_osockaddr.h
[E 17:44:23 10388] Already archived /home/arun/Desktop/TakeDownHSS/CodeQL/RealWorldRepos/libextractor/libEXDB/src/usr/include/x86_64-linux-gnu/bits/socket2.h
[E 17:44:23 10388] Already archived /home/arun/Desktop/TakeDownHSS/CodeQL/RealWorldRepos/libextractor/libEXDB/src/usr/include/x86_64-linux-gnu/sys/mman.h
[E 17:44:23 10388] Already archived /home/arun/Desktop/TakeDownHSS/CodeQL/RealWorldRepos/libextractor/libEXDB/src/usr/lib/gcc/x86_64-linux-gnu/9/include/stddef.h
[E 17:44:23 10388] Already archived /home/arun/Desktop/TakeDownHSS/CodeQL/RealWorldRepos/libextractor/libEXDB/src/usr/include/x86_64-linux-gnu/bits/mman.h
[E 17:44:23 10388] Already archived /home/arun/Desktop/TakeDownHSS/CodeQL/RealWorldRepos/libextractor/libEXDB/src/usr/include/x86_64-linux-gnu/bits/mman-map-flags-generic.h
[E 17:44:23 10388] Already archived /home/arun/Desktop/TakeDownHSS/CodeQL/RealWorldRepos/libextractor/libEXDB/src/usr/include/x86_64-linux-gnu/bits/mman-linux.h
[E 17:44:23 10388] Already archived /home/arun/Desktop/TakeDownHSS/CodeQL/RealWorldRepos/libextractor/libEXDB/src/usr/include/x86_64-linux-gnu/bits/mman-shared.h
[E 17:44:23 10388] Already archived /home/arun/Desktop/TakeDownHSS/CodeQL/RealWorldRepos/libextractor/libEXDB/src/usr/include/netinet/in.h
[E 17:44:23 10388] Already archived /home/arun/Desktop/TakeDownHSS/CodeQL/RealWorldRepos/libextractor/libEXDB/src/usr/include/x86_64-linux-gnu/bits/in.h
[E 17:44:23 10388] Already archived /home/arun/Desktop/TakeDownHSS/CodeQL/RealWorldRepos/libextractor/libEXDB/src/usr/include/x86_64-linux-gnu/bits/byteswap.h
[E 17:44:23 10388] Already archived /home/arun/Desktop/TakeDownHSS/CodeQL/RealWorldRepos/libextractor/libEXDB/src/usr/include/x86_64-linux-gnu/bits/uintn-identity.h
[E 17:44:23 10388] Already archived /home/arun/Desktop/TakeDownHSS/CodeQL/RealWorldRepos/libextractor/libEXDB/src/usr/include/arpa/inet.h
[E 17:44:23 10388] Already archived /home/arun/Desktop/TakeDownHSS/CodeQL/RealWorldRepos/libextractor/libEXDB/src/usr/include/iconv.h
[E 17:44:23 10388] Already archived /home/arun/Desktop/TakeDownHSS/CodeQL/RealWorldRepos/libextractor/libEXDB/src/usr/lib/gcc/x86_64-linux-gnu/9/include/stddef.h
[E 17:44:23 10388] Already archived /home/arun/Desktop/TakeDownHSS/CodeQL/RealWorldRepos/libextractor/libEXDB/src/usr/include/langinfo.h
[E 17:44:23 10388] Already archived /home/arun/Desktop/TakeDownHSS/CodeQL/RealWorldRepos/libextractor/libEXDB/src/usr/include/nl_types.h
[E 17:44:23 10388] Already archived /home/arun/Desktop/TakeDownHSS/CodeQL/RealWorldRepos/libextractor/libEXDB/src/usr/include/x86_64-linux-gnu/bits/locale.h
[E 17:44:23 10388] Already archived /home/arun/Desktop/TakeDownHSS/CodeQL/RealWorldRepos/libextractor/libEXDB/src/home/arun/Desktop/TakeDownHSS/CodeQL/RealWorldRepos/libextractor/src/include/extractor.h
[E 17:44:23 10388] Already archived /home/arun/Desktop/TakeDownHSS/CodeQL/RealWorldRepos/libextractor/libEXDB/src/home/arun/Desktop/TakeDownHSS/CodeQL/RealWorldRepos/libextractor/src/main/extractor_common.h
[E 17:44:23 10388] Already archived /home/arun/Desktop/TakeDownHSS/CodeQL/RealWorldRepos/libextractor/libEXDB/src/home/arun/Desktop/TakeDownHSS/CodeQL/RealWorldRepos/libextractor/src/main/extractor_datasource.h
[E 17:44:23 10388] Already archived /home/arun/Desktop/TakeDownHSS/CodeQL/RealWorldRepos/libextractor/libEXDB/src/home/arun/Desktop/TakeDownHSS/CodeQL/RealWorldRepos/libextractor/src/main/extractor_plugins.h
[E 17:44:23 10388] Already archived /home/arun/Desktop/TakeDownHSS/CodeQL/RealWorldRepos/libextractor/libEXDB/src/usr/include/signal.h
[E 17:44:23 10388] Already archived /home/arun/Desktop/TakeDownHSS/CodeQL/RealWorldRepos/libextractor/libEXDB/src/usr/include/x86_64-linux-gnu/bits/signum.h
[E 17:44:23 10388] Already archived /home/arun/Desktop/TakeDownHSS/CodeQL/RealWorldRepos/libextractor/libEXDB/src/usr/include/x86_64-linux-gnu/bits/signum-generic.h
[E 17:44:23 10388] Already archived /home/arun/Desktop/TakeDownHSS/CodeQL/RealWorldRepos/libextractor/libEXDB/src/usr/include/x86_64-linux-gnu/bits/types/sig_atomic_t.h
[E 17:44:23 10388] Already archived /home/arun/Desktop/TakeDownHSS/CodeQL/RealWorldRepos/libextractor/libEXDB/src/usr/include/x86_64-linux-gnu/bits/types/siginfo_t.h
[E 17:44:23 10388] Already archived /home/arun/Desktop/TakeDownHSS/CodeQL/RealWorldRepos/libextractor/libEXDB/src/usr/include/x86_64-linux-gnu/bits/wordsize.h
[E 17:44:23 10388] Already archived /home/arun/Desktop/TakeDownHSS/CodeQL/RealWorldRepos/libextractor/libEXDB/src/usr/include/x86_64-linux-gnu/bits/types/__sigval_t.h
[E 17:44:23 10388] Already archived /home/arun/Desktop/TakeDownHSS/CodeQL/RealWorldRepos/libextractor/libEXDB/src/usr/include/x86_64-linux-gnu/bits/siginfo-arch.h
[E 17:44:23 10388] Already archived /home/arun/Desktop/TakeDownHSS/CodeQL/RealWorldRepos/libextractor/libEXDB/src/usr/include/x86_64-linux-gnu/bits/siginfo-consts.h
[E 17:44:23 10388] Already archived /home/arun/Desktop/TakeDownHSS/CodeQL/RealWorldRepos/libextractor/libEXDB/src/usr/include/x86_64-linux-gnu/bits/siginfo-consts-arch.h
[E 17:44:23 10388] Already archived /home/arun/Desktop/TakeDownHSS/CodeQL/RealWorldRepos/libextractor/libEXDB/src/usr/include/x86_64-linux-gnu/bits/types/sigval_t.h
[E 17:44:23 10388] Already archived /home/arun/Desktop/TakeDownHSS/CodeQL/RealWorldRepos/libextractor/libEXDB/src/usr/include/x86_64-linux-gnu/bits/types/sigevent_t.h
[E 17:44:23 10388] Already archived /home/arun/Desktop/TakeDownHSS/CodeQL/RealWorldRepos/libextractor/libEXDB/src/usr/include/x86_64-linux-gnu/bits/wordsize.h
[E 17:44:23 10388] Already archived /home/arun/Desktop/TakeDownHSS/CodeQL/RealWorldRepos/libextractor/libEXDB/src/usr/include/x86_64-linux-gnu/bits/sigevent-consts.h
[E 17:44:23 10388] Already archived /home/arun/Desktop/TakeDownHSS/CodeQL/RealWorldRepos/libextractor/libEXDB/src/usr/include/x86_64-linux-gnu/bits/sigaction.h
[E 17:44:23 10388] Already archived /home/arun/Desktop/TakeDownHSS/CodeQL/RealWorldRepos/libextractor/libEXDB/src/usr/include/x86_64-linux-gnu/bits/sigcontext.h
[E 17:44:23 10388] Already archived /home/arun/Desktop/TakeDownHSS/CodeQL/RealWorldRepos/libextractor/libEXDB/src/usr/lib/gcc/x86_64-linux-gnu/9/include/stddef.h
[E 17:44:23 10388] Already archived /home/arun/Desktop/TakeDownHSS/CodeQL/RealWorldRepos/libextractor/libEXDB/src/usr/include/x86_64-linux-gnu/bits/types/stack_t.h
[E 17:44:23 10388] Already archived /home/arun/Desktop/TakeDownHSS/CodeQL/RealWorldRepos/libextractor/libEXDB/src/usr/lib/gcc/x86_64-linux-gnu/9/include/stddef.h
[E 17:44:23 10388] Already archived /home/arun/Desktop/TakeDownHSS/CodeQL/RealWorldRepos/libextractor/libEXDB/src/usr/include/x86_64-linux-gnu/sys/ucontext.h
[E 17:44:23 10388] Already archived /home/arun/Desktop/TakeDownHSS/CodeQL/RealWorldRepos/libextractor/libEXDB/src/usr/include/x86_64-linux-gnu/bits/sigstack.h
[E 17:44:23 10388] Already archived /home/arun/Desktop/TakeDownHSS/CodeQL/RealWorldRepos/libextractor/libEXDB/src/usr/include/x86_64-linux-gnu/bits/ss_flags.h
[E 17:44:23 10388] Already archived /home/arun/Desktop/TakeDownHSS/CodeQL/RealWorldRepos/libextractor/libEXDB/src/usr/include/x86_64-linux-gnu/bits/types/struct_sigstack.h
[E 17:44:23 10388] Already archived /home/arun/Desktop/TakeDownHSS/CodeQL/RealWorldRepos/libextractor/libEXDB/src/usr/include/x86_64-linux-gnu/bits/sigthread.h
[E 17:44:23 10388] Already archived /home/arun/Desktop/TakeDownHSS/CodeQL/RealWorldRepos/libextractor/libEXDB/src/usr/include/x86_64-linux-gnu/bits/signal_ext.h
[E 17:44:23 10388] Already archived /home/arun/Desktop/TakeDownHSS/CodeQL/RealWorldRepos/libextractor/libEXDB/src/usr/include/ltdl.h
[E 17:44:23 10388] Already archived /home/arun/Desktop/TakeDownHSS/CodeQL/RealWorldRepos/libextractor/libEXDB/src/usr/include/libltdl/lt_system.h
[E 17:44:23 10388] Already archived /home/arun/Desktop/TakeDownHSS/CodeQL/RealWorldRepos/libextractor/libEXDB/src/usr/lib/gcc/x86_64-linux-gnu/9/include/stddef.h
[E 17:44:23 10388] Already archived /home/arun/Desktop/TakeDownHSS/CodeQL/RealWorldRepos/libextractor/libEXDB/src/usr/include/libltdl/lt_error.h
[E 17:44:23 10388] Already archived /home/arun/Desktop/TakeDownHSS/CodeQL/RealWorldRepos/libextractor/libEXDB/src/usr/include/libltdl/lt_system.h
[E 17:44:23 10388] Already archived /home/arun/Desktop/TakeDownHSS/CodeQL/RealWorldRepos/libextractor/libEXDB/src/usr/include/libltdl/lt_dlloader.h
[E 17:44:23 10388] Already archived /home/arun/Desktop/TakeDownHSS/CodeQL/RealWorldRepos/libextractor/libEXDB/src/usr/include/libltdl/lt_system.h
[E 17:44:23 10388] Already archived /home/arun/Desktop/TakeDownHSS/CodeQL/RealWorldRepos/libextractor/libEXDB/src/home/arun/Desktop/TakeDownHSS/CodeQL/RealWorldRepos/libextractor/src/main/extractor_ipc.h
[E 17:44:23 10388] Already archived /home/arun/Desktop/TakeDownHSS/CodeQL/RealWorldRepos/libextractor/libEXDB/src/home/arun/Desktop/TakeDownHSS/CodeQL/RealWorldRepos/libextractor/src/main/extractor_logging.h
[E 17:44:23 10388] Already archived /home/arun/Desktop/TakeDownHSS/CodeQL/RealWorldRepos/libextractor/libEXDB/src/home/arun/Desktop/TakeDownHSS/CodeQL/RealWorldRepos/libextractor/src/main/extractor_plugin_main.h
[E 17:44:23 10388] Already archived /home/arun/Desktop/TakeDownHSS/CodeQL/RealWorldRepos/libextractor/libEXDB/src/usr/include/dirent.h
[E 17:44:23 10388] Already archived /home/arun/Desktop/TakeDownHSS/CodeQL/RealWorldRepos/libextractor/libEXDB/src/usr/include/x86_64-linux-gnu/bits/dirent.h
[E 17:44:23 10388] Already archived /home/arun/Desktop/TakeDownHSS/CodeQL/RealWorldRepos/libextractor/libEXDB/src/usr/lib/gcc/x86_64-linux-gnu/9/include/stddef.h
[E 17:44:23 10388] Already archived /home/arun/Desktop/TakeDownHSS/CodeQL/RealWorldRepos/libextractor/libEXDB/src/usr/include/x86_64-linux-gnu/bits/dirent_ext.h
[E 17:44:23 10388] Already archived /home/arun/Desktop/TakeDownHSS/CodeQL/RealWorldRepos/libextractor/libEXDB/src/usr/include/x86_64-linux-gnu/sys/wait.h
[E 17:44:23 10388] Already archived /home/arun/Desktop/TakeDownHSS/CodeQL/RealWorldRepos/libextractor/libEXDB/src/usr/include/x86_64-linux-gnu/sys/shm.h
[E 17:44:23 10388] Already archived /home/arun/Desktop/TakeDownHSS/CodeQL/RealWorldRepos/libextractor/libEXDB/src/usr/lib/gcc/x86_64-linux-gnu/9/include/stddef.h
[E 17:44:23 10388] Already archived /home/arun/Desktop/TakeDownHSS/CodeQL/RealWorldRepos/libextractor/libEXDB/src/usr/include/x86_64-linux-gnu/sys/ipc.h
[E 17:44:23 10388] Already archived /home/arun/Desktop/TakeDownHSS/CodeQL/RealWorldRepos/libextractor/libEXDB/src/usr/include/x86_64-linux-gnu/bits/ipctypes.h
[E 17:44:23 10388] Already archived /home/arun/Desktop/TakeDownHSS/CodeQL/RealWorldRepos/libextractor/libEXDB/src/usr/include/x86_64-linux-gnu/bits/ipc.h
[E 17:44:23 10388] Already archived /home/arun/Desktop/TakeDownHSS/CodeQL/RealWorldRepos/libextractor/libEXDB/src/usr/include/x86_64-linux-gnu/bits/ipc-perm.h
[E 17:44:23 10388] Already archived /home/arun/Desktop/TakeDownHSS/CodeQL/RealWorldRepos/libextractor/libEXDB/src/usr/include/x86_64-linux-gnu/bits/shm.h
[E 17:44:23 10388] Already archived /home/arun/Desktop/TakeDownHSS/CodeQL/RealWorldRepos/libextractor/libEXDB/src/usr/include/x86_64-linux-gnu/bits/wordsize.h
[E 17:44:23 10388] Already archived /home/arun/Desktop/TakeDownHSS/CodeQL/RealWorldRepos/libextractor/libEXDB/src/usr/include/x86_64-linux-gnu/bits/shmlba.h
[E 17:44:23 10388] Already archived /home/arun/Desktop/TakeDownHSS/CodeQL/RealWorldRepos/libextractor/libEXDB/src/usr/include/x86_64-linux-gnu/bits/shm-pad.h
[E 17:44:23 10388] Already archived /home/arun/Desktop/TakeDownHSS/CodeQL/RealWorldRepos/libextractor/libEXDB/src/usr/include/x86_64-linux-gnu/bits/timesize.h
[E 17:44:23 10388] Creating trap tarball /home/arun/Desktop/TakeDownHSS/CodeQL/RealWorldRepos/libextractor/libEXDB/trap/cpp/tarballs/home/arun/Desktop/TakeDownHSS/CodeQL/RealWorldRepos/libextractor/src/main/extractor_plugin_main.c.1d3b3ac0_0.trap.tar.br
[E 17:44:23 10388] Emitting trap files for extractor_plugin_main.c
[E 17:44:23 10388] Opening existencedb in /home/arun/Desktop/TakeDownHSS/CodeQL/RealWorldRepos/libextractor/libEXDB/working/existencedb/db
[E 17:44:23 10388] Wrote 1 files to /home/arun/Desktop/TakeDownHSS/CodeQL/RealWorldRepos/libextractor/libEXDB/trap/cpp/tarballs/home/arun/Desktop/TakeDownHSS/CodeQL/RealWorldRepos/libextractor/src/main/extractor_plugin_main.c.1d3b3ac0_0.trap.tar.br
[E 17:44:23 10388] Finished compilation TRAP /home/arun/Desktop/TakeDownHSS/CodeQL/RealWorldRepos/libextractor/libEXDB/trap/cpp/compilations/22/22688226_0.trap.br
[E 17:44:23 10388] Marking C compilation as happened.
[E 17:44:23 10388] Setting tag c-compilation-happened
[E 17:44:23 10388] Starting from CODEQL_TRACER_DB_ID 0000000000002892_0000000000000001
[E 17:44:23 10388] Locking DB /home/arun/Desktop/TakeDownHSS/CodeQL/RealWorldRepos/libextractor/libEXDB/working/tags.db
[E 17:44:23 10388] Locked DB /home/arun/Desktop/TakeDownHSS/CodeQL/RealWorldRepos/libextractor/libEXDB/working/tags.db
[E 17:44:23 10388] Set tag for 0000000000002892_0000000000000001
[E 17:44:23 10388] Set tag for 0000000000002890_0000000000000001
[E 17:44:23 10388] Set tag for 000000000000285F_0000000000000002
[E 17:44:23 10388] Set tag for 000000000000285F_0000000000000001
[E 17:44:23 10388] Set tag for 0000000000002540_0000000000000001
[E 17:44:23 10388] Set tag for 000000000000253A_0000000000000001
[E 17:44:23 10388] Set tag for 0000000000002539_0000000000000001
[E 17:44:23 10388] Set tag for 000000000000252A_0000000000000001
[E 17:44:23 10388] Set tag for 0000000000002529_0000000000000001
[E 17:44:23 10388] Set tag for 000000000000251F_0000000000000001
[E 17:44:23 10388] Set tag for 000000000000251E_0000000000000002
[E 17:44:23 10388] Set tag for 000000000000251E_0000000000000001
[E 17:44:23 10388] Set tag for 000000000000251B_0000000000000001
[E 17:44:23 10388] Set tag for 0000000000002519_0000000000000001
[E 17:44:23 10388] Set tag for 00000000000014CC_0000000000000003
[E 17:44:23 10388] Set tag for 00000000000014CC_0000000000000002
[E 17:44:23 10388] Set tag for root
[E 17:44:23 10388] Unlocking DB
[E 17:44:23 10388] Unlocked DB
